{"level":"error","message":"this is server error"}
{"level":"error","message":"this is server error"}
{"level":"error","message":"this is server error"}
{"level":"error","message":"this is server error"}
{"level":"error","message":"this is server error"}
{"level":"error"}
{"level":"error","message":"this is server error"}
{"level":"error"}
{"level":"error","message":"this is server error"}
{"level":"error"}
{"level":"error","message":"this is server error"}
{"level":"error"}
{"level":"error","message":"this is server error"}
{"level":"error"}
{"level":"error","message":"this is server error"}
{"level":"error"}
{"level":"error","message":"this is server error"}
{"level":"error"}
{"level":"error","message":"this is server error"}
{"level":"error"}
{"level":"error","message":"this is server error"}
{"level":"error"}
{"level":"error","message":"this is server error"}
{"level":"error"}
{"level":"error","message":"this is server error"}
{"level":"error"}
{"level":"error","message":"this is server error"}
{"level":"error"}
{"level":"error","message":"this is server error"}
{"level":"error"}
{"level":"error","message":"this is server error"}
{"level":"error"}
{"level":"error","message":"this is server error"}
{"level":"error"}
{"level":"error","message":"this is server error"}
{"level":"error"}
{"level":"error","message":"this is server error"}
{"level":"error"}
{"level":"error","message":"this is server error"}
{"level":"error"}
{"level":"error","message":"this is server error"}
{"level":"error"}
{"level":"error","message":"this is server error"}
{"level":"error"}
{"level":"error","message":"this is server error","timestamp":"2024-04-03T21:19:46.948Z"}
{"level":"error","message":"this is from the error object","stack":"Error: this is from the error object\n    at Object.<anonymous> (D:\\Programming\\fullStack\\advanced-fullstack-projects\\chat-ape\\server\\app.js:72:24)\n    at Module._compile (node:internal/modules/cjs/loader:1376:14)\n    at Module._extensions..js (node:internal/modules/cjs/loader:1435:10)\n    at Module.load (node:internal/modules/cjs/loader:1207:32)\n    at Module._load (node:internal/modules/cjs/loader:1023:12)\n    at Function.executeUserEntryPoint [as runMain] (node:internal/modules/run_main:135:12)\n    at node:internal/main/run_main_module:28:49","timestamp":"2024-04-03T21:19:47.034Z"}
{"level":"error","message":"this is server error","timestamp":"2024-04-03T21:19:47.029Z"}
{"level":"error","message":"this is from the error object","stack":"Error: this is from the error object\n    at Object.<anonymous> (D:\\Programming\\fullStack\\advanced-fullstack-projects\\chat-ape\\server\\app.js:72:24)\n    at Module._compile (node:internal/modules/cjs/loader:1376:14)\n    at Module._extensions..js (node:internal/modules/cjs/loader:1435:10)\n    at Module.load (node:internal/modules/cjs/loader:1207:32)\n    at Module._load (node:internal/modules/cjs/loader:1023:12)\n    at Function.executeUserEntryPoint [as runMain] (node:internal/modules/run_main:135:12)\n    at node:internal/main/run_main_module:28:49","timestamp":"2024-04-03T21:19:47.068Z"}
{"level":"error","message":"this is server error","timestamp":"2024-04-03T21:19:47.081Z"}
{"level":"error","message":"this is from the error object","stack":"Error: this is from the error object\n    at Object.<anonymous> (D:\\Programming\\fullStack\\advanced-fullstack-projects\\chat-ape\\server\\app.js:72:24)\n    at Module._compile (node:internal/modules/cjs/loader:1376:14)\n    at Module._extensions..js (node:internal/modules/cjs/loader:1435:10)\n    at Module.load (node:internal/modules/cjs/loader:1207:32)\n    at Module._load (node:internal/modules/cjs/loader:1023:12)\n    at Function.executeUserEntryPoint [as runMain] (node:internal/modules/run_main:135:12)\n    at node:internal/main/run_main_module:28:49","timestamp":"2024-04-03T21:19:47.098Z"}
{"level":"error","message":"this is server error","timestamp":"2024-04-03T21:19:47.391Z"}
{"level":"error","message":"this is from the error object","stack":"Error: this is from the error object\n    at Object.<anonymous> (D:\\Programming\\fullStack\\advanced-fullstack-projects\\chat-ape\\server\\app.js:72:24)\n    at Module._compile (node:internal/modules/cjs/loader:1376:14)\n    at Module._extensions..js (node:internal/modules/cjs/loader:1435:10)\n    at Module.load (node:internal/modules/cjs/loader:1207:32)\n    at Module._load (node:internal/modules/cjs/loader:1023:12)\n    at Function.executeUserEntryPoint [as runMain] (node:internal/modules/run_main:135:12)\n    at node:internal/main/run_main_module:28:49","timestamp":"2024-04-03T21:19:47.404Z"}
{"level":"error","message":"this is server error","timestamp":"2024-04-03T21:24:59.657Z"}
{"level":"error","message":"this is from the error object","stack":"Error: this is from the error object\n    at Object.<anonymous> (D:\\Programming\\fullStack\\advanced-fullstack-projects\\chat-ape\\server\\app.js:72:24)\n    at Module._compile (node:internal/modules/cjs/loader:1376:14)\n    at Module._extensions..js (node:internal/modules/cjs/loader:1435:10)\n    at Module.load (node:internal/modules/cjs/loader:1207:32)\n    at Module._load (node:internal/modules/cjs/loader:1023:12)\n    at Function.executeUserEntryPoint [as runMain] (node:internal/modules/run_main:135:12)\n    at node:internal/main/run_main_module:28:49","timestamp":"2024-04-03T21:24:59.679Z"}
{"level":"error","message":"this is server error","timestamp":"2024-04-03T21:24:59.693Z"}
{"level":"error","message":"this is from the error object","stack":"Error: this is from the error object\n    at Object.<anonymous> (D:\\Programming\\fullStack\\advanced-fullstack-projects\\chat-ape\\server\\app.js:72:24)\n    at Module._compile (node:internal/modules/cjs/loader:1376:14)\n    at Module._extensions..js (node:internal/modules/cjs/loader:1435:10)\n    at Module.load (node:internal/modules/cjs/loader:1207:32)\n    at Module._load (node:internal/modules/cjs/loader:1023:12)\n    at Function.executeUserEntryPoint [as runMain] (node:internal/modules/run_main:135:12)\n    at node:internal/main/run_main_module:28:49","timestamp":"2024-04-03T21:24:59.706Z"}
{"level":"error","message":"this is server error","timestamp":"2024-04-03T21:24:59.753Z"}
{"level":"error","message":"this is from the error object","stack":"Error: this is from the error object\n    at Object.<anonymous> (D:\\Programming\\fullStack\\advanced-fullstack-projects\\chat-ape\\server\\app.js:72:24)\n    at Module._compile (node:internal/modules/cjs/loader:1376:14)\n    at Module._extensions..js (node:internal/modules/cjs/loader:1435:10)\n    at Module.load (node:internal/modules/cjs/loader:1207:32)\n    at Module._load (node:internal/modules/cjs/loader:1023:12)\n    at Function.executeUserEntryPoint [as runMain] (node:internal/modules/run_main:135:12)\n    at node:internal/main/run_main_module:28:49","timestamp":"2024-04-03T21:24:59.775Z"}
{"level":"error","message":"this is server error","timestamp":"2024-04-03T21:24:59.851Z"}
{"level":"error","message":"this is from the error object","stack":"Error: this is from the error object\n    at Object.<anonymous> (D:\\Programming\\fullStack\\advanced-fullstack-projects\\chat-ape\\server\\app.js:72:24)\n    at Module._compile (node:internal/modules/cjs/loader:1376:14)\n    at Module._extensions..js (node:internal/modules/cjs/loader:1435:10)\n    at Module.load (node:internal/modules/cjs/loader:1207:32)\n    at Module._load (node:internal/modules/cjs/loader:1023:12)\n    at Function.executeUserEntryPoint [as runMain] (node:internal/modules/run_main:135:12)\n    at node:internal/main/run_main_module:28:49","timestamp":"2024-04-03T21:24:59.894Z"}
{"level":"error","message":"this is server error","timestamp":"2024-04-03T21:25:12.066Z"}
{"level":"error","message":"this is from the error object","stack":"Error: this is from the error object\n    at Object.<anonymous> (D:\\Programming\\fullStack\\advanced-fullstack-projects\\chat-ape\\server\\app.js:72:24)\n    at Module._compile (node:internal/modules/cjs/loader:1376:14)\n    at Module._extensions..js (node:internal/modules/cjs/loader:1435:10)\n    at Module.load (node:internal/modules/cjs/loader:1207:32)\n    at Module._load (node:internal/modules/cjs/loader:1023:12)\n    at Function.executeUserEntryPoint [as runMain] (node:internal/modules/run_main:135:12)\n    at node:internal/main/run_main_module:28:49","timestamp":"2024-04-03T21:25:12.173Z"}
{"level":"error","message":"this is server error","timestamp":"2024-04-03T21:25:12.383Z"}
{"level":"error","message":"this is from the error object","stack":"Error: this is from the error object\n    at Object.<anonymous> (D:\\Programming\\fullStack\\advanced-fullstack-projects\\chat-ape\\server\\app.js:72:24)\n    at Module._compile (node:internal/modules/cjs/loader:1376:14)\n    at Module._extensions..js (node:internal/modules/cjs/loader:1435:10)\n    at Module.load (node:internal/modules/cjs/loader:1207:32)\n    at Module._load (node:internal/modules/cjs/loader:1023:12)\n    at Function.executeUserEntryPoint [as runMain] (node:internal/modules/run_main:135:12)\n    at node:internal/main/run_main_module:28:49","timestamp":"2024-04-03T21:25:12.463Z"}
{"level":"error","message":"this is server error","timestamp":"2024-04-03T21:25:12.467Z"}
{"level":"error","message":"this is from the error object","stack":"Error: this is from the error object\n    at Object.<anonymous> (D:\\Programming\\fullStack\\advanced-fullstack-projects\\chat-ape\\server\\app.js:72:24)\n    at Module._compile (node:internal/modules/cjs/loader:1376:14)\n    at Module._extensions..js (node:internal/modules/cjs/loader:1435:10)\n    at Module.load (node:internal/modules/cjs/loader:1207:32)\n    at Module._load (node:internal/modules/cjs/loader:1023:12)\n    at Function.executeUserEntryPoint [as runMain] (node:internal/modules/run_main:135:12)\n    at node:internal/main/run_main_module:28:49","timestamp":"2024-04-03T21:25:12.570Z"}
{"level":"error","message":"this is server error","timestamp":"2024-04-03T21:25:12.442Z"}
{"level":"error","message":"this is from the error object","stack":"Error: this is from the error object\n    at Object.<anonymous> (D:\\Programming\\fullStack\\advanced-fullstack-projects\\chat-ape\\server\\app.js:72:24)\n    at Module._compile (node:internal/modules/cjs/loader:1376:14)\n    at Module._extensions..js (node:internal/modules/cjs/loader:1435:10)\n    at Module.load (node:internal/modules/cjs/loader:1207:32)\n    at Module._load (node:internal/modules/cjs/loader:1023:12)\n    at Function.executeUserEntryPoint [as runMain] (node:internal/modules/run_main:135:12)\n    at node:internal/main/run_main_module:28:49","timestamp":"2024-04-03T21:25:12.636Z"}
{"level":"error","message":"this is server error","timestamp":"2024-04-03T21:25:37.398Z"}
{"level":"error","message":"this is from the error object","stack":"Error: this is from the error object\n    at Object.<anonymous> (D:\\Programming\\fullStack\\advanced-fullstack-projects\\chat-ape\\server\\app.js:72:24)\n    at Module._compile (node:internal/modules/cjs/loader:1376:14)\n    at Module._extensions..js (node:internal/modules/cjs/loader:1435:10)\n    at Module.load (node:internal/modules/cjs/loader:1207:32)\n    at Module._load (node:internal/modules/cjs/loader:1023:12)\n    at Function.executeUserEntryPoint [as runMain] (node:internal/modules/run_main:135:12)\n    at node:internal/main/run_main_module:28:49","timestamp":"2024-04-03T21:25:37.417Z"}
{"level":"error","message":"this is server error","timestamp":"2024-04-03T21:25:37.461Z"}
{"level":"error","message":"this is from the error object","stack":"Error: this is from the error object\n    at Object.<anonymous> (D:\\Programming\\fullStack\\advanced-fullstack-projects\\chat-ape\\server\\app.js:72:24)\n    at Module._compile (node:internal/modules/cjs/loader:1376:14)\n    at Module._extensions..js (node:internal/modules/cjs/loader:1435:10)\n    at Module.load (node:internal/modules/cjs/loader:1207:32)\n    at Module._load (node:internal/modules/cjs/loader:1023:12)\n    at Function.executeUserEntryPoint [as runMain] (node:internal/modules/run_main:135:12)\n    at node:internal/main/run_main_module:28:49","timestamp":"2024-04-03T21:25:37.469Z"}
{"level":"error","message":"this is server error","timestamp":"2024-04-03T21:25:37.540Z"}
{"level":"error","message":"this is from the error object","stack":"Error: this is from the error object\n    at Object.<anonymous> (D:\\Programming\\fullStack\\advanced-fullstack-projects\\chat-ape\\server\\app.js:72:24)\n    at Module._compile (node:internal/modules/cjs/loader:1376:14)\n    at Module._extensions..js (node:internal/modules/cjs/loader:1435:10)\n    at Module.load (node:internal/modules/cjs/loader:1207:32)\n    at Module._load (node:internal/modules/cjs/loader:1023:12)\n    at Function.executeUserEntryPoint [as runMain] (node:internal/modules/run_main:135:12)\n    at node:internal/main/run_main_module:28:49","timestamp":"2024-04-03T21:25:37.547Z"}
{"level":"error","message":"this is server error","timestamp":"2024-04-03T21:25:37.744Z"}
{"level":"error","message":"this is from the error object","stack":"Error: this is from the error object\n    at Object.<anonymous> (D:\\Programming\\fullStack\\advanced-fullstack-projects\\chat-ape\\server\\app.js:72:24)\n    at Module._compile (node:internal/modules/cjs/loader:1376:14)\n    at Module._extensions..js (node:internal/modules/cjs/loader:1435:10)\n    at Module.load (node:internal/modules/cjs/loader:1207:32)\n    at Module._load (node:internal/modules/cjs/loader:1023:12)\n    at Function.executeUserEntryPoint [as runMain] (node:internal/modules/run_main:135:12)\n    at node:internal/main/run_main_module:28:49","timestamp":"2024-04-03T21:25:37.748Z"}
{"level":"error","message":"this is server error","timestamp":"2024-04-03T21:27:06.024Z"}
{"level":"error","message":"this is from the error object","stack":"Error: this is from the error object\n    at Object.<anonymous> (D:\\Programming\\fullStack\\advanced-fullstack-projects\\chat-ape\\server\\app.js:72:24)\n    at Module._compile (node:internal/modules/cjs/loader:1376:14)\n    at Module._extensions..js (node:internal/modules/cjs/loader:1435:10)\n    at Module.load (node:internal/modules/cjs/loader:1207:32)\n    at Module._load (node:internal/modules/cjs/loader:1023:12)\n    at Function.executeUserEntryPoint [as runMain] (node:internal/modules/run_main:135:12)\n    at node:internal/main/run_main_module:28:49","timestamp":"2024-04-03T21:27:06.043Z"}
{"level":"error","message":"this is server error","timestamp":"2024-04-03T21:27:06.143Z"}
{"level":"error","message":"this is from the error object","stack":"Error: this is from the error object\n    at Object.<anonymous> (D:\\Programming\\fullStack\\advanced-fullstack-projects\\chat-ape\\server\\app.js:72:24)\n    at Module._compile (node:internal/modules/cjs/loader:1376:14)\n    at Module._extensions..js (node:internal/modules/cjs/loader:1435:10)\n    at Module.load (node:internal/modules/cjs/loader:1207:32)\n    at Module._load (node:internal/modules/cjs/loader:1023:12)\n    at Function.executeUserEntryPoint [as runMain] (node:internal/modules/run_main:135:12)\n    at node:internal/main/run_main_module:28:49","timestamp":"2024-04-03T21:27:06.149Z"}
{"level":"error","message":"this is server error","timestamp":"2024-04-03T21:27:06.302Z"}
{"level":"error","message":"this is from the error object","stack":"Error: this is from the error object\n    at Object.<anonymous> (D:\\Programming\\fullStack\\advanced-fullstack-projects\\chat-ape\\server\\app.js:72:24)\n    at Module._compile (node:internal/modules/cjs/loader:1376:14)\n    at Module._extensions..js (node:internal/modules/cjs/loader:1435:10)\n    at Module.load (node:internal/modules/cjs/loader:1207:32)\n    at Module._load (node:internal/modules/cjs/loader:1023:12)\n    at Function.executeUserEntryPoint [as runMain] (node:internal/modules/run_main:135:12)\n    at node:internal/main/run_main_module:28:49","timestamp":"2024-04-03T21:27:06.326Z"}
{"level":"error","message":"this is server error","timestamp":"2024-04-03T21:27:06.468Z"}
{"level":"error","message":"this is from the error object","stack":"Error: this is from the error object\n    at Object.<anonymous> (D:\\Programming\\fullStack\\advanced-fullstack-projects\\chat-ape\\server\\app.js:72:24)\n    at Module._compile (node:internal/modules/cjs/loader:1376:14)\n    at Module._extensions..js (node:internal/modules/cjs/loader:1435:10)\n    at Module.load (node:internal/modules/cjs/loader:1207:32)\n    at Module._load (node:internal/modules/cjs/loader:1023:12)\n    at Function.executeUserEntryPoint [as runMain] (node:internal/modules/run_main:135:12)\n    at node:internal/main/run_main_module:28:49","timestamp":"2024-04-03T21:27:06.473Z"}
{"level":"error","message":"this is server error","timestamp":"2024-04-03T21:28:06.282Z"}
{"level":"error","message":"this is from the error object","stack":"Error: this is from the error object\n    at Object.<anonymous> (D:\\Programming\\fullStack\\advanced-fullstack-projects\\chat-ape\\server\\app.js:72:24)\n    at Module._compile (node:internal/modules/cjs/loader:1376:14)\n    at Module._extensions..js (node:internal/modules/cjs/loader:1435:10)\n    at Module.load (node:internal/modules/cjs/loader:1207:32)\n    at Module._load (node:internal/modules/cjs/loader:1023:12)\n    at Function.executeUserEntryPoint [as runMain] (node:internal/modules/run_main:135:12)\n    at node:internal/main/run_main_module:28:49","timestamp":"2024-04-03T21:28:06.333Z"}
{"level":"error","message":"this is server error","timestamp":"2024-04-03T21:28:06.369Z"}
{"level":"error","message":"this is from the error object","stack":"Error: this is from the error object\n    at Object.<anonymous> (D:\\Programming\\fullStack\\advanced-fullstack-projects\\chat-ape\\server\\app.js:72:24)\n    at Module._compile (node:internal/modules/cjs/loader:1376:14)\n    at Module._extensions..js (node:internal/modules/cjs/loader:1435:10)\n    at Module.load (node:internal/modules/cjs/loader:1207:32)\n    at Module._load (node:internal/modules/cjs/loader:1023:12)\n    at Function.executeUserEntryPoint [as runMain] (node:internal/modules/run_main:135:12)\n    at node:internal/main/run_main_module:28:49","timestamp":"2024-04-03T21:28:06.398Z"}
{"level":"error","message":"this is server error","timestamp":"2024-04-03T21:28:06.511Z"}
{"level":"error","message":"this is from the error object","stack":"Error: this is from the error object\n    at Object.<anonymous> (D:\\Programming\\fullStack\\advanced-fullstack-projects\\chat-ape\\server\\app.js:72:24)\n    at Module._compile (node:internal/modules/cjs/loader:1376:14)\n    at Module._extensions..js (node:internal/modules/cjs/loader:1435:10)\n    at Module.load (node:internal/modules/cjs/loader:1207:32)\n    at Module._load (node:internal/modules/cjs/loader:1023:12)\n    at Function.executeUserEntryPoint [as runMain] (node:internal/modules/run_main:135:12)\n    at node:internal/main/run_main_module:28:49","timestamp":"2024-04-03T21:28:06.562Z"}
{"level":"error","message":"this is server error","timestamp":"2024-04-03T21:28:06.776Z"}
{"level":"error","message":"this is from the error object","stack":"Error: this is from the error object\n    at Object.<anonymous> (D:\\Programming\\fullStack\\advanced-fullstack-projects\\chat-ape\\server\\app.js:72:24)\n    at Module._compile (node:internal/modules/cjs/loader:1376:14)\n    at Module._extensions..js (node:internal/modules/cjs/loader:1435:10)\n    at Module.load (node:internal/modules/cjs/loader:1207:32)\n    at Module._load (node:internal/modules/cjs/loader:1023:12)\n    at Function.executeUserEntryPoint [as runMain] (node:internal/modules/run_main:135:12)\n    at node:internal/main/run_main_module:28:49","timestamp":"2024-04-03T21:28:06.803Z"}
{"level":"error","message":"this is server error","timestamp":"2024-04-03T21:28:40.831Z"}
{"level":"error","message":"this is from the error object","stack":"Error: this is from the error object\n    at Object.<anonymous> (D:\\Programming\\fullStack\\advanced-fullstack-projects\\chat-ape\\server\\app.js:72:24)\n    at Module._compile (node:internal/modules/cjs/loader:1376:14)\n    at Module._extensions..js (node:internal/modules/cjs/loader:1435:10)\n    at Module.load (node:internal/modules/cjs/loader:1207:32)\n    at Module._load (node:internal/modules/cjs/loader:1023:12)\n    at Function.executeUserEntryPoint [as runMain] (node:internal/modules/run_main:135:12)\n    at node:internal/main/run_main_module:28:49","timestamp":"2024-04-03T21:28:40.875Z"}
{"level":"error","message":"this is server error","timestamp":"2024-04-03T21:28:40.879Z"}
{"level":"error","message":"this is from the error object","stack":"Error: this is from the error object\n    at Object.<anonymous> (D:\\Programming\\fullStack\\advanced-fullstack-projects\\chat-ape\\server\\app.js:72:24)\n    at Module._compile (node:internal/modules/cjs/loader:1376:14)\n    at Module._extensions..js (node:internal/modules/cjs/loader:1435:10)\n    at Module.load (node:internal/modules/cjs/loader:1207:32)\n    at Module._load (node:internal/modules/cjs/loader:1023:12)\n    at Function.executeUserEntryPoint [as runMain] (node:internal/modules/run_main:135:12)\n    at node:internal/main/run_main_module:28:49","timestamp":"2024-04-03T21:28:40.935Z"}
{"level":"error","message":"this is server error","timestamp":"2024-04-03T21:29:00.385Z"}
{"level":"error","message":"this is from the error object","stack":"Error: this is from the error object\n    at Object.<anonymous> (D:\\Programming\\fullStack\\advanced-fullstack-projects\\chat-ape\\server\\app.js:72:24)\n    at Module._compile (node:internal/modules/cjs/loader:1376:14)\n    at Module._extensions..js (node:internal/modules/cjs/loader:1435:10)\n    at Module.load (node:internal/modules/cjs/loader:1207:32)\n    at Module._load (node:internal/modules/cjs/loader:1023:12)\n    at Function.executeUserEntryPoint [as runMain] (node:internal/modules/run_main:135:12)\n    at node:internal/main/run_main_module:28:49","timestamp":"2024-04-03T21:29:00.426Z"}
{"level":"error","message":"this is server error","timestamp":"2024-04-03T21:29:00.436Z"}
{"level":"error","message":"this is from the error object","stack":"Error: this is from the error object\n    at Object.<anonymous> (D:\\Programming\\fullStack\\advanced-fullstack-projects\\chat-ape\\server\\app.js:72:24)\n    at Module._compile (node:internal/modules/cjs/loader:1376:14)\n    at Module._extensions..js (node:internal/modules/cjs/loader:1435:10)\n    at Module.load (node:internal/modules/cjs/loader:1207:32)\n    at Module._load (node:internal/modules/cjs/loader:1023:12)\n    at Function.executeUserEntryPoint [as runMain] (node:internal/modules/run_main:135:12)\n    at node:internal/main/run_main_module:28:49","timestamp":"2024-04-03T21:29:00.483Z"}
{"level":"error","message":"this is server error","timestamp":"2024-04-03T21:29:00.444Z"}
{"level":"error","message":"this is from the error object","stack":"Error: this is from the error object\n    at Object.<anonymous> (D:\\Programming\\fullStack\\advanced-fullstack-projects\\chat-ape\\server\\app.js:72:24)\n    at Module._compile (node:internal/modules/cjs/loader:1376:14)\n    at Module._extensions..js (node:internal/modules/cjs/loader:1435:10)\n    at Module.load (node:internal/modules/cjs/loader:1207:32)\n    at Module._load (node:internal/modules/cjs/loader:1023:12)\n    at Function.executeUserEntryPoint [as runMain] (node:internal/modules/run_main:135:12)\n    at node:internal/main/run_main_module:28:49","timestamp":"2024-04-03T21:29:00.562Z"}
{"level":"error","message":"this is server error","timestamp":"2024-04-03T21:29:00.867Z"}
{"level":"error","message":"this is from the error object","stack":"Error: this is from the error object\n    at Object.<anonymous> (D:\\Programming\\fullStack\\advanced-fullstack-projects\\chat-ape\\server\\app.js:72:24)\n    at Module._compile (node:internal/modules/cjs/loader:1376:14)\n    at Module._extensions..js (node:internal/modules/cjs/loader:1435:10)\n    at Module.load (node:internal/modules/cjs/loader:1207:32)\n    at Module._load (node:internal/modules/cjs/loader:1023:12)\n    at Function.executeUserEntryPoint [as runMain] (node:internal/modules/run_main:135:12)\n    at node:internal/main/run_main_module:28:49","timestamp":"2024-04-03T21:29:00.869Z"}
{"level":"error","message":"this is server error","timestamp":"2024-04-03T21:29:36.309Z"}
{"level":"error","message":"this is from the error object","stack":"Error: this is from the error object\n    at Object.<anonymous> (D:\\Programming\\fullStack\\advanced-fullstack-projects\\chat-ape\\server\\app.js:72:24)\n    at Module._compile (node:internal/modules/cjs/loader:1376:14)\n    at Module._extensions..js (node:internal/modules/cjs/loader:1435:10)\n    at Module.load (node:internal/modules/cjs/loader:1207:32)\n    at Module._load (node:internal/modules/cjs/loader:1023:12)\n    at Function.executeUserEntryPoint [as runMain] (node:internal/modules/run_main:135:12)\n    at node:internal/main/run_main_module:28:49","timestamp":"2024-04-03T21:29:36.358Z"}
{"level":"error","message":"this is server error","timestamp":"2024-04-03T21:29:36.390Z"}
{"level":"error","message":"this is from the error object","stack":"Error: this is from the error object\n    at Object.<anonymous> (D:\\Programming\\fullStack\\advanced-fullstack-projects\\chat-ape\\server\\app.js:72:24)\n    at Module._compile (node:internal/modules/cjs/loader:1376:14)\n    at Module._extensions..js (node:internal/modules/cjs/loader:1435:10)\n    at Module.load (node:internal/modules/cjs/loader:1207:32)\n    at Module._load (node:internal/modules/cjs/loader:1023:12)\n    at Function.executeUserEntryPoint [as runMain] (node:internal/modules/run_main:135:12)\n    at node:internal/main/run_main_module:28:49","timestamp":"2024-04-03T21:29:36.495Z"}
{"level":"error","message":"this is server error","timestamp":"2024-04-03T21:29:36.801Z"}
{"level":"error","message":"this is from the error object","stack":"Error: this is from the error object\n    at Object.<anonymous> (D:\\Programming\\fullStack\\advanced-fullstack-projects\\chat-ape\\server\\app.js:72:24)\n    at Module._compile (node:internal/modules/cjs/loader:1376:14)\n    at Module._extensions..js (node:internal/modules/cjs/loader:1435:10)\n    at Module.load (node:internal/modules/cjs/loader:1207:32)\n    at Module._load (node:internal/modules/cjs/loader:1023:12)\n    at Function.executeUserEntryPoint [as runMain] (node:internal/modules/run_main:135:12)\n    at node:internal/main/run_main_module:28:49","timestamp":"2024-04-03T21:29:36.823Z"}
{"level":"error","message":"this is server error","timestamp":"2024-04-03T21:29:36.917Z"}
{"level":"error","message":"this is from the error object","stack":"Error: this is from the error object\n    at Object.<anonymous> (D:\\Programming\\fullStack\\advanced-fullstack-projects\\chat-ape\\server\\app.js:72:24)\n    at Module._compile (node:internal/modules/cjs/loader:1376:14)\n    at Module._extensions..js (node:internal/modules/cjs/loader:1435:10)\n    at Module.load (node:internal/modules/cjs/loader:1207:32)\n    at Module._load (node:internal/modules/cjs/loader:1023:12)\n    at Function.executeUserEntryPoint [as runMain] (node:internal/modules/run_main:135:12)\n    at node:internal/main/run_main_module:28:49","timestamp":"2024-04-03T21:29:36.992Z"}
{"level":"error","message":"this is server error","timestamp":"2024-04-03T21:29:42.701Z"}
{"level":"error","message":"this is from the error object","stack":"Error: this is from the error object\n    at Object.<anonymous> (D:\\Programming\\fullStack\\advanced-fullstack-projects\\chat-ape\\server\\app.js:72:24)\n    at Module._compile (node:internal/modules/cjs/loader:1376:14)\n    at Module._extensions..js (node:internal/modules/cjs/loader:1435:10)\n    at Module.load (node:internal/modules/cjs/loader:1207:32)\n    at Module._load (node:internal/modules/cjs/loader:1023:12)\n    at Function.executeUserEntryPoint [as runMain] (node:internal/modules/run_main:135:12)\n    at node:internal/main/run_main_module:28:49","timestamp":"2024-04-03T21:29:42.785Z"}
{"level":"error","message":"this is server error","timestamp":"2024-04-03T21:29:42.723Z"}
{"level":"error","message":"this is from the error object","stack":"Error: this is from the error object\n    at Object.<anonymous> (D:\\Programming\\fullStack\\advanced-fullstack-projects\\chat-ape\\server\\app.js:72:24)\n    at Module._compile (node:internal/modules/cjs/loader:1376:14)\n    at Module._extensions..js (node:internal/modules/cjs/loader:1435:10)\n    at Module.load (node:internal/modules/cjs/loader:1207:32)\n    at Module._load (node:internal/modules/cjs/loader:1023:12)\n    at Function.executeUserEntryPoint [as runMain] (node:internal/modules/run_main:135:12)\n    at node:internal/main/run_main_module:28:49","timestamp":"2024-04-03T21:29:42.841Z"}
{"level":"error","message":"this is server error","timestamp":"2024-04-03T21:29:42.877Z"}
{"level":"error","message":"this is from the error object","stack":"Error: this is from the error object\n    at Object.<anonymous> (D:\\Programming\\fullStack\\advanced-fullstack-projects\\chat-ape\\server\\app.js:72:24)\n    at Module._compile (node:internal/modules/cjs/loader:1376:14)\n    at Module._extensions..js (node:internal/modules/cjs/loader:1435:10)\n    at Module.load (node:internal/modules/cjs/loader:1207:32)\n    at Module._load (node:internal/modules/cjs/loader:1023:12)\n    at Function.executeUserEntryPoint [as runMain] (node:internal/modules/run_main:135:12)\n    at node:internal/main/run_main_module:28:49","timestamp":"2024-04-03T21:29:42.895Z"}
{"level":"error","message":"this is server error","timestamp":"2024-04-03T21:29:43.175Z"}
{"level":"error","message":"this is from the error object","stack":"Error: this is from the error object\n    at Object.<anonymous> (D:\\Programming\\fullStack\\advanced-fullstack-projects\\chat-ape\\server\\app.js:72:24)\n    at Module._compile (node:internal/modules/cjs/loader:1376:14)\n    at Module._extensions..js (node:internal/modules/cjs/loader:1435:10)\n    at Module.load (node:internal/modules/cjs/loader:1207:32)\n    at Module._load (node:internal/modules/cjs/loader:1023:12)\n    at Function.executeUserEntryPoint [as runMain] (node:internal/modules/run_main:135:12)\n    at node:internal/main/run_main_module:28:49","timestamp":"2024-04-03T21:29:43.201Z"}
{"level":"error","message":"this is server error","timestamp":"2024-04-03T21:31:20.203Z"}
{"level":"error","message":"this is from the error object","stack":"Error: this is from the error object\n    at Object.<anonymous> (D:\\Programming\\fullStack\\advanced-fullstack-projects\\chat-ape\\server\\app.js:72:24)\n    at Module._compile (node:internal/modules/cjs/loader:1376:14)\n    at Module._extensions..js (node:internal/modules/cjs/loader:1435:10)\n    at Module.load (node:internal/modules/cjs/loader:1207:32)\n    at Module._load (node:internal/modules/cjs/loader:1023:12)\n    at Function.executeUserEntryPoint [as runMain] (node:internal/modules/run_main:135:12)\n    at node:internal/main/run_main_module:28:49","timestamp":"2024-04-03T21:31:20.275Z"}
{"level":"error","message":"this is server error","timestamp":"2024-04-03T21:31:20.316Z"}
{"level":"error","message":"this is from the error object","stack":"Error: this is from the error object\n    at Object.<anonymous> (D:\\Programming\\fullStack\\advanced-fullstack-projects\\chat-ape\\server\\app.js:72:24)\n    at Module._compile (node:internal/modules/cjs/loader:1376:14)\n    at Module._extensions..js (node:internal/modules/cjs/loader:1435:10)\n    at Module.load (node:internal/modules/cjs/loader:1207:32)\n    at Module._load (node:internal/modules/cjs/loader:1023:12)\n    at Function.executeUserEntryPoint [as runMain] (node:internal/modules/run_main:135:12)\n    at node:internal/main/run_main_module:28:49","timestamp":"2024-04-03T21:31:20.392Z"}
{"level":"error","message":"this is server error","timestamp":"2024-04-03T21:31:20.437Z"}
{"level":"error","message":"this is from the error object","stack":"Error: this is from the error object\n    at Object.<anonymous> (D:\\Programming\\fullStack\\advanced-fullstack-projects\\chat-ape\\server\\app.js:72:24)\n    at Module._compile (node:internal/modules/cjs/loader:1376:14)\n    at Module._extensions..js (node:internal/modules/cjs/loader:1435:10)\n    at Module.load (node:internal/modules/cjs/loader:1207:32)\n    at Module._load (node:internal/modules/cjs/loader:1023:12)\n    at Function.executeUserEntryPoint [as runMain] (node:internal/modules/run_main:135:12)\n    at node:internal/main/run_main_module:28:49","timestamp":"2024-04-03T21:31:20.486Z"}
{"level":"error","message":"this is server error","timestamp":"2024-04-03T21:31:20.684Z"}
{"level":"error","message":"this is from the error object","stack":"Error: this is from the error object\n    at Object.<anonymous> (D:\\Programming\\fullStack\\advanced-fullstack-projects\\chat-ape\\server\\app.js:72:24)\n    at Module._compile (node:internal/modules/cjs/loader:1376:14)\n    at Module._extensions..js (node:internal/modules/cjs/loader:1435:10)\n    at Module.load (node:internal/modules/cjs/loader:1207:32)\n    at Module._load (node:internal/modules/cjs/loader:1023:12)\n    at Function.executeUserEntryPoint [as runMain] (node:internal/modules/run_main:135:12)\n    at node:internal/main/run_main_module:28:49","timestamp":"2024-04-03T21:31:20.746Z"}
{"level":"error","message":"this is server error","timestamp":"2024-04-03T21:31:54.142Z"}
{"level":"error","message":"this is from the error object","stack":"Error: this is from the error object\n    at Object.<anonymous> (D:\\Programming\\fullStack\\advanced-fullstack-projects\\chat-ape\\server\\app.js:72:24)\n    at Module._compile (node:internal/modules/cjs/loader:1376:14)\n    at Module._extensions..js (node:internal/modules/cjs/loader:1435:10)\n    at Module.load (node:internal/modules/cjs/loader:1207:32)\n    at Module._load (node:internal/modules/cjs/loader:1023:12)\n    at Function.executeUserEntryPoint [as runMain] (node:internal/modules/run_main:135:12)\n    at node:internal/main/run_main_module:28:49","timestamp":"2024-04-03T21:31:54.246Z"}
{"level":"error","message":"this is server error","timestamp":"2024-04-03T21:31:54.297Z"}
{"level":"error","message":"this is from the error object","stack":"Error: this is from the error object\n    at Object.<anonymous> (D:\\Programming\\fullStack\\advanced-fullstack-projects\\chat-ape\\server\\app.js:72:24)\n    at Module._compile (node:internal/modules/cjs/loader:1376:14)\n    at Module._extensions..js (node:internal/modules/cjs/loader:1435:10)\n    at Module.load (node:internal/modules/cjs/loader:1207:32)\n    at Module._load (node:internal/modules/cjs/loader:1023:12)\n    at Function.executeUserEntryPoint [as runMain] (node:internal/modules/run_main:135:12)\n    at node:internal/main/run_main_module:28:49","timestamp":"2024-04-03T21:31:54.303Z"}
{"level":"error","message":"this is server error","timestamp":"2024-04-03T21:31:54.401Z"}
{"level":"error","message":"this is from the error object","stack":"Error: this is from the error object\n    at Object.<anonymous> (D:\\Programming\\fullStack\\advanced-fullstack-projects\\chat-ape\\server\\app.js:72:24)\n    at Module._compile (node:internal/modules/cjs/loader:1376:14)\n    at Module._extensions..js (node:internal/modules/cjs/loader:1435:10)\n    at Module.load (node:internal/modules/cjs/loader:1207:32)\n    at Module._load (node:internal/modules/cjs/loader:1023:12)\n    at Function.executeUserEntryPoint [as runMain] (node:internal/modules/run_main:135:12)\n    at node:internal/main/run_main_module:28:49","timestamp":"2024-04-03T21:31:54.412Z"}
{"level":"error","message":"this is server error","timestamp":"2024-04-03T21:31:54.474Z"}
{"level":"error","message":"this is from the error object","stack":"Error: this is from the error object\n    at Object.<anonymous> (D:\\Programming\\fullStack\\advanced-fullstack-projects\\chat-ape\\server\\app.js:72:24)\n    at Module._compile (node:internal/modules/cjs/loader:1376:14)\n    at Module._extensions..js (node:internal/modules/cjs/loader:1435:10)\n    at Module.load (node:internal/modules/cjs/loader:1207:32)\n    at Module._load (node:internal/modules/cjs/loader:1023:12)\n    at Function.executeUserEntryPoint [as runMain] (node:internal/modules/run_main:135:12)\n    at node:internal/main/run_main_module:28:49","timestamp":"2024-04-03T21:31:54.514Z"}
{"level":"error","message":"this is server error","timestamp":"2024-04-03T21:34:58.600Z"}
{"level":"error","message":"this is from the error object","stack":"Error: this is from the error object\n    at Object.<anonymous> (D:\\Programming\\fullStack\\advanced-fullstack-projects\\chat-ape\\server\\app.js:72:24)\n    at Module._compile (node:internal/modules/cjs/loader:1376:14)\n    at Module._extensions..js (node:internal/modules/cjs/loader:1435:10)\n    at Module.load (node:internal/modules/cjs/loader:1207:32)\n    at Module._load (node:internal/modules/cjs/loader:1023:12)\n    at Function.executeUserEntryPoint [as runMain] (node:internal/modules/run_main:135:12)\n    at node:internal/main/run_main_module:28:49","timestamp":"2024-04-03T21:34:58.629Z"}
{"level":"error","message":"this is server error","timestamp":"2024-04-03T21:34:58.645Z"}
{"level":"error","message":"this is from the error object","stack":"Error: this is from the error object\n    at Object.<anonymous> (D:\\Programming\\fullStack\\advanced-fullstack-projects\\chat-ape\\server\\app.js:72:24)\n    at Module._compile (node:internal/modules/cjs/loader:1376:14)\n    at Module._extensions..js (node:internal/modules/cjs/loader:1435:10)\n    at Module.load (node:internal/modules/cjs/loader:1207:32)\n    at Module._load (node:internal/modules/cjs/loader:1023:12)\n    at Function.executeUserEntryPoint [as runMain] (node:internal/modules/run_main:135:12)\n    at node:internal/main/run_main_module:28:49","timestamp":"2024-04-03T21:34:58.688Z"}
{"level":"error","message":"this is server error","timestamp":"2024-04-03T21:34:58.819Z"}
{"level":"error","message":"this is from the error object","stack":"Error: this is from the error object\n    at Object.<anonymous> (D:\\Programming\\fullStack\\advanced-fullstack-projects\\chat-ape\\server\\app.js:72:24)\n    at Module._compile (node:internal/modules/cjs/loader:1376:14)\n    at Module._extensions..js (node:internal/modules/cjs/loader:1435:10)\n    at Module.load (node:internal/modules/cjs/loader:1207:32)\n    at Module._load (node:internal/modules/cjs/loader:1023:12)\n    at Function.executeUserEntryPoint [as runMain] (node:internal/modules/run_main:135:12)\n    at node:internal/main/run_main_module:28:49","timestamp":"2024-04-03T21:34:58.824Z"}
{"level":"error","message":"this is server error","timestamp":"2024-04-03T21:34:58.845Z"}
{"level":"error","message":"this is from the error object","stack":"Error: this is from the error object\n    at Object.<anonymous> (D:\\Programming\\fullStack\\advanced-fullstack-projects\\chat-ape\\server\\app.js:72:24)\n    at Module._compile (node:internal/modules/cjs/loader:1376:14)\n    at Module._extensions..js (node:internal/modules/cjs/loader:1435:10)\n    at Module.load (node:internal/modules/cjs/loader:1207:32)\n    at Module._load (node:internal/modules/cjs/loader:1023:12)\n    at Function.executeUserEntryPoint [as runMain] (node:internal/modules/run_main:135:12)\n    at node:internal/main/run_main_module:28:49","timestamp":"2024-04-03T21:34:58.851Z"}
{"level":"error","message":"this is server error","timestamp":"2024-04-03T21:36:00.956Z"}
{"level":"error","message":"this is from the error object","stack":"Error: this is from the error object\n    at Object.<anonymous> (D:\\Programming\\fullStack\\advanced-fullstack-projects\\chat-ape\\server\\app.js:72:24)\n    at Module._compile (node:internal/modules/cjs/loader:1376:14)\n    at Module._extensions..js (node:internal/modules/cjs/loader:1435:10)\n    at Module.load (node:internal/modules/cjs/loader:1207:32)\n    at Module._load (node:internal/modules/cjs/loader:1023:12)\n    at Function.executeUserEntryPoint [as runMain] (node:internal/modules/run_main:135:12)\n    at node:internal/main/run_main_module:28:49","timestamp":"2024-04-03T21:36:00.993Z"}
{"level":"error","message":"this is server error","timestamp":"2024-04-03T21:36:01.070Z"}
{"level":"error","message":"this is from the error object","stack":"Error: this is from the error object\n    at Object.<anonymous> (D:\\Programming\\fullStack\\advanced-fullstack-projects\\chat-ape\\server\\app.js:72:24)\n    at Module._compile (node:internal/modules/cjs/loader:1376:14)\n    at Module._extensions..js (node:internal/modules/cjs/loader:1435:10)\n    at Module.load (node:internal/modules/cjs/loader:1207:32)\n    at Module._load (node:internal/modules/cjs/loader:1023:12)\n    at Function.executeUserEntryPoint [as runMain] (node:internal/modules/run_main:135:12)\n    at node:internal/main/run_main_module:28:49","timestamp":"2024-04-03T21:36:01.086Z"}
{"level":"error","message":"this is server error","timestamp":"2024-04-03T21:36:01.040Z"}
{"level":"error","message":"this is from the error object","stack":"Error: this is from the error object\n    at Object.<anonymous> (D:\\Programming\\fullStack\\advanced-fullstack-projects\\chat-ape\\server\\app.js:72:24)\n    at Module._compile (node:internal/modules/cjs/loader:1376:14)\n    at Module._extensions..js (node:internal/modules/cjs/loader:1435:10)\n    at Module.load (node:internal/modules/cjs/loader:1207:32)\n    at Module._load (node:internal/modules/cjs/loader:1023:12)\n    at Function.executeUserEntryPoint [as runMain] (node:internal/modules/run_main:135:12)\n    at node:internal/main/run_main_module:28:49","timestamp":"2024-04-03T21:36:01.102Z"}
{"level":"error","message":"this is server error","timestamp":"2024-04-03T21:36:01.450Z"}
{"level":"error","message":"this is from the error object","stack":"Error: this is from the error object\n    at Object.<anonymous> (D:\\Programming\\fullStack\\advanced-fullstack-projects\\chat-ape\\server\\app.js:72:24)\n    at Module._compile (node:internal/modules/cjs/loader:1376:14)\n    at Module._extensions..js (node:internal/modules/cjs/loader:1435:10)\n    at Module.load (node:internal/modules/cjs/loader:1207:32)\n    at Module._load (node:internal/modules/cjs/loader:1023:12)\n    at Function.executeUserEntryPoint [as runMain] (node:internal/modules/run_main:135:12)\n    at node:internal/main/run_main_module:28:49","timestamp":"2024-04-03T21:36:01.455Z"}
