{"level":"info","message":"new account for the google user created","timestamp":"2024-04-20T20:53:18.592Z"}
{"level":"info","message":"follow request successfully sent","timestamp":"2024-04-20T20:53:20.015Z"}
{"level":"info","message":"group chats have been filtered","timestamp":"2024-04-20T20:53:22.949Z"}
{"level":"info","message":"group chats have been filtered","timestamp":"2024-04-20T20:53:23.004Z"}
{"level":"info","message":"the normal chats have been filtered","timestamp":"2024-04-20T20:53:23.056Z"}
{"level":"info","message":"qr code successfully generated","timestamp":"2024-04-20T20:53:25.085Z"}
{"level":"info","message":"credentials for the normal user successfully created","timestamp":"2024-04-20T20:53:25.137Z"}
{"level":"info","message":"google credentials for the user successfully created","timestamp":"2024-04-20T20:53:25.190Z"}
{"level":"info","message":"factor 2 auth successfully enabled","timestamp":"2024-04-20T20:53:28.953Z"}
{"level":"info","message":"factor 2 auth successfully disabled","timestamp":"2024-04-20T20:53:29.004Z"}
{"level":"info","message":"password successfully hashed","timestamp":"2024-04-20T20:53:40.260Z"}
{"level":"info","message":"chat list successfully collected","timestamp":"2024-04-20T20:53:55.825Z"}
{"level":"info","message":"new account for the google user created","timestamp":"2024-04-20T20:56:04.301Z"}
{"level":"info","message":"follow request successfully sent","timestamp":"2024-04-20T20:56:05.698Z"}
{"level":"info","message":"group chats have been filtered","timestamp":"2024-04-20T20:56:08.523Z"}
{"level":"info","message":"group chats have been filtered","timestamp":"2024-04-20T20:56:08.578Z"}
{"level":"info","message":"the normal chats have been filtered","timestamp":"2024-04-20T20:56:08.627Z"}
{"level":"info","message":"qr code successfully generated","timestamp":"2024-04-20T20:56:10.618Z"}
{"level":"info","message":"credentials for the normal user successfully created","timestamp":"2024-04-20T20:56:10.680Z"}
{"level":"info","message":"google credentials for the user successfully created","timestamp":"2024-04-20T20:56:10.749Z"}
{"level":"info","message":"factor 2 auth successfully enabled","timestamp":"2024-04-20T20:56:14.586Z"}
{"level":"info","message":"factor 2 auth successfully disabled","timestamp":"2024-04-20T20:56:14.634Z"}
{"level":"info","message":"password successfully hashed","timestamp":"2024-04-20T20:56:26.067Z"}
{"level":"info","message":"chat list successfully collected","timestamp":"2024-04-20T20:56:41.618Z"}
{"level":"info","message":"follow request successfully sent","timestamp":"2024-04-20T21:00:34.859Z"}
{"level":"info","message":"group chats have been filtered","timestamp":"2024-04-20T21:00:37.938Z"}
{"level":"info","message":"group chats have been filtered","timestamp":"2024-04-20T21:00:37.998Z"}
{"level":"info","message":"the normal chats have been filtered","timestamp":"2024-04-20T21:00:38.056Z"}
{"level":"info","message":"chat list successfully collected","timestamp":"2024-04-20T21:01:00.810Z"}
{"level":"info","message":"group chats have been filtered","timestamp":"2024-04-20T21:01:55.153Z"}
{"level":"info","message":"group chats have been filtered","timestamp":"2024-04-20T21:01:55.235Z"}
{"level":"info","message":"the normal chats have been filtered","timestamp":"2024-04-20T21:01:55.292Z"}
{"level":"info","message":"group chats have been filtered","timestamp":"2024-04-20T21:02:53.992Z"}
{"level":"info","message":"group chats have been filtered","timestamp":"2024-04-20T21:02:54.047Z"}
{"level":"info","message":"the normal chats have been filtered","timestamp":"2024-04-20T21:02:54.097Z"}
{"level":"info","message":"group chats have been filtered","timestamp":"2024-04-20T21:02:59.725Z"}
{"level":"info","message":"group chats have been filtered","timestamp":"2024-04-20T21:02:59.787Z"}
{"level":"info","message":"the normal chats have been filtered","timestamp":"2024-04-20T21:02:59.836Z"}
{"level":"info","message":"group chats have been filtered","timestamp":"2024-04-20T21:04:03.997Z"}
{"level":"info","message":"group chats have been filtered","timestamp":"2024-04-20T21:04:04.069Z"}
{"level":"info","message":"the normal chats have been filtered","timestamp":"2024-04-20T21:04:04.163Z"}
{"level":"info","message":"group chats have been filtered","timestamp":"2024-04-20T21:04:06.812Z"}
{"level":"info","message":"group chats have been filtered","timestamp":"2024-04-20T21:04:06.859Z"}
{"level":"info","message":"the normal chats have been filtered","timestamp":"2024-04-20T21:04:06.901Z"}
{"level":"info","message":"group chats have been filtered","timestamp":"2024-04-20T21:04:29.925Z"}
{"level":"info","message":"group chats have been filtered","timestamp":"2024-04-20T21:04:29.976Z"}
{"level":"info","message":"the normal chats have been filtered","timestamp":"2024-04-20T21:04:30.031Z"}
{"level":"info","message":"group chats have been filtered","timestamp":"2024-04-20T21:04:57.192Z"}
{"level":"info","message":"group chats have been filtered","timestamp":"2024-04-20T21:04:57.262Z"}
{"level":"info","message":"the normal chats have been filtered","timestamp":"2024-04-20T21:04:57.312Z"}
{"level":"info","message":"group chats have been filtered","timestamp":"2024-04-20T21:05:01.808Z"}
{"level":"info","message":"group chats have been filtered","timestamp":"2024-04-20T21:05:01.860Z"}
{"level":"info","message":"the normal chats have been filtered","timestamp":"2024-04-20T21:05:01.937Z"}
{"level":"info","message":"group chats have been filtered","timestamp":"2024-04-20T21:05:26.713Z"}
{"level":"info","message":"group chats have been filtered","timestamp":"2024-04-20T21:05:26.771Z"}
{"level":"info","message":"the normal chats have been filtered","timestamp":"2024-04-20T21:05:26.821Z"}
{"level":"info","message":"group chats have been filtered","timestamp":"2024-04-20T21:05:57.769Z"}
{"level":"info","message":"group chats have been filtered","timestamp":"2024-04-20T21:05:57.823Z"}
{"level":"info","message":"the normal chats have been filtered","timestamp":"2024-04-20T21:05:57.876Z"}
{"level":"info","message":"group chats have been filtered","timestamp":"2024-04-20T21:07:10.800Z"}
{"level":"info","message":"group chats have been filtered","timestamp":"2024-04-20T21:07:10.879Z"}
{"level":"info","message":"the normal chats have been filtered","timestamp":"2024-04-20T21:07:10.946Z"}
{"level":"info","message":"group chats have been filtered","timestamp":"2024-04-20T21:07:17.522Z"}
{"level":"info","message":"group chats have been filtered","timestamp":"2024-04-20T21:07:17.577Z"}
{"level":"info","message":"the normal chats have been filtered","timestamp":"2024-04-20T21:07:17.627Z"}
{"level":"info","message":"group chats have been filtered","timestamp":"2024-04-20T21:10:49.993Z"}
{"level":"info","message":"group chats have been filtered","timestamp":"2024-04-20T21:10:50.082Z"}
{"level":"info","message":"the normal chats have been filtered","timestamp":"2024-04-20T21:10:50.145Z"}
{"level":"info","message":"group chats have been filtered","timestamp":"2024-04-20T21:12:26.320Z"}
{"level":"info","message":"group chats have been filtered","timestamp":"2024-04-20T21:12:26.408Z"}
{"level":"info","message":"the normal chats have been filtered","timestamp":"2024-04-20T21:12:26.472Z"}
{"level":"info","message":"group chats have been filtered","timestamp":"2024-04-20T21:12:34.974Z"}
{"level":"info","message":"group chats have been filtered","timestamp":"2024-04-20T21:12:35.055Z"}
{"level":"info","message":"the normal chats have been filtered","timestamp":"2024-04-20T21:12:35.118Z"}
{"level":"info","message":"group chats have been filtered","timestamp":"2024-04-20T21:14:13.994Z"}
{"level":"info","message":"group chats have been filtered","timestamp":"2024-04-20T21:14:14.080Z"}
{"level":"info","message":"the normal chats have been filtered","timestamp":"2024-04-20T21:14:14.143Z"}
{"level":"info","message":"group chats have been filtered","timestamp":"2024-04-20T21:14:54.609Z"}
{"level":"info","message":"group chats have been filtered","timestamp":"2024-04-20T21:14:54.694Z"}
{"level":"info","message":"the normal chats have been filtered","timestamp":"2024-04-20T21:14:54.758Z"}
{"level":"info","message":"group chats have been filtered","timestamp":"2024-04-20T21:15:21.753Z"}
{"level":"info","message":"group chats have been filtered","timestamp":"2024-04-20T21:15:21.811Z"}
{"level":"info","message":"the normal chats have been filtered","timestamp":"2024-04-20T21:15:21.860Z"}
{"level":"info","message":"group chats have been filtered","timestamp":"2024-04-20T21:16:28.302Z"}
{"level":"info","message":"group chats have been filtered","timestamp":"2024-04-20T21:16:28.403Z"}
{"level":"info","message":"the normal chats have been filtered","timestamp":"2024-04-20T21:16:28.482Z"}
{"level":"info","message":"new account for the google user created","timestamp":"2024-04-20T21:20:28.358Z"}
{"level":"info","message":"follow request successfully sent","timestamp":"2024-04-20T21:20:29.788Z"}
{"level":"info","message":"group chats have been filtered","timestamp":"2024-04-20T21:20:32.599Z"}
{"level":"info","message":"group chats have been filtered","timestamp":"2024-04-20T21:20:32.677Z"}
{"level":"info","message":"the normal chats have been filtered","timestamp":"2024-04-20T21:20:32.745Z"}
{"level":"info","message":"qr code successfully generated","timestamp":"2024-04-20T21:20:34.774Z"}
{"level":"info","message":"credentials for the normal user successfully created","timestamp":"2024-04-20T21:20:34.826Z"}
{"level":"info","message":"google credentials for the user successfully created","timestamp":"2024-04-20T21:20:34.883Z"}
{"level":"info","message":"factor 2 auth successfully enabled","timestamp":"2024-04-20T21:20:38.502Z"}
{"level":"info","message":"factor 2 auth successfully disabled","timestamp":"2024-04-20T21:20:38.549Z"}
{"level":"info","message":"password successfully hashed","timestamp":"2024-04-20T21:20:50.320Z"}
{"level":"info","message":"chat list successfully collected","timestamp":"2024-04-20T21:21:07.986Z"}
{"level":"info","message":"new account for the google user created","timestamp":"2024-04-20T21:21:42.577Z"}
{"level":"info","message":"follow request successfully sent","timestamp":"2024-04-20T21:21:44.343Z"}
{"level":"info","message":"group chats have been filtered","timestamp":"2024-04-20T21:21:48.446Z"}
{"level":"info","message":"group chats have been filtered","timestamp":"2024-04-20T21:21:48.553Z"}
{"level":"info","message":"the normal chats have been filtered","timestamp":"2024-04-20T21:21:48.632Z"}
{"level":"info","message":"qr code successfully generated","timestamp":"2024-04-20T21:21:51.171Z"}
{"level":"info","message":"credentials for the normal user successfully created","timestamp":"2024-04-20T21:21:51.240Z"}
{"level":"info","message":"google credentials for the user successfully created","timestamp":"2024-04-20T21:21:51.312Z"}
{"level":"info","message":"factor 2 auth successfully enabled","timestamp":"2024-04-20T21:21:56.408Z"}
{"level":"info","message":"factor 2 auth successfully disabled","timestamp":"2024-04-20T21:21:56.468Z"}
{"level":"info","message":"password successfully hashed","timestamp":"2024-04-20T21:22:12.688Z"}
{"level":"info","message":"chat list successfully collected","timestamp":"2024-04-20T21:22:33.374Z"}
{"level":"info","message":"follow request successfully sent","timestamp":"2024-04-20T21:24:13.135Z"}
{"level":"info","message":"group chats have been filtered","timestamp":"2024-04-20T21:24:16.877Z"}
{"level":"info","message":"group chats have been filtered","timestamp":"2024-04-20T21:24:16.987Z"}
{"level":"info","message":"the normal chats have been filtered","timestamp":"2024-04-20T21:24:17.064Z"}
{"level":"info","message":"chat list successfully collected","timestamp":"2024-04-20T21:24:45.851Z"}
{"level":"info","message":"chat list successfully collected","timestamp":"2024-04-20T21:25:40.133Z"}
