{"level":"info","message":"new account for the google user created","timestamp":"2024-04-17T19:01:59.809Z"}
{"level":"info","message":"new account for the google user created","timestamp":"2024-04-17T19:01:59.959Z"}
{"level":"info","message":"new account for the google user created","timestamp":"2024-04-17T19:02:04.122Z"}
{"level":"info","message":"new account for the google user created","timestamp":"2024-04-17T19:02:04.193Z"}
{"level":"info","message":"new account for the google user created","timestamp":"2024-04-17T19:02:10.079Z"}
{"level":"info","message":"new account for the google user created","timestamp":"2024-04-17T19:02:10.130Z"}
{"level":"info","message":"new account for the google user created","timestamp":"2024-04-17T19:02:16.402Z"}
{"level":"info","message":"new account for the google user created","timestamp":"2024-04-17T19:02:16.467Z"}
{"level":"info","message":"new account for the google user created","timestamp":"2024-04-17T19:05:18.261Z"}
{"level":"info","message":"new account for the google user created","timestamp":"2024-04-17T19:05:18.344Z"}
{"level":"info","message":"new account for the google user created","timestamp":"2024-04-17T19:07:53.274Z"}
{"level":"info","message":"new account for the google user created","timestamp":"2024-04-17T19:07:53.347Z"}
{"level":"info","message":"new account for the google user created","timestamp":"2024-04-17T19:07:58.011Z"}
{"level":"info","message":"new account for the google user created","timestamp":"2024-04-17T19:07:58.110Z"}
{"level":"info","message":"new account for the google user created","timestamp":"2024-04-17T19:09:34.628Z"}
{"level":"info","message":"new account for the google user created","timestamp":"2024-04-17T19:09:34.717Z"}
{"level":"info","message":"new account for the google user created","timestamp":"2024-04-17T19:10:25.629Z"}
{"level":"info","message":"new account for the google user created","timestamp":"2024-04-17T19:10:25.702Z"}
{"level":"info","message":"new account for the google user created","timestamp":"2024-04-17T19:13:01.105Z"}
{"level":"info","message":"new account for the google user created","timestamp":"2024-04-17T19:13:01.197Z"}
{"level":"info","message":"new account for the google user created","timestamp":"2024-04-17T19:13:56.870Z"}
{"level":"info","message":"new account for the google user created","timestamp":"2024-04-17T19:13:56.934Z"}
{"level":"info","message":"new account for the google user created","timestamp":"2024-04-17T19:14:00.196Z"}
{"level":"info","message":"new account for the google user created","timestamp":"2024-04-17T19:14:00.263Z"}
{"level":"info","message":"new account for the google user created","timestamp":"2024-04-17T19:14:05.529Z"}
{"level":"info","message":"new account for the google user created","timestamp":"2024-04-17T19:14:05.603Z"}
{"level":"info","message":"new account for the google user created","timestamp":"2024-04-17T19:14:32.099Z"}
{"level":"info","message":"new account for the google user created","timestamp":"2024-04-17T19:14:32.167Z"}
{"level":"info","message":"new account for the google user created","timestamp":"2024-04-17T19:14:46.707Z"}
{"level":"info","message":"new account for the google user created","timestamp":"2024-04-17T19:14:46.813Z"}
{"level":"info","message":"new account for the google user created","timestamp":"2024-04-17T19:17:22.006Z"}
{"level":"info","message":"new account for the google user created","timestamp":"2024-04-17T19:17:36.446Z"}
{"level":"info","message":"new account for the google user created","timestamp":"2024-04-17T19:17:54.957Z"}
{"level":"info","message":"new account for the google user created","timestamp":"2024-04-17T19:17:58.367Z"}
{"level":"info","message":"new account for the google user created","timestamp":"2024-04-17T19:18:05.090Z"}
{"level":"info","message":"new account for the google user created","timestamp":"2024-04-17T19:18:15.332Z"}
{"level":"info","message":"password successfully hashed","timestamp":"2024-04-17T19:18:44.133Z"}
{"level":"info","message":"new account for the google user created","timestamp":"2024-04-17T19:18:46.251Z"}
{"level":"info","message":"password successfully hashed","timestamp":"2024-04-18T07:31:22.162Z"}
{"level":"info","message":"new account for the google user created","timestamp":"2024-04-18T07:31:24.179Z"}
{"level":"info","message":"password successfully hashed","timestamp":"2024-04-18T07:35:45.461Z"}
{"level":"info","message":"new account for the google user created","timestamp":"2024-04-18T07:35:47.608Z"}
{"level":"info","message":"password successfully hashed","timestamp":"2024-04-18T07:36:04.671Z"}
{"level":"info","message":"new account for the google user created","timestamp":"2024-04-18T07:36:07.431Z"}
{"level":"info","message":"password successfully hashed","timestamp":"2024-04-18T07:36:11.325Z"}
{"level":"info","message":"new account for the google user created","timestamp":"2024-04-18T07:36:13.101Z"}
{"level":"info","message":"password successfully hashed","timestamp":"2024-04-18T07:39:17.561Z"}
{"level":"info","message":"new account for the google user created","timestamp":"2024-04-18T07:39:19.639Z"}
{"level":"info","message":"password successfully hashed","timestamp":"2024-04-18T07:39:32.018Z"}
{"level":"info","message":"new account for the google user created","timestamp":"2024-04-18T07:39:35.219Z"}
{"level":"info","message":"password successfully hashed","timestamp":"2024-04-18T07:39:41.253Z"}
{"level":"info","message":"new account for the google user created","timestamp":"2024-04-18T07:39:43.486Z"}
{"level":"info","message":"password successfully hashed","timestamp":"2024-04-18T07:45:15.267Z"}
{"level":"info","message":"new account for the google user created","timestamp":"2024-04-18T07:45:17.112Z"}
{"level":"info","message":"password successfully hashed","timestamp":"2024-04-18T07:45:45.970Z"}
{"level":"info","message":"new account for the google user created","timestamp":"2024-04-18T07:45:50.255Z"}
{"level":"info","message":"password successfully hashed","timestamp":"2024-04-18T07:45:53.964Z"}
{"level":"info","message":"password successfully hashed","timestamp":"2024-04-18T07:46:00.214Z"}
{"level":"info","message":"password successfully hashed","timestamp":"2024-04-18T07:46:03.751Z"}
{"level":"info","message":"password successfully hashed","timestamp":"2024-04-18T07:46:08.056Z"}
{"level":"info","message":"password successfully hashed","timestamp":"2024-04-18T07:46:25.283Z"}
{"level":"info","message":"new account for the google user created","timestamp":"2024-04-18T07:46:27.579Z"}
{"level":"info","message":"password successfully hashed","timestamp":"2024-04-18T07:50:07.047Z"}
{"level":"info","message":"new account for the google user created","timestamp":"2024-04-18T07:50:09.149Z"}
{"level":"info","message":"password successfully hashed","timestamp":"2024-04-18T07:52:33.101Z"}
{"level":"info","message":"password successfully hashed","timestamp":"2024-04-18T07:52:44.167Z"}
{"level":"info","message":"password successfully hashed","timestamp":"2024-04-18T07:52:48.463Z"}
{"level":"info","message":"new account for the google user created","timestamp":"2024-04-18T07:52:50.406Z"}
{"level":"info","message":"password successfully hashed","timestamp":"2024-04-18T07:53:56.059Z"}
{"level":"info","message":"new account for the google user created","timestamp":"2024-04-18T07:53:58.085Z"}
{"level":"info","message":"password successfully hashed","timestamp":"2024-04-18T07:55:20.231Z"}
{"level":"info","message":"new account for the google user created","timestamp":"2024-04-18T07:55:22.464Z"}
{"level":"info","message":"password successfully hashed","timestamp":"2024-04-18T07:56:37.888Z"}
{"level":"info","message":"new account for the google user created","timestamp":"2024-04-18T07:56:40.083Z"}
{"level":"info","message":"password successfully hashed","timestamp":"2024-04-18T07:59:42.223Z"}
{"level":"info","message":"new account for the google user created","timestamp":"2024-04-18T07:59:44.300Z"}
{"level":"info","message":"password successfully hashed","timestamp":"2024-04-18T08:01:50.712Z"}
{"level":"info","message":"new account for the google user created","timestamp":"2024-04-18T08:01:52.864Z"}
{"level":"info","message":"password successfully hashed","timestamp":"2024-04-18T08:02:22.052Z"}
{"level":"info","message":"new account for the google user created","timestamp":"2024-04-18T08:02:25.070Z"}
{"level":"info","message":"password successfully hashed","timestamp":"2024-04-18T08:02:29.794Z"}
{"level":"info","message":"new account for the google user created","timestamp":"2024-04-18T08:02:32.026Z"}
{"level":"info","message":"password successfully hashed","timestamp":"2024-04-18T08:35:30.780Z"}
{"level":"info","message":"password successfully hashed","timestamp":"2024-04-18T08:36:28.990Z"}
{"level":"info","message":"factor 2 auth successfully enabled","timestamp":"2024-04-18T08:36:29.538Z"}
{"level":"info","message":"password successfully hashed","timestamp":"2024-04-18T08:39:21.894Z"}
{"level":"info","message":"factor 2 auth successfully enabled","timestamp":"2024-04-18T08:39:21.972Z"}
{"level":"info","message":"password successfully hashed","timestamp":"2024-04-18T08:39:52.575Z"}
{"level":"info","message":"factor 2 auth successfully enabled","timestamp":"2024-04-18T08:39:52.793Z"}
{"level":"info","message":"password successfully hashed","timestamp":"2024-04-18T08:40:31.593Z"}
{"level":"info","message":"factor 2 auth successfully enabled","timestamp":"2024-04-18T08:40:31.670Z"}
{"level":"info","message":"password successfully hashed","timestamp":"2024-04-18T08:40:44.122Z"}
{"level":"info","message":"factor 2 auth successfully enabled","timestamp":"2024-04-18T08:40:44.397Z"}
{"level":"info","message":"password successfully hashed","timestamp":"2024-04-18T08:41:41.857Z"}
{"level":"info","message":"factor 2 auth successfully enabled","timestamp":"2024-04-18T08:41:42.422Z"}
{"level":"info","message":"password successfully hashed","timestamp":"2024-04-18T08:42:33.514Z"}
{"level":"info","message":"factor 2 auth successfully enabled","timestamp":"2024-04-18T08:42:33.933Z"}
{"level":"info","message":"password successfully hashed","timestamp":"2024-04-18T08:42:36.811Z"}
{"level":"info","message":"password successfully hashed","timestamp":"2024-04-18T08:42:37.769Z"}
{"level":"info","message":"password successfully hashed","timestamp":"2024-04-18T08:43:39.447Z"}
{"level":"info","message":"factor 2 auth successfully enabled","timestamp":"2024-04-18T08:43:39.733Z"}
{"level":"info","message":"password successfully hashed","timestamp":"2024-04-18T08:44:22.683Z"}
{"level":"info","message":"factor 2 auth successfully enabled","timestamp":"2024-04-18T08:44:22.958Z"}
{"level":"info","message":"password successfully hashed","timestamp":"2024-04-18T08:44:48.905Z"}
{"level":"info","message":"password successfully hashed","timestamp":"2024-04-18T08:46:40.029Z"}
{"level":"info","message":"password successfully hashed","timestamp":"2024-04-18T08:46:43.806Z"}
{"level":"info","message":"password successfully hashed","timestamp":"2024-04-18T08:47:07.802Z"}
{"level":"info","message":"password successfully hashed","timestamp":"2024-04-18T08:47:20.461Z"}
{"level":"info","message":"password successfully hashed","timestamp":"2024-04-18T08:47:50.214Z"}
{"level":"info","message":"password successfully hashed","timestamp":"2024-04-18T08:48:00.007Z"}
{"level":"info","message":"password successfully hashed","timestamp":"2024-04-18T08:48:11.688Z"}
{"level":"info","message":"password successfully hashed","timestamp":"2024-04-18T08:48:20.842Z"}
{"level":"info","message":"factor 2 auth successfully enabled","timestamp":"2024-04-18T08:48:22.492Z"}
{"level":"info","message":"password successfully hashed","timestamp":"2024-04-18T08:49:02.774Z"}
{"level":"info","message":"factor 2 auth successfully enabled","timestamp":"2024-04-18T08:49:05.145Z"}
{"level":"info","message":"password successfully hashed","timestamp":"2024-04-18T08:49:32.372Z"}
{"level":"info","message":"factor 2 auth successfully enabled","timestamp":"2024-04-18T08:49:34.794Z"}
{"level":"info","message":"password successfully hashed","timestamp":"2024-04-18T08:49:42.544Z"}
{"level":"info","message":"factor 2 auth successfully enabled","timestamp":"2024-04-18T08:49:46.417Z"}
{"level":"info","message":"password successfully hashed","timestamp":"2024-04-18T08:49:50.925Z"}
{"level":"info","message":"factor 2 auth successfully enabled","timestamp":"2024-04-18T08:49:54.080Z"}
{"level":"info","message":"password successfully hashed","timestamp":"2024-04-18T08:49:58.777Z"}
{"level":"info","message":"factor 2 auth successfully enabled","timestamp":"2024-04-18T08:50:01.844Z"}
{"level":"info","message":"password successfully hashed","timestamp":"2024-04-18T08:50:34.842Z"}
{"level":"info","message":"factor 2 auth successfully enabled","timestamp":"2024-04-18T08:50:37.444Z"}
{"date":"Thu Apr 18 2024 14:02:07 GMT+0500 (Pakistan Standard Time)","error":{"reason":{"commonWireVersion":0,"compatible":true,"heartbeatFrequencyMS":10000,"localThresholdMS":15,"logicalSessionTimeoutMinutes":null,"maxElectionId":null,"maxSetVersion":null,"servers":{},"setName":null,"stale":false,"type":"Unknown"}},"level":"error","message":"unhandledRejection: connect ECONNREFUSED 127.0.0.1:38962\nMongoServerSelectionError: connect ECONNREFUSED 127.0.0.1:38962\n    at EventTarget.<anonymous> (/home/saadingo/FullStack/advanced-fullstack-projects/chat-ape/server/node_modules/mongodb/src/sdam/topology.ts:611:28)\n    at EventTarget.[nodejs.internal.kHybridDispatch] (node:internal/event_target:826:20)\n    at EventTarget.dispatchEvent (node:internal/event_target:761:26)\n    at abortSignal (node:internal/abort_controller:371:10)\n    at TimeoutController.abort (node:internal/abort_controller:393:5)\n    at Timeout.<anonymous> (/home/saadingo/FullStack/advanced-fullstack-projects/chat-ape/server/node_modules/mongodb/src/utils.ts:1218:61)\n    at listOnTimeout (node:internal/timers:573:17)\n    at processTimers (node:internal/timers:514:7)","os":{"loadavg":[1.87,1.68,1.51],"uptime":609669.96},"process":{"argv":["/usr/bin/node-20","/home/saadingo/FullStack/advanced-fullstack-projects/chat-ape/server/node_modules/.bin/jest","./tests/integration-tests/sessionControllerTests/googleSignInUp.test.ts","--watch","--no-cache","--coverage","--coverageReporters=text-summary","--verbose","--runInBand","--detectOpenHandles"],"cwd":"/home/saadingo/FullStack/advanced-fullstack-projects/chat-ape/server","execPath":"/usr/bin/node-20","gid":1000,"memoryUsage":{"arrayBuffers":36314808,"external":39208303,"heapTotal":396079104,"heapUsed":385450872,"rss":491130880},"pid":1278308,"uid":1000,"version":"v20.12.0"},"rejection":true,"stack":"MongoServerSelectionError: connect ECONNREFUSED 127.0.0.1:38962\n    at EventTarget.<anonymous> (/home/saadingo/FullStack/advanced-fullstack-projects/chat-ape/server/node_modules/mongodb/src/sdam/topology.ts:611:28)\n    at EventTarget.[nodejs.internal.kHybridDispatch] (node:internal/event_target:826:20)\n    at EventTarget.dispatchEvent (node:internal/event_target:761:26)\n    at abortSignal (node:internal/abort_controller:371:10)\n    at TimeoutController.abort (node:internal/abort_controller:393:5)\n    at Timeout.<anonymous> (/home/saadingo/FullStack/advanced-fullstack-projects/chat-ape/server/node_modules/mongodb/src/utils.ts:1218:61)\n    at listOnTimeout (node:internal/timers:573:17)\n    at processTimers (node:internal/timers:514:7)","timestamp":"2024-04-18T09:02:07.359Z","trace":[{"column":28,"file":"/home/saadingo/FullStack/advanced-fullstack-projects/chat-ape/server/node_modules/mongodb/src/sdam/topology.ts","function":null,"line":611,"method":null,"native":false},{"column":20,"file":"node:internal/event_target","function":"EventTarget.[nodejs.internal.kHybridDispatch]","line":826,"method":"kHybridDispatch]","native":false},{"column":26,"file":"node:internal/event_target","function":"EventTarget.dispatchEvent","line":761,"method":"dispatchEvent","native":false},{"column":10,"file":"node:internal/abort_controller","function":"abortSignal","line":371,"method":null,"native":false},{"column":5,"file":"node:internal/abort_controller","function":"TimeoutController.abort","line":393,"method":"abort","native":false},{"column":61,"file":"/home/saadingo/FullStack/advanced-fullstack-projects/chat-ape/server/node_modules/mongodb/src/utils.ts","function":null,"line":1218,"method":null,"native":false},{"column":17,"file":"node:internal/timers","function":"listOnTimeout","line":573,"method":null,"native":false},{"column":7,"file":"node:internal/timers","function":"processTimers","line":514,"method":null,"native":false}]}
{"date":"Thu Apr 18 2024 14:03:37 GMT+0500 (Pakistan Standard Time)","error":{"reason":{"commonWireVersion":0,"compatible":true,"heartbeatFrequencyMS":10000,"localThresholdMS":15,"logicalSessionTimeoutMinutes":null,"maxElectionId":null,"maxSetVersion":null,"servers":{},"setName":null,"stale":false,"type":"Unknown"}},"level":"error","message":"unhandledRejection: connect ECONNREFUSED 127.0.0.1:20712\nMongoServerSelectionError: connect ECONNREFUSED 127.0.0.1:20712\n    at EventTarget.<anonymous> (/home/saadingo/FullStack/advanced-fullstack-projects/chat-ape/server/node_modules/mongodb/src/sdam/topology.ts:611:28)\n    at EventTarget.[nodejs.internal.kHybridDispatch] (node:internal/event_target:826:20)\n    at EventTarget.dispatchEvent (node:internal/event_target:761:26)\n    at abortSignal (node:internal/abort_controller:371:10)\n    at TimeoutController.abort (node:internal/abort_controller:393:5)\n    at Timeout.<anonymous> (/home/saadingo/FullStack/advanced-fullstack-projects/chat-ape/server/node_modules/mongodb/src/utils.ts:1218:61)\n    at listOnTimeout (node:internal/timers:573:17)\n    at processTimers (node:internal/timers:514:7)","os":{"loadavg":[2.57,1.92,1.61],"uptime":609760.2},"process":{"argv":["/usr/bin/node-20","/home/saadingo/FullStack/advanced-fullstack-projects/chat-ape/server/node_modules/.bin/jest","./tests/integration-tests/sessionControllerTests/googleSignInUp.test.ts","--watch","--no-cache","--coverage","--coverageReporters=text-summary","--verbose","--runInBand","--detectOpenHandles"],"cwd":"/home/saadingo/FullStack/advanced-fullstack-projects/chat-ape/server","execPath":"/usr/bin/node-20","gid":1000,"memoryUsage":{"arrayBuffers":126980613,"external":129874168,"heapTotal":503705600,"heapUsed":424755472,"rss":600834048},"pid":1278818,"uid":1000,"version":"v20.12.0"},"rejection":true,"stack":"MongoServerSelectionError: connect ECONNREFUSED 127.0.0.1:20712\n    at EventTarget.<anonymous> (/home/saadingo/FullStack/advanced-fullstack-projects/chat-ape/server/node_modules/mongodb/src/sdam/topology.ts:611:28)\n    at EventTarget.[nodejs.internal.kHybridDispatch] (node:internal/event_target:826:20)\n    at EventTarget.dispatchEvent (node:internal/event_target:761:26)\n    at abortSignal (node:internal/abort_controller:371:10)\n    at TimeoutController.abort (node:internal/abort_controller:393:5)\n    at Timeout.<anonymous> (/home/saadingo/FullStack/advanced-fullstack-projects/chat-ape/server/node_modules/mongodb/src/utils.ts:1218:61)\n    at listOnTimeout (node:internal/timers:573:17)\n    at processTimers (node:internal/timers:514:7)","timestamp":"2024-04-18T09:03:37.603Z","trace":[{"column":28,"file":"/home/saadingo/FullStack/advanced-fullstack-projects/chat-ape/server/node_modules/mongodb/src/sdam/topology.ts","function":null,"line":611,"method":null,"native":false},{"column":20,"file":"node:internal/event_target","function":"EventTarget.[nodejs.internal.kHybridDispatch]","line":826,"method":"kHybridDispatch]","native":false},{"column":26,"file":"node:internal/event_target","function":"EventTarget.dispatchEvent","line":761,"method":"dispatchEvent","native":false},{"column":10,"file":"node:internal/abort_controller","function":"abortSignal","line":371,"method":null,"native":false},{"column":5,"file":"node:internal/abort_controller","function":"TimeoutController.abort","line":393,"method":"abort","native":false},{"column":61,"file":"/home/saadingo/FullStack/advanced-fullstack-projects/chat-ape/server/node_modules/mongodb/src/utils.ts","function":null,"line":1218,"method":null,"native":false},{"column":17,"file":"node:internal/timers","function":"listOnTimeout","line":573,"method":null,"native":false},{"column":7,"file":"node:internal/timers","function":"processTimers","line":514,"method":null,"native":false}]}
{"level":"info","message":"new account for the google user created","timestamp":"2024-04-18T09:18:23.035Z"}
{"level":"info","message":"new account for the google user created","timestamp":"2024-04-18T09:18:35.490Z"}
{"level":"info","message":"password successfully hashed","timestamp":"2024-04-18T09:18:56.950Z"}
{"level":"info","message":"new account for the google user created","timestamp":"2024-04-18T09:18:58.789Z"}
{"level":"info","message":"factor 2 auth successfully enabled","timestamp":"2024-04-18T09:19:01.387Z"}
{"level":"info","message":"password successfully hashed","timestamp":"2024-04-18T09:19:24.060Z"}
{"level":"info","message":"new account for the google user created","timestamp":"2024-04-18T09:19:24.944Z"}
{"level":"info","message":"factor 2 auth successfully enabled","timestamp":"2024-04-18T09:19:27.302Z"}
{"level":"info","message":"password successfully hashed","timestamp":"2024-04-18T09:22:51.297Z"}
{"level":"info","message":"new account for the google user created","timestamp":"2024-04-18T09:22:53.167Z"}
{"level":"info","message":"factor 2 auth successfully enabled","timestamp":"2024-04-18T09:22:56.588Z"}
{"level":"info","message":"factor 2 auth successfully enabled","timestamp":"2024-04-18T09:39:20.451Z"}
{"level":"info","message":"factor 2 auth successfully enabled","timestamp":"2024-04-18T09:39:57.101Z"}
{"level":"info","message":"factor 2 auth successfully enabled","timestamp":"2024-04-18T09:40:49.302Z"}
{"level":"info","message":"factor 2 auth successfully enabled","timestamp":"2024-04-18T09:40:56.113Z"}
{"level":"info","message":"factor 2 auth successfully enabled","timestamp":"2024-04-18T09:41:42.598Z"}
{"level":"info","message":"factor 2 auth successfully enabled","timestamp":"2024-04-18T09:41:57.751Z"}
{"level":"info","message":"factor 2 auth successfully enabled","timestamp":"2024-04-18T09:42:36.142Z"}
{"level":"info","message":"factor 2 auth successfully enabled","timestamp":"2024-04-18T09:42:39.204Z"}
{"level":"info","message":"factor 2 auth successfully enabled","timestamp":"2024-04-18T09:43:07.177Z"}
{"level":"info","message":"factor 2 auth successfully enabled","timestamp":"2024-04-18T09:43:11.126Z"}
{"level":"info","message":"factor 2 auth successfully enabled","timestamp":"2024-04-18T09:43:14.288Z"}
{"level":"info","message":"factor 2 auth successfully enabled","timestamp":"2024-04-18T09:43:31.271Z"}
{"level":"info","message":"factor 2 auth successfully disabled","timestamp":"2024-04-18T09:46:14.765Z"}
{"level":"info","message":"factor 2 auth successfully enabled","timestamp":"2024-04-18T09:46:46.383Z"}
{"level":"info","message":"factor 2 auth successfully disabled","timestamp":"2024-04-18T09:46:46.516Z"}
{"level":"info","message":"factor 2 auth successfully enabled","timestamp":"2024-04-18T09:51:27.779Z"}
{"level":"info","message":"factor 2 auth successfully disabled","timestamp":"2024-04-18T09:51:27.874Z"}
{"level":"info","message":"new account for the google user created","timestamp":"2024-04-18T09:56:50.363Z"}
{"level":"info","message":"password successfully hashed","timestamp":"2024-04-18T09:56:54.397Z"}
{"level":"info","message":"factor 2 auth successfully enabled","timestamp":"2024-04-18T09:56:55.311Z"}
{"level":"info","message":"factor 2 auth successfully disabled","timestamp":"2024-04-18T09:56:55.422Z"}
{"level":"info","message":"factor 2 auth successfully enabled","timestamp":"2024-04-18T09:57:55.689Z"}
{"level":"info","message":"factor 2 auth successfully disabled","timestamp":"2024-04-18T09:57:55.806Z"}
{"level":"info","message":"factor 2 auth successfully enabled","timestamp":"2024-04-18T09:58:14.944Z"}
{"level":"info","message":"factor 2 auth successfully disabled","timestamp":"2024-04-18T09:58:15.134Z"}
{"level":"info","message":"factor 2 auth successfully enabled","timestamp":"2024-04-18T09:58:18.550Z"}
{"level":"info","message":"factor 2 auth successfully disabled","timestamp":"2024-04-18T09:58:18.638Z"}
{"level":"info","message":"factor 2 auth successfully enabled","timestamp":"2024-04-18T09:58:33.795Z"}
{"level":"info","message":"factor 2 auth successfully disabled","timestamp":"2024-04-18T09:58:33.918Z"}
{"level":"info","message":"factor 2 auth successfully enabled","timestamp":"2024-04-18T09:59:43.790Z"}
{"level":"info","message":"factor 2 auth successfully disabled","timestamp":"2024-04-18T09:59:43.873Z"}
{"level":"info","message":"factor 2 auth successfully enabled","timestamp":"2024-04-18T10:00:06.649Z"}
{"level":"info","message":"factor 2 auth successfully disabled","timestamp":"2024-04-18T10:00:06.761Z"}
{"level":"info","message":"factor 2 auth successfully enabled","timestamp":"2024-04-18T10:01:46.319Z"}
{"level":"info","message":"factor 2 auth successfully disabled","timestamp":"2024-04-18T10:01:46.447Z"}
{"level":"info","message":"factor 2 auth successfully disabled","timestamp":"2024-04-18T10:02:04.153Z"}
{"level":"info","message":"factor 2 auth successfully disabled","timestamp":"2024-04-18T10:02:23.435Z"}
{"level":"info","message":"factor 2 auth successfully disabled","timestamp":"2024-04-18T10:02:30.891Z"}
{"level":"info","message":"factor 2 auth successfully enabled","timestamp":"2024-04-18T10:02:34.356Z"}
{"level":"info","message":"factor 2 auth successfully disabled","timestamp":"2024-04-18T10:02:34.406Z"}
{"level":"info","message":"factor 2 auth successfully enabled","timestamp":"2024-04-18T10:02:39.571Z"}
{"level":"info","message":"factor 2 auth successfully disabled","timestamp":"2024-04-18T10:02:39.649Z"}
{"level":"info","message":"factor 2 auth successfully enabled","timestamp":"2024-04-18T10:02:42.372Z"}
{"level":"info","message":"factor 2 auth successfully disabled","timestamp":"2024-04-18T10:02:42.438Z"}
{"level":"info","message":"qr code successfully generated","timestamp":"2024-04-18T10:44:34.070Z"}
{"level":"info","message":"qr code successfully generated","timestamp":"2024-04-18T10:45:09.833Z"}
{"level":"info","message":"qr code successfully generated","timestamp":"2024-04-18T10:45:24.514Z"}
{"level":"info","message":"qr code successfully generated","timestamp":"2024-04-18T10:45:45.794Z"}
{"level":"info","message":"qr code successfully generated","timestamp":"2024-04-18T10:45:49.748Z"}
{"level":"info","message":"qr code successfully generated","timestamp":"2024-04-18T10:46:13.755Z"}
{"level":"info","message":"qr code successfully generated","timestamp":"2024-04-18T10:46:45.601Z"}
{"level":"info","message":"qr code successfully generated","timestamp":"2024-04-18T10:46:51.262Z"}
{"level":"info","message":"qr code successfully generated","timestamp":"2024-04-18T10:49:44.912Z"}
{"level":"info","message":"qr code successfully generated","timestamp":"2024-04-18T10:50:11.121Z"}
{"level":"info","message":"qr code successfully generated","timestamp":"2024-04-18T10:50:39.347Z"}
{"level":"info","message":"qr code successfully generated","timestamp":"2024-04-18T11:15:35.391Z"}
{"level":"info","message":"credentials for the normal user successfully created","timestamp":"2024-04-18T11:29:58.837Z"}
{"level":"info","message":"credentials for the normal user successfully created","timestamp":"2024-04-18T11:30:39.672Z"}
{"level":"info","message":"credentials for the normal user successfully created","timestamp":"2024-04-18T11:32:35.491Z"}
{"level":"info","message":"credentials for the normal user successfully created","timestamp":"2024-04-18T11:33:33.038Z"}
{"level":"info","message":"credentials for the normal user successfully created","timestamp":"2024-04-18T11:33:35.765Z"}
{"level":"info","message":"credentials for the normal user successfully created","timestamp":"2024-04-18T11:33:59.941Z"}
{"level":"info","message":"credentials for the normal user successfully created","timestamp":"2024-04-18T11:34:03.912Z"}
{"level":"info","message":"qr code successfully generated","timestamp":"2024-04-18T11:34:28.198Z"}
{"level":"info","message":"credentials for the normal user successfully created","timestamp":"2024-04-18T11:34:28.271Z"}
{"level":"info","message":"qr code successfully generated","timestamp":"2024-04-18T11:35:54.162Z"}
{"level":"info","message":"credentials for the normal user successfully created","timestamp":"2024-04-18T11:35:54.276Z"}
{"level":"info","message":"qr code successfully generated","timestamp":"2024-04-18T11:37:32.889Z"}
{"level":"info","message":"credentials for the normal user successfully created","timestamp":"2024-04-18T11:37:32.973Z"}
{"level":"info","message":"qr code successfully generated","timestamp":"2024-04-18T11:37:37.037Z"}
{"level":"info","message":"credentials for the normal user successfully created","timestamp":"2024-04-18T11:37:37.098Z"}
{"level":"info","message":"qr code successfully generated","timestamp":"2024-04-18T11:38:21.779Z"}
{"level":"info","message":"credentials for the normal user successfully created","timestamp":"2024-04-18T11:38:21.873Z"}
{"level":"info","message":"qr code successfully generated","timestamp":"2024-04-18T11:38:39.321Z"}
{"level":"info","message":"credentials for the normal user successfully created","timestamp":"2024-04-18T11:38:39.417Z"}
{"level":"info","message":"qr code successfully generated","timestamp":"2024-04-18T11:38:46.561Z"}
{"level":"info","message":"credentials for the normal user successfully created","timestamp":"2024-04-18T11:38:46.623Z"}
{"level":"info","message":"qr code successfully generated","timestamp":"2024-04-18T11:38:54.778Z"}
{"level":"info","message":"credentials for the normal user successfully created","timestamp":"2024-04-18T11:38:54.845Z"}
{"level":"info","message":"credentials for the normal user successfully created","timestamp":"2024-04-18T11:38:54.900Z"}
{"level":"info","message":"qr code successfully generated","timestamp":"2024-04-18T11:38:59.782Z"}
{"level":"info","message":"credentials for the normal user successfully created","timestamp":"2024-04-18T11:38:59.847Z"}
{"level":"info","message":"qr code successfully generated","timestamp":"2024-04-18T11:42:51.632Z"}
{"level":"info","message":"credentials for the normal user successfully created","timestamp":"2024-04-18T11:42:51.708Z"}
{"level":"info","message":"qr code successfully generated","timestamp":"2024-04-18T11:43:41.378Z"}
{"level":"info","message":"credentials for the normal user successfully created","timestamp":"2024-04-18T11:43:41.507Z"}
{"level":"info","message":"qr code successfully generated","timestamp":"2024-04-18T11:45:16.353Z"}
{"level":"info","message":"credentials for the normal user successfully created","timestamp":"2024-04-18T11:45:16.419Z"}
{"level":"info","message":"qr code successfully generated","timestamp":"2024-04-18T11:45:41.832Z"}
{"level":"info","message":"credentials for the normal user successfully created","timestamp":"2024-04-18T11:45:41.908Z"}
{"level":"info","message":"qr code successfully generated","timestamp":"2024-04-18T11:45:55.745Z"}
{"level":"info","message":"credentials for the normal user successfully created","timestamp":"2024-04-18T11:45:55.851Z"}
{"level":"info","message":"qr code successfully generated","timestamp":"2024-04-18T11:46:07.341Z"}
{"level":"info","message":"credentials for the normal user successfully created","timestamp":"2024-04-18T11:46:07.432Z"}
{"level":"info","message":"qr code successfully generated","timestamp":"2024-04-18T11:46:18.180Z"}
{"level":"info","message":"credentials for the normal user successfully created","timestamp":"2024-04-18T11:46:18.250Z"}
{"level":"info","message":"qr code successfully generated","timestamp":"2024-04-18T11:47:01.517Z"}
{"level":"info","message":"credentials for the normal user successfully created","timestamp":"2024-04-18T11:47:01.623Z"}
{"level":"info","message":"qr code successfully generated","timestamp":"2024-04-18T11:48:05.878Z"}
{"level":"info","message":"credentials for the normal user successfully created","timestamp":"2024-04-18T11:48:05.965Z"}
{"level":"info","message":"qr code successfully generated","timestamp":"2024-04-18T11:48:17.156Z"}
{"level":"info","message":"credentials for the normal user successfully created","timestamp":"2024-04-18T11:48:17.234Z"}
{"level":"info","message":"qr code successfully generated","timestamp":"2024-04-18T11:48:36.716Z"}
{"level":"info","message":"credentials for the normal user successfully created","timestamp":"2024-04-18T11:48:36.797Z"}
{"level":"info","message":"qr code successfully generated","timestamp":"2024-04-18T13:11:01.331Z"}
{"level":"info","message":"credentials for the normal user successfully created","timestamp":"2024-04-18T13:11:01.556Z"}
{"level":"info","message":"google credentials for the user successfully created","timestamp":"2024-04-18T13:11:01.638Z"}
{"level":"info","message":"qr code successfully generated","timestamp":"2024-04-18T13:14:42.434Z"}
{"level":"info","message":"credentials for the normal user successfully created","timestamp":"2024-04-18T13:14:42.504Z"}
{"level":"info","message":"google credentials for the user successfully created","timestamp":"2024-04-18T13:14:42.583Z"}
{"level":"info","message":"qr code successfully generated","timestamp":"2024-04-18T13:15:01.297Z"}
{"level":"info","message":"credentials for the normal user successfully created","timestamp":"2024-04-18T13:15:01.368Z"}
{"level":"info","message":"google credentials for the user successfully created","timestamp":"2024-04-18T13:15:01.428Z"}
{"level":"info","message":"qr code successfully generated","timestamp":"2024-04-18T13:15:26.966Z"}
{"level":"info","message":"credentials for the normal user successfully created","timestamp":"2024-04-18T13:15:27.051Z"}
{"level":"info","message":"google credentials for the user successfully created","timestamp":"2024-04-18T13:15:27.123Z"}
{"level":"info","message":"qr code successfully generated","timestamp":"2024-04-18T13:38:16.447Z"}
{"level":"info","message":"credentials for the normal user successfully created","timestamp":"2024-04-18T13:38:16.529Z"}
{"level":"info","message":"google credentials for the user successfully created","timestamp":"2024-04-18T13:38:16.588Z"}
{"level":"info","message":"qr code successfully generated","timestamp":"2024-04-18T13:38:33.302Z"}
{"level":"info","message":"credentials for the normal user successfully created","timestamp":"2024-04-18T13:38:33.393Z"}
{"level":"info","message":"google credentials for the user successfully created","timestamp":"2024-04-18T13:38:33.473Z"}
{"level":"info","message":"qr code successfully generated","timestamp":"2024-04-18T13:38:37.371Z"}
{"level":"info","message":"credentials for the normal user successfully created","timestamp":"2024-04-18T13:38:37.474Z"}
{"level":"info","message":"google credentials for the user successfully created","timestamp":"2024-04-18T13:38:37.560Z"}
{"level":"info","message":"qr code successfully generated","timestamp":"2024-04-18T13:38:43.847Z"}
{"level":"info","message":"credentials for the normal user successfully created","timestamp":"2024-04-18T13:38:43.906Z"}
{"level":"info","message":"google credentials for the user successfully created","timestamp":"2024-04-18T13:38:43.964Z"}
{"level":"info","message":"qr code successfully generated","timestamp":"2024-04-18T13:38:48.879Z"}
{"level":"info","message":"credentials for the normal user successfully created","timestamp":"2024-04-18T13:38:48.937Z"}
{"level":"info","message":"google credentials for the user successfully created","timestamp":"2024-04-18T13:38:48.984Z"}
{"level":"info","message":"qr code successfully generated","timestamp":"2024-04-18T13:39:09.777Z"}
{"level":"info","message":"credentials for the normal user successfully created","timestamp":"2024-04-18T13:39:09.839Z"}
{"level":"info","message":"google credentials for the user successfully created","timestamp":"2024-04-18T13:39:09.887Z"}
{"level":"info","message":"new account for the google user created","timestamp":"2024-04-18T13:39:30.518Z"}
{"level":"info","message":"qr code successfully generated","timestamp":"2024-04-18T13:39:32.930Z"}
{"level":"info","message":"credentials for the normal user successfully created","timestamp":"2024-04-18T13:39:33.010Z"}
{"level":"info","message":"google credentials for the user successfully created","timestamp":"2024-04-18T13:39:33.096Z"}
{"level":"info","message":"password successfully hashed","timestamp":"2024-04-18T13:39:41.820Z"}
{"level":"info","message":"factor 2 auth successfully enabled","timestamp":"2024-04-18T13:39:43.028Z"}
{"level":"info","message":"factor 2 auth successfully disabled","timestamp":"2024-04-18T13:39:43.170Z"}
{"level":"info","message":"new account for the google user created","timestamp":"2024-04-18T13:40:46.547Z"}
{"level":"info","message":"qr code successfully generated","timestamp":"2024-04-18T13:40:48.680Z"}
{"level":"info","message":"credentials for the normal user successfully created","timestamp":"2024-04-18T13:40:48.742Z"}
{"level":"info","message":"google credentials for the user successfully created","timestamp":"2024-04-18T13:40:48.809Z"}
{"level":"info","message":"password successfully hashed","timestamp":"2024-04-18T13:40:52.455Z"}
{"level":"info","message":"factor 2 auth successfully enabled","timestamp":"2024-04-18T13:40:53.717Z"}
{"level":"info","message":"factor 2 auth successfully disabled","timestamp":"2024-04-18T13:40:53.819Z"}
{"level":"info","message":"new account for the google user created","timestamp":"2024-04-18T13:49:12.923Z"}
{"level":"info","message":"qr code successfully generated","timestamp":"2024-04-18T13:49:15.544Z"}
{"level":"info","message":"credentials for the normal user successfully created","timestamp":"2024-04-18T13:49:15.610Z"}
{"level":"info","message":"google credentials for the user successfully created","timestamp":"2024-04-18T13:49:15.684Z"}
{"level":"info","message":"factor 2 auth successfully enabled","timestamp":"2024-04-18T13:49:19.283Z"}
{"level":"info","message":"factor 2 auth successfully disabled","timestamp":"2024-04-18T13:49:19.372Z"}
{"level":"info","message":"password successfully hashed","timestamp":"2024-04-18T13:49:20.657Z"}
{"level":"info","message":"new account for the google user created","timestamp":"2024-04-18T13:55:20.377Z"}
{"level":"info","message":"qr code successfully generated","timestamp":"2024-04-18T13:55:22.518Z"}
{"level":"info","message":"credentials for the normal user successfully created","timestamp":"2024-04-18T13:55:22.594Z"}
{"level":"info","message":"google credentials for the user successfully created","timestamp":"2024-04-18T13:55:22.672Z"}
{"level":"info","message":"factor 2 auth successfully enabled","timestamp":"2024-04-18T13:55:26.427Z"}
{"level":"info","message":"factor 2 auth successfully disabled","timestamp":"2024-04-18T13:55:26.514Z"}
{"level":"info","message":"password successfully hashed","timestamp":"2024-04-18T13:55:27.858Z"}
{"level":"info","message":"new account for the google user created","timestamp":"2024-04-18T14:07:27.239Z"}
{"level":"info","message":"qr code successfully generated","timestamp":"2024-04-18T14:07:29.348Z"}
{"level":"info","message":"credentials for the normal user successfully created","timestamp":"2024-04-18T14:07:29.433Z"}
{"level":"info","message":"google credentials for the user successfully created","timestamp":"2024-04-18T14:07:29.502Z"}
{"level":"info","message":"factor 2 auth successfully enabled","timestamp":"2024-04-18T14:07:32.978Z"}
{"level":"info","message":"factor 2 auth successfully disabled","timestamp":"2024-04-18T14:07:33.044Z"}
{"level":"info","message":"password successfully hashed","timestamp":"2024-04-18T14:07:34.097Z"}
{"level":"info","message":"new account for the google user created","timestamp":"2024-04-18T14:08:35.241Z"}
{"level":"info","message":"qr code successfully generated","timestamp":"2024-04-18T14:08:37.715Z"}
{"level":"info","message":"credentials for the normal user successfully created","timestamp":"2024-04-18T14:08:37.781Z"}
{"level":"info","message":"google credentials for the user successfully created","timestamp":"2024-04-18T14:08:37.848Z"}
{"level":"info","message":"factor 2 auth successfully enabled","timestamp":"2024-04-18T14:08:41.360Z"}
{"level":"info","message":"factor 2 auth successfully disabled","timestamp":"2024-04-18T14:08:41.419Z"}
{"level":"info","message":"password successfully hashed","timestamp":"2024-04-18T14:08:42.657Z"}
{"level":"info","message":"follow request successfully sent","timestamp":"2024-04-18T15:31:40.910Z"}
{"level":"info","message":"chat list successfully collected","timestamp":"2024-04-18T15:32:12.398Z"}
{"level":"info","message":"follow request successfully sent","timestamp":"2024-04-18T15:32:46.113Z"}
{"level":"info","message":"chat list successfully collected","timestamp":"2024-04-18T15:33:17.098Z"}
{"level":"info","message":"follow request successfully sent","timestamp":"2024-04-18T15:36:21.803Z"}
{"level":"info","message":"chat list successfully collected","timestamp":"2024-04-18T15:36:52.924Z"}
{"level":"info","message":"follow request successfully sent","timestamp":"2024-04-18T15:45:49.908Z"}
{"level":"info","message":"chat list successfully collected","timestamp":"2024-04-18T15:46:21.085Z"}
