{"level":"info","message":"chat list successfully collected","timestamp":"2024-04-23T19:01:27.917Z"}
{"level":"info","message":"chat list successfully collected","timestamp":"2024-04-23T19:03:45.262Z"}
{"level":"info","message":"chat list successfully collected","timestamp":"2024-04-23T19:07:25.329Z"}
{"level":"info","message":"chat list successfully collected","timestamp":"2024-04-23T19:07:56.783Z"}
{"level":"info","message":"chat list successfully collected","timestamp":"2024-04-23T19:09:23.380Z"}
{"level":"info","message":"chat list successfully collected","timestamp":"2024-04-23T19:21:12.608Z"}
{"level":"info","message":"chat list successfully collected","timestamp":"2024-04-23T19:22:23.782Z"}
{"level":"info","message":"chat list successfully collected","timestamp":"2024-04-23T19:22:48.581Z"}
{"level":"info","message":"chat list successfully collected","timestamp":"2024-04-23T19:24:04.257Z"}
{"level":"info","message":"chat list successfully collected","timestamp":"2024-04-23T19:24:14.845Z"}
{"level":"info","message":"chat list successfully collected","timestamp":"2024-04-23T19:30:19.673Z"}
{"level":"info","message":"chat list successfully collected","timestamp":"2024-04-23T19:32:17.870Z"}
{"level":"info","message":"chat list successfully collected","timestamp":"2024-04-23T19:32:51.258Z"}
{"level":"info","message":"chat list successfully collected","timestamp":"2024-04-23T19:32:57.216Z"}
{"level":"info","message":"chat list successfully collected","timestamp":"2024-04-23T19:37:02.171Z"}
{"level":"info","message":"chat list successfully collected","timestamp":"2024-04-23T19:40:13.446Z"}
{"level":"info","message":"chat list successfully collected","timestamp":"2024-04-23T19:43:14.444Z"}
{"level":"info","message":"chat list successfully collected","timestamp":"2024-04-23T19:44:19.993Z"}
{"level":"info","message":"chat list successfully collected","timestamp":"2024-04-23T19:47:03.863Z"}
{"level":"info","message":"chat list successfully collected","timestamp":"2024-04-23T19:50:23.756Z"}
{"level":"info","message":"chat list successfully collected","timestamp":"2024-04-23T19:50:29.058Z"}
{"level":"info","message":"chat list successfully collected","timestamp":"2024-04-23T19:51:01.961Z"}
{"level":"info","message":"chat list successfully collected","timestamp":"2024-04-23T19:52:10.726Z"}
{"level":"info","message":"chat list successfully collected","timestamp":"2024-04-23T19:52:15.719Z"}
{"level":"info","message":"chat list successfully collected","timestamp":"2024-04-23T19:52:17.592Z"}
{"level":"info","message":"chat list successfully collected","timestamp":"2024-04-23T19:52:21.127Z"}
{"level":"info","message":"chat list successfully collected","timestamp":"2024-04-23T19:52:38.221Z"}
{"level":"info","message":"chat list successfully collected","timestamp":"2024-04-23T19:52:40.783Z"}
{"level":"info","message":"chat list successfully collected","timestamp":"2024-04-23T19:52:43.382Z"}
{"level":"info","message":"chat list successfully collected","timestamp":"2024-04-23T19:53:08.445Z"}
{"level":"info","message":"chat list successfully collected","timestamp":"2024-04-23T19:53:40.202Z"}
{"level":"info","message":"chat list successfully collected","timestamp":"2024-04-23T19:56:14.632Z"}
{"level":"info","message":"chat list successfully collected","timestamp":"2024-04-23T19:56:19.289Z"}
{"level":"info","message":"chat list successfully collected","timestamp":"2024-04-23T19:56:22.774Z"}
{"level":"info","message":"chat list successfully collected","timestamp":"2024-04-23T19:56:26.066Z"}
{"level":"info","message":"chat list successfully collected","timestamp":"2024-04-23T19:56:28.101Z"}
{"level":"info","message":"chat list successfully collected","timestamp":"2024-04-23T19:56:37.146Z"}
{"level":"info","message":"chat list successfully collected","timestamp":"2024-04-23T19:56:52.941Z"}
{"level":"info","message":"chat list successfully collected","timestamp":"2024-04-23T19:57:41.699Z"}
{"level":"info","message":"chat list successfully collected","timestamp":"2024-04-23T19:57:51.625Z"}
{"level":"info","message":"chat list successfully collected","timestamp":"2024-04-23T19:57:55.134Z"}
{"level":"info","message":"chat list successfully collected","timestamp":"2024-04-23T19:58:00.830Z"}
{"level":"info","message":"chat list successfully collected","timestamp":"2024-04-23T19:58:38.019Z"}
{"level":"info","message":"chat list successfully collected","timestamp":"2024-04-23T19:58:40.561Z"}
{"level":"info","message":"chat list successfully collected","timestamp":"2024-04-23T19:58:44.391Z"}
{"level":"info","message":"chat list successfully collected","timestamp":"2024-04-23T19:59:04.146Z"}
{"level":"info","message":"chat list successfully collected","timestamp":"2024-04-23T19:59:07.467Z"}
{"level":"info","message":"chat list successfully collected","timestamp":"2024-04-23T19:59:08.818Z"}
{"level":"info","message":"chat list successfully collected","timestamp":"2024-04-23T19:59:57.862Z"}
{"level":"info","message":"chat list successfully collected","timestamp":"2024-04-23T20:00:00.781Z"}
{"level":"info","message":"chat list successfully collected","timestamp":"2024-04-23T20:00:05.853Z"}
{"level":"info","message":"chat list successfully collected","timestamp":"2024-04-23T20:00:08.429Z"}
{"level":"info","message":"chat list successfully collected","timestamp":"2024-04-23T20:00:11.456Z"}
{"level":"info","message":"chat list successfully collected","timestamp":"2024-04-23T20:00:13.937Z"}
{"level":"info","message":"chat list successfully collected","timestamp":"2024-04-23T20:00:16.208Z"}
{"level":"info","message":"chat list successfully collected","timestamp":"2024-04-23T20:00:25.383Z"}
{"level":"info","message":"chat list successfully collected","timestamp":"2024-04-23T20:01:10.049Z"}
{"level":"info","message":"chat list successfully collected","timestamp":"2024-04-23T20:01:32.389Z"}
{"level":"info","message":"chat list successfully collected","timestamp":"2024-04-23T20:04:36.884Z"}
{"level":"info","message":"chat list successfully collected","timestamp":"2024-04-23T20:07:22.519Z"}
{"level":"info","message":"chat list successfully collected","timestamp":"2024-04-23T20:08:26.051Z"}
{"level":"info","message":"chat list successfully collected","timestamp":"2024-04-23T20:08:26.899Z"}
{"level":"info","message":"chat list successfully collected","timestamp":"2024-04-23T20:08:38.396Z"}
{"level":"info","message":"chat list successfully collected","timestamp":"2024-04-23T20:08:59.997Z"}
{"level":"info","message":"chat list successfully collected","timestamp":"2024-04-23T20:09:04.960Z"}
{"level":"info","message":"chat list successfully collected","timestamp":"2024-04-23T20:09:11.162Z"}
{"level":"info","message":"chat list successfully collected","timestamp":"2024-04-23T20:10:05.130Z"}
{"level":"info","message":"chat list successfully collected","timestamp":"2024-04-23T20:10:08.656Z"}
{"level":"info","message":"chat list successfully collected","timestamp":"2024-04-23T20:11:37.034Z"}
{"level":"info","message":"chat list successfully collected","timestamp":"2024-04-23T20:11:58.003Z"}
{"level":"info","message":"chat list successfully collected","timestamp":"2024-04-23T20:12:13.058Z"}
{"level":"info","message":"chat list successfully collected","timestamp":"2024-04-23T20:12:38.054Z"}
{"level":"info","message":"chat list successfully collected","timestamp":"2024-04-23T20:12:41.822Z"}
{"level":"info","message":"chat list successfully collected","timestamp":"2024-04-23T20:13:08.161Z"}
{"level":"info","message":"chat list successfully collected","timestamp":"2024-04-23T20:13:14.119Z"}
{"level":"info","message":"chat list successfully collected","timestamp":"2024-04-23T20:13:32.809Z"}
{"level":"info","message":"chat list successfully collected","timestamp":"2024-04-23T20:13:40.960Z"}
{"level":"info","message":"chat list successfully collected","timestamp":"2024-04-23T20:13:49.831Z"}
{"level":"info","message":"chat list successfully collected","timestamp":"2024-04-23T20:13:54.440Z"}
{"level":"info","message":"chat list successfully collected","timestamp":"2024-04-23T20:13:58.404Z"}
{"level":"info","message":"chat list successfully collected","timestamp":"2024-04-23T20:14:00.219Z"}
{"level":"info","message":"chat list successfully collected","timestamp":"2024-04-23T20:15:16.732Z"}
{"level":"info","message":"chat list successfully collected","timestamp":"2024-04-23T20:15:21.877Z"}
{"level":"info","message":"chat list successfully collected","timestamp":"2024-04-23T20:15:26.390Z"}
{"level":"info","message":"chat list successfully collected","timestamp":"2024-04-23T20:15:29.235Z"}
{"level":"info","message":"chat list successfully collected","timestamp":"2024-04-23T20:15:41.533Z"}
{"level":"info","message":"chat list successfully collected","timestamp":"2024-04-23T20:16:40.617Z"}
{"level":"info","message":"chat list successfully collected","timestamp":"2024-04-23T20:16:43.627Z"}
{"level":"info","message":"chat list successfully collected","timestamp":"2024-04-23T20:16:48.961Z"}
{"level":"info","message":"chat list successfully collected","timestamp":"2024-04-23T20:16:51.623Z"}
{"level":"info","message":"chat list successfully collected","timestamp":"2024-04-23T20:16:56.462Z"}
{"level":"info","message":"chat list successfully collected","timestamp":"2024-04-23T20:17:38.216Z"}
{"level":"info","message":"chat list successfully collected","timestamp":"2024-04-23T20:18:06.084Z"}
{"level":"info","message":"chat list successfully collected","timestamp":"2024-04-23T20:19:45.067Z"}
{"level":"info","message":"chat list successfully collected","timestamp":"2024-04-23T20:21:14.759Z"}
{"level":"info","message":"chat list successfully collected","timestamp":"2024-04-23T20:22:27.883Z"}
{"level":"info","message":"chat list successfully collected","timestamp":"2024-04-23T20:23:25.579Z"}
{"level":"info","message":"chat list successfully collected","timestamp":"2024-04-23T20:23:31.421Z"}
{"level":"info","message":"chat list successfully collected","timestamp":"2024-04-23T20:23:52.105Z"}
{"level":"info","message":"chat list successfully collected","timestamp":"2024-04-23T20:25:02.320Z"}
{"level":"info","message":"chat list successfully collected","timestamp":"2024-04-23T20:25:51.128Z"}
{"level":"info","message":"chat list successfully collected","timestamp":"2024-04-23T20:27:16.517Z"}
{"level":"info","message":"chat list successfully collected","timestamp":"2024-04-23T20:28:22.621Z"}
{"level":"info","message":"chat list successfully collected","timestamp":"2024-04-23T20:28:59.714Z"}
{"level":"info","message":"chat list successfully collected","timestamp":"2024-04-23T20:29:00.786Z"}
{"level":"info","message":"chat list successfully collected","timestamp":"2024-04-23T20:29:06.371Z"}
{"level":"info","message":"chat list successfully collected","timestamp":"2024-04-23T20:29:08.535Z"}
{"level":"info","message":"chat list successfully collected","timestamp":"2024-04-23T20:29:12.103Z"}
{"level":"info","message":"chat list successfully collected","timestamp":"2024-04-23T20:29:14.746Z"}
{"level":"info","message":"chat list successfully collected","timestamp":"2024-04-23T20:29:19.661Z"}
{"level":"info","message":"chat list successfully collected","timestamp":"2024-04-23T20:29:29.961Z"}
{"level":"info","message":"chat list successfully collected","timestamp":"2024-04-23T20:29:31.821Z"}
{"level":"info","message":"chat list successfully collected","timestamp":"2024-04-23T20:29:37.368Z"}
{"level":"info","message":"chat list successfully collected","timestamp":"2024-04-23T20:29:40.200Z"}
{"level":"info","message":"chat list successfully collected","timestamp":"2024-04-23T20:29:46.580Z"}
{"level":"info","message":"chat list successfully collected","timestamp":"2024-04-23T20:29:49.934Z"}
{"level":"info","message":"chat list successfully collected","timestamp":"2024-04-23T20:29:52.806Z"}
{"level":"info","message":"chat list successfully collected","timestamp":"2024-04-23T20:30:27.347Z"}
{"level":"info","message":"chat list successfully collected","timestamp":"2024-04-23T20:30:42.229Z"}
{"level":"info","message":"chat list successfully collected","timestamp":"2024-04-23T20:31:49.498Z"}
{"level":"info","message":"chat list successfully collected","timestamp":"2024-04-23T20:33:15.825Z"}
{"level":"info","message":"chat list successfully collected","timestamp":"2024-04-23T20:43:55.626Z"}
{"level":"info","message":"chat list successfully collected","timestamp":"2024-04-23T20:55:56.045Z"}
{"level":"info","message":"chat list successfully collected","timestamp":"2024-04-23T20:57:49.730Z"}
{"level":"info","message":"chat list successfully collected","timestamp":"2024-04-23T21:01:29.398Z"}
{"level":"info","message":"chat list successfully collected","timestamp":"2024-04-23T21:02:43.654Z"}
{"level":"info","message":"chat list successfully collected","timestamp":"2024-04-23T21:04:20.289Z"}
{"level":"info","message":"chat list successfully collected","timestamp":"2024-04-23T21:05:08.311Z"}
{"level":"info","message":"chat list successfully collected","timestamp":"2024-04-23T21:14:01.158Z"}
{"level":"error","message":"Error: read ECONNRESET\n    at TLSWrap.onStreamRead (node:internal/stream_base_commons:217:20)","timestamp":"2024-04-24T06:03:17.272Z"}
{"level":"error","message":"Error: read ECONNRESET\n    at TLSWrap.onStreamRead (node:internal/stream_base_commons:217:20)","timestamp":"2024-04-24T06:03:18.025Z"}
{"level":"error","message":"Error: read ECONNRESET\n    at TLSWrap.onStreamRead (node:internal/stream_base_commons:217:20)","timestamp":"2024-04-24T06:03:18.747Z"}
{"level":"error","message":"Error: read ECONNRESET\n    at TLSWrap.onStreamRead (node:internal/stream_base_commons:217:20)","timestamp":"2024-04-24T06:03:21.250Z"}
{"level":"info","message":"chat list successfully collected","timestamp":"2024-04-24T06:03:25.640Z"}
{"level":"info","message":"chat list successfully collected","timestamp":"2024-04-24T06:51:59.199Z"}
{"level":"info","message":"chat list successfully collected","timestamp":"2024-04-24T06:52:01.183Z"}
{"level":"info","message":"chat list successfully collected","timestamp":"2024-04-24T06:52:08.671Z"}
{"level":"info","message":"chat list successfully collected","timestamp":"2024-04-24T06:52:18.714Z"}
{"level":"info","message":"chat list successfully collected","timestamp":"2024-04-24T06:52:22.085Z"}
{"level":"info","message":"chat list successfully collected","timestamp":"2024-04-24T06:52:27.267Z"}
{"level":"info","message":"chat list successfully collected","timestamp":"2024-04-24T06:52:28.520Z"}
{"level":"info","message":"chat list successfully collected","timestamp":"2024-04-24T06:52:39.269Z"}
{"level":"info","message":"chat list successfully collected","timestamp":"2024-04-24T06:52:48.895Z"}
{"level":"info","message":"chat list successfully collected","timestamp":"2024-04-24T06:52:59.024Z"}
{"level":"info","message":"chat list successfully collected","timestamp":"2024-04-24T06:53:06.970Z"}
{"level":"info","message":"chat list successfully collected","timestamp":"2024-04-24T06:53:47.146Z"}
{"level":"info","message":"chat list successfully collected","timestamp":"2024-04-24T06:54:01.784Z"}
{"level":"info","message":"chat list successfully collected","timestamp":"2024-04-24T06:54:17.194Z"}
{"level":"info","message":"chat list successfully collected","timestamp":"2024-04-24T06:54:17.901Z"}
{"level":"info","message":"chat list successfully collected","timestamp":"2024-04-24T06:54:29.182Z"}
{"level":"info","message":"chat list successfully collected","timestamp":"2024-04-24T06:54:41.406Z"}
{"level":"info","message":"chat list successfully collected","timestamp":"2024-04-24T06:56:57.347Z"}
{"level":"info","message":"chat list successfully collected","timestamp":"2024-04-24T06:57:33.466Z"}
{"level":"info","message":"chat list successfully collected","timestamp":"2024-04-24T06:57:51.212Z"}
{"level":"info","message":"chat list successfully collected","timestamp":"2024-04-24T06:57:56.814Z"}
{"level":"info","message":"chat list successfully collected","timestamp":"2024-04-24T07:00:32.451Z"}
{"level":"info","message":"chat list successfully collected","timestamp":"2024-04-24T07:00:47.903Z"}
{"level":"info","message":"chat list successfully collected","timestamp":"2024-04-24T07:00:49.889Z"}
{"level":"info","message":"chat list successfully collected","timestamp":"2024-04-24T07:00:57.729Z"}
{"level":"info","message":"chat list successfully collected","timestamp":"2024-04-24T07:01:13.017Z"}
{"level":"info","message":"chat list successfully collected","timestamp":"2024-04-24T07:01:26.419Z"}
{"level":"info","message":"the normal chats have been filtered","timestamp":"2024-04-24T07:02:22.240Z"}
{"level":"info","message":"chat list successfully collected","timestamp":"2024-04-24T07:03:44.358Z"}
{"level":"info","message":"chat list successfully collected","timestamp":"2024-04-24T07:03:48.174Z"}
{"level":"info","message":"chat list successfully collected","timestamp":"2024-04-24T07:03:50.637Z"}
{"level":"info","message":"chat list successfully collected","timestamp":"2024-04-24T07:03:53.348Z"}
{"level":"info","message":"chat list successfully collected","timestamp":"2024-04-24T07:04:01.147Z"}
{"level":"info","message":"chat list successfully collected","timestamp":"2024-04-24T07:04:03.144Z"}
{"level":"info","message":"the normal chats have been filtered","timestamp":"2024-04-24T07:04:20.278Z"}
{"level":"info","message":"chat list successfully collected","timestamp":"2024-04-24T07:05:34.826Z"}
{"level":"info","message":"chat list successfully collected","timestamp":"2024-04-24T07:05:42.182Z"}
{"level":"info","message":"the normal chats have been filtered","timestamp":"2024-04-24T07:06:16.823Z"}
{"level":"info","message":"chat list successfully collected","timestamp":"2024-04-24T07:06:42.371Z"}
{"level":"info","message":"the normal chats have been filtered","timestamp":"2024-04-24T07:06:47.677Z"}
{"level":"info","message":"chat list successfully collected","timestamp":"2024-04-24T07:07:06.614Z"}
{"level":"info","message":"chat list successfully collected","timestamp":"2024-04-24T07:07:11.475Z"}
{"level":"info","message":"the normal chats have been filtered","timestamp":"2024-04-24T07:07:18.707Z"}
{"level":"info","message":"the normal chats have been filtered","timestamp":"2024-04-24T07:07:36.246Z"}
{"level":"info","message":"the normal chats have been filtered","timestamp":"2024-04-24T07:07:49.608Z"}
{"level":"info","message":"chat list successfully collected","timestamp":"2024-04-24T07:07:56.493Z"}
{"level":"info","message":"the normal chats have been filtered","timestamp":"2024-04-24T07:08:06.179Z"}
{"level":"info","message":"chat list successfully collected","timestamp":"2024-04-24T07:10:10.237Z"}
{"level":"info","message":"chat list successfully collected","timestamp":"2024-04-24T07:10:18.147Z"}
{"level":"info","message":"chat list successfully collected","timestamp":"2024-04-24T07:10:21.856Z"}
{"level":"info","message":"chat list successfully collected","timestamp":"2024-04-24T07:10:24.092Z"}
{"level":"info","message":"chat list successfully collected","timestamp":"2024-04-24T07:10:30.129Z"}
{"level":"info","message":"chat list successfully collected","timestamp":"2024-04-24T07:10:33.636Z"}
{"level":"info","message":"the normal chats have been filtered","timestamp":"2024-04-24T07:12:38.475Z"}
{"level":"info","message":"chat list successfully collected","timestamp":"2024-04-24T07:13:24.468Z"}
{"level":"info","message":"chat list successfully collected","timestamp":"2024-04-24T07:13:37.711Z"}
{"level":"info","message":"chat list successfully collected","timestamp":"2024-04-24T07:13:40.004Z"}
{"level":"info","message":"the normal chats have been filtered","timestamp":"2024-04-24T07:13:49.539Z"}
{"level":"info","message":"the normal chats have been filtered","timestamp":"2024-04-24T07:13:59.007Z"}
{"level":"info","message":"chat list successfully collected","timestamp":"2024-04-24T07:15:51.871Z"}
{"level":"info","message":"group chats have been filtered","timestamp":"2024-04-24T07:17:08.327Z"}
{"level":"info","message":"chat list successfully collected","timestamp":"2024-04-24T07:17:18.293Z"}
{"level":"info","message":"chat list successfully collected","timestamp":"2024-04-24T07:17:25.980Z"}
{"level":"info","message":"chat list successfully collected","timestamp":"2024-04-24T07:19:00.061Z"}
{"level":"info","message":"chat list successfully collected","timestamp":"2024-04-24T07:26:39.075Z"}
{"level":"info","message":"chat list successfully collected","timestamp":"2024-04-24T07:26:50.235Z"}
{"level":"info","message":"chat list successfully collected","timestamp":"2024-04-24T07:29:38.588Z"}
{"level":"info","message":"chat list successfully collected","timestamp":"2024-04-24T07:30:13.884Z"}
{"level":"info","message":"chat list successfully collected","timestamp":"2024-04-24T07:31:10.633Z"}
{"level":"info","message":"chat list successfully collected","timestamp":"2024-04-24T07:35:51.932Z"}
{"level":"info","message":"chat list successfully collected","timestamp":"2024-04-24T07:37:49.312Z"}
{"level":"info","message":"chat list successfully collected","timestamp":"2024-04-24T07:41:01.284Z"}
{"level":"info","message":"chat list successfully collected","timestamp":"2024-04-24T07:44:58.149Z"}
{"level":"info","message":"chat list successfully collected","timestamp":"2024-04-24T07:46:46.222Z"}
{"level":"info","message":"chat list successfully collected","timestamp":"2024-04-24T07:51:48.113Z"}
{"level":"info","message":"chat list successfully collected","timestamp":"2024-04-24T07:53:13.684Z"}
{"level":"info","message":"chat list successfully collected","timestamp":"2024-04-24T07:58:15.968Z"}
{"level":"error","message":"Error\n    at groupManager (/home/saadingo/FullStack/advanced-fullstack-projects/chat-ape/server/src/controllers/controllerHelper.ts:333:43)\n    at process.processTicksAndRejections (node:internal/process/task_queues:95:5)\n    at removeGroupAdmin (/home/saadingo/FullStack/advanced-fullstack-projects/chat-ape/server/src/controllers/userController.ts:694:5)","timestamp":"2024-04-24T07:59:54.283Z"}
{"level":"info","message":"chat list successfully collected","timestamp":"2024-04-24T08:00:20.539Z"}
{"level":"info","message":"chat list successfully collected","timestamp":"2024-04-24T08:01:40.738Z"}
{"level":"info","message":"chat list successfully collected","timestamp":"2024-04-24T08:08:43.484Z"}
{"level":"info","message":"chat list successfully collected","timestamp":"2024-04-24T08:09:46.628Z"}
{"level":"info","message":"chat list successfully collected","timestamp":"2024-04-24T08:10:25.262Z"}
{"level":"info","message":"chat list successfully collected","timestamp":"2024-04-24T08:12:56.279Z"}
{"level":"info","message":"chat list successfully collected","timestamp":"2024-04-24T08:17:01.689Z"}
{"level":"info","message":"chat list successfully collected","timestamp":"2024-04-24T08:20:02.768Z"}
{"level":"info","message":"chat list successfully collected","timestamp":"2024-04-24T08:21:36.245Z"}
{"level":"info","message":"chat list successfully collected","timestamp":"2024-04-24T08:21:50.444Z"}
{"level":"info","message":"chat list successfully collected","timestamp":"2024-04-24T08:22:02.713Z"}
{"level":"info","message":"chat list successfully collected","timestamp":"2024-04-24T08:23:13.144Z"}
{"level":"info","message":"chat list successfully collected","timestamp":"2024-04-24T09:05:01.383Z"}
{"level":"info","message":"chat list successfully collected","timestamp":"2024-04-24T09:05:09.764Z"}
{"level":"info","message":"chat list successfully collected","timestamp":"2024-04-24T09:05:37.613Z"}
{"level":"info","message":"chat list successfully collected","timestamp":"2024-04-24T10:26:21.846Z"}
{"level":"error","message":"Error: read ECONNRESET\n    at TLSWrap.onStreamRead (node:internal/stream_base_commons:217:20)","timestamp":"2024-04-24T11:53:53.178Z"}
{"level":"error","message":"Error: read ECONNRESET\n    at TLSWrap.onStreamRead (node:internal/stream_base_commons:217:20)","timestamp":"2024-04-24T11:53:53.575Z"}
{"level":"error","message":"Error: read ECONNRESET\n    at TLSWrap.onStreamRead (node:internal/stream_base_commons:217:20)","timestamp":"2024-04-24T11:53:54.606Z"}
{"level":"error","message":"Error: read ECONNRESET\n    at TLSWrap.onStreamRead (node:internal/stream_base_commons:217:20)","timestamp":"2024-04-24T11:53:54.949Z"}
{"level":"error","message":"Error: read ECONNRESET\n    at TLSWrap.onStreamRead (node:internal/stream_base_commons:217:20)","timestamp":"2024-04-24T11:53:56.958Z"}
{"level":"info","message":"chat list successfully collected","timestamp":"2024-04-24T11:54:03.079Z"}
{"level":"info","message":"chat list successfully collected","timestamp":"2024-04-24T13:47:26.367Z"}
{"level":"info","message":"chat list successfully collected","timestamp":"2024-04-24T13:54:25.690Z"}
{"level":"info","message":"chat list successfully collected","timestamp":"2024-04-24T13:54:35.838Z"}
{"level":"info","message":"chat list successfully collected","timestamp":"2024-04-24T15:00:42.429Z"}
{"level":"info","message":"chat list successfully collected","timestamp":"2024-04-24T15:00:43.488Z"}
{"level":"info","message":"chat list successfully collected","timestamp":"2024-04-24T15:13:51.330Z"}
