{"level":"info","message":"follow request successfully sent","timestamp":"2024-04-19T19:16:13.367Z"}
{"level":"error","message":"incorrect auth headers provided","stack":"Error: incorrect auth headers provided\n    at /home/saadingo/FullStack/advanced-fullstack-projects/chat-ape/server/src/middlewares/AuthMiddlewares.ts:24:22\n    at Generator.next (<anonymous>)\n    at /home/saadingo/FullStack/advanced-fullstack-projects/chat-ape/server/src/middlewares/AuthMiddlewares.ts:1783:40\n    at new Promise (<anonymous>)\n    at Object.<anonymous>.__awaiter (/home/saadingo/FullStack/advanced-fullstack-projects/chat-ape/server/src/middlewares/AuthMiddlewares.ts:1732:10)\n    at authenticateUser (/home/saadingo/FullStack/advanced-fullstack-projects/chat-ape/server/src/middlewares/AuthMiddlewares.ts:1899:10)\n    at newFn (/home/saadingo/FullStack/advanced-fullstack-projects/chat-ape/server/node_modules/express-async-errors/index.js:16:20)\n    at Layer.handle [as handle_request] (/home/saadingo/FullStack/advanced-fullstack-projects/chat-ape/server/node_modules/express/lib/router/layer.js:95:5)\n    at trim_prefix (/home/saadingo/FullStack/advanced-fullstack-projects/chat-ape/server/node_modules/express/lib/router/index.js:328:13)\n    at /home/saadingo/FullStack/advanced-fullstack-projects/chat-ape/server/node_modules/express/lib/router/index.js:286:9\n    at Function.process_params (/home/saadingo/FullStack/advanced-fullstack-projects/chat-ape/server/node_modules/express/lib/router/index.js:346:12)\n    at next (/home/saadingo/FullStack/advanced-fullstack-projects/chat-ape/server/node_modules/express/lib/router/index.js:280:10)\n    at urlencodedParser (/home/saadingo/FullStack/advanced-fullstack-projects/chat-ape/server/node_modules/body-parser/lib/types/urlencoded.js:91:7)\n    at newFn (/home/saadingo/FullStack/advanced-fullstack-projects/chat-ape/server/node_modules/express-async-errors/index.js:16:20)\n    at Layer.handle [as handle_request] (/home/saadingo/FullStack/advanced-fullstack-projects/chat-ape/server/node_modules/express/lib/router/layer.js:95:5)\n    at trim_prefix (/home/saadingo/FullStack/advanced-fullstack-projects/chat-ape/server/node_modules/express/lib/router/index.js:328:13)\n    at /home/saadingo/FullStack/advanced-fullstack-projects/chat-ape/server/node_modules/express/lib/router/index.js:286:9\n    at Function.process_params (/home/saadingo/FullStack/advanced-fullstack-projects/chat-ape/server/node_modules/express/lib/router/index.js:346:12)\n    at next (/home/saadingo/FullStack/advanced-fullstack-projects/chat-ape/server/node_modules/express/lib/router/index.js:280:10)\n    at jsonParser (/home/saadingo/FullStack/advanced-fullstack-projects/chat-ape/server/node_modules/body-parser/lib/types/json.js:113:7)\n    at newFn (/home/saadingo/FullStack/advanced-fullstack-projects/chat-ape/server/node_modules/express-async-errors/index.js:16:20)\n    at Layer.handle [as handle_request] (/home/saadingo/FullStack/advanced-fullstack-projects/chat-ape/server/node_modules/express/lib/router/layer.js:95:5)\n    at trim_prefix (/home/saadingo/FullStack/advanced-fullstack-projects/chat-ape/server/node_modules/express/lib/router/index.js:328:13)\n    at /home/saadingo/FullStack/advanced-fullstack-projects/chat-ape/server/node_modules/express/lib/router/index.js:286:9\n    at Function.process_params (/home/saadingo/FullStack/advanced-fullstack-projects/chat-ape/server/node_modules/express/lib/router/index.js:346:12)\n    at next (/home/saadingo/FullStack/advanced-fullstack-projects/chat-ape/server/node_modules/express/lib/router/index.js:280:10)\n    at expressInit (/home/saadingo/FullStack/advanced-fullstack-projects/chat-ape/server/node_modules/express/lib/middleware/init.js:40:5)\n    at newFn (/home/saadingo/FullStack/advanced-fullstack-projects/chat-ape/server/node_modules/express-async-errors/index.js:16:20)\n    at Layer.handle [as handle_request] (/home/saadingo/FullStack/advanced-fullstack-projects/chat-ape/server/node_modules/express/lib/router/layer.js:95:5)\n    at trim_prefix (/home/saadingo/FullStack/advanced-fullstack-projects/chat-ape/server/node_modules/express/lib/router/index.js:328:13)\n    at /home/saadingo/FullStack/advanced-fullstack-projects/chat-ape/server/node_modules/express/lib/router/index.js:286:9\n    at Function.process_params (/home/saadingo/FullStack/advanced-fullstack-projects/chat-ape/server/node_modules/express/lib/router/index.js:346:12)\n    at next (/home/saadingo/FullStack/advanced-fullstack-projects/chat-ape/server/node_modules/express/lib/router/index.js:280:10)\n    at query (/home/saadingo/FullStack/advanced-fullstack-projects/chat-ape/server/node_modules/express/lib/middleware/query.js:45:5)\n    at newFn (/home/saadingo/FullStack/advanced-fullstack-projects/chat-ape/server/node_modules/express-async-errors/index.js:16:20)\n    at Layer.handle [as handle_request] (/home/saadingo/FullStack/advanced-fullstack-projects/chat-ape/server/node_modules/express/lib/router/layer.js:95:5)\n    at trim_prefix (/home/saadingo/FullStack/advanced-fullstack-projects/chat-ape/server/node_modules/express/lib/router/index.js:328:13)\n    at /home/saadingo/FullStack/advanced-fullstack-projects/chat-ape/server/node_modules/express/lib/router/index.js:286:9\n    at Function.process_params (/home/saadingo/FullStack/advanced-fullstack-projects/chat-ape/server/node_modules/express/lib/router/index.js:346:12)\n    at next (/home/saadingo/FullStack/advanced-fullstack-projects/chat-ape/server/node_modules/express/lib/router/index.js:280:10)\n    at Function.handle (/home/saadingo/FullStack/advanced-fullstack-projects/chat-ape/server/node_modules/express/lib/router/index.js:175:3)\n    at Function.handle (/home/saadingo/FullStack/advanced-fullstack-projects/chat-ape/server/node_modules/express/lib/application.js:181:10)\n    at Server.app (/home/saadingo/FullStack/advanced-fullstack-projects/chat-ape/server/node_modules/express/lib/express.js:39:9)\n    at Server.emit (node:events:518:28)\n    at parserOnIncoming (node:_http_server:1137:12)\n    at HTTPParser.parserOnHeadersComplete (node:_http_common:119:17)","timestamp":"2024-04-20T08:15:55.098Z"}
{"level":"info","message":"group chats have been filtered","timestamp":"2024-04-20T08:30:35.386Z"}
{"level":"info","message":"group chats have been filtered","timestamp":"2024-04-20T08:33:02.104Z"}
{"level":"info","message":"group chats have been filtered","timestamp":"2024-04-20T08:33:11.524Z"}
{"level":"info","message":"group chats have been filtered","timestamp":"2024-04-20T08:33:15.339Z"}
{"level":"info","message":"group chats have been filtered","timestamp":"2024-04-20T08:33:19.678Z"}
{"level":"info","message":"group chats have been filtered","timestamp":"2024-04-20T08:33:24.489Z"}
{"level":"info","message":"group chats have been filtered","timestamp":"2024-04-20T08:33:34.813Z"}
{"level":"info","message":"group chats have been filtered","timestamp":"2024-04-20T08:33:46.654Z"}
{"level":"info","message":"group chats have been filtered","timestamp":"2024-04-20T08:35:24.569Z"}
{"level":"info","message":"group chats have been filtered","timestamp":"2024-04-20T08:35:29.151Z"}
{"level":"info","message":"group chats have been filtered","timestamp":"2024-04-20T08:35:32.286Z"}
{"level":"info","message":"group chats have been filtered","timestamp":"2024-04-20T08:37:04.822Z"}
{"level":"info","message":"group chats have been filtered","timestamp":"2024-04-20T08:37:55.569Z"}
{"level":"info","message":"group chats have been filtered","timestamp":"2024-04-20T08:38:05.200Z"}
{"level":"info","message":"group chats have been filtered","timestamp":"2024-04-20T08:39:07.623Z"}
{"level":"info","message":"group chats have been filtered","timestamp":"2024-04-20T08:39:12.525Z"}
{"level":"info","message":"group chats have been filtered","timestamp":"2024-04-20T08:42:11.016Z"}
{"level":"info","message":"group chats have been filtered","timestamp":"2024-04-20T08:42:24.226Z"}
{"level":"info","message":"group chats have been filtered","timestamp":"2024-04-20T08:48:28.208Z"}
{"level":"info","message":"group chats have been filtered","timestamp":"2024-04-20T08:48:51.706Z"}
{"level":"info","message":"group chats have been filtered","timestamp":"2024-04-20T08:53:45.632Z"}
{"level":"info","message":"group chats have been filtered","timestamp":"2024-04-20T08:54:00.741Z"}
{"level":"info","message":"group chats have been filtered","timestamp":"2024-04-20T08:54:05.715Z"}
{"level":"info","message":"group chats have been filtered","timestamp":"2024-04-20T08:54:27.330Z"}
{"level":"info","message":"group chats have been filtered","timestamp":"2024-04-20T08:54:30.810Z"}
{"level":"info","message":"group chats have been filtered","timestamp":"2024-04-20T08:54:52.057Z"}
{"level":"info","message":"group chats have been filtered","timestamp":"2024-04-20T08:55:06.278Z"}
{"level":"info","message":"group chats have been filtered","timestamp":"2024-04-20T08:55:09.941Z"}
{"level":"info","message":"group chats have been filtered","timestamp":"2024-04-20T08:55:29.187Z"}
{"level":"info","message":"group chats have been filtered","timestamp":"2024-04-20T08:55:54.912Z"}
{"level":"info","message":"group chats have been filtered","timestamp":"2024-04-20T08:55:57.834Z"}
{"level":"info","message":"group chats have been filtered","timestamp":"2024-04-20T08:56:19.456Z"}
{"level":"info","message":"group chats have been filtered","timestamp":"2024-04-20T08:56:24.349Z"}
{"level":"info","message":"group chats have been filtered","timestamp":"2024-04-20T08:56:55.030Z"}
{"level":"info","message":"group chats have been filtered","timestamp":"2024-04-20T08:57:43.043Z"}
{"level":"info","message":"group chats have been filtered","timestamp":"2024-04-20T08:57:55.098Z"}
{"level":"info","message":"group chats have been filtered","timestamp":"2024-04-20T08:58:02.133Z"}
{"level":"info","message":"group chats have been filtered","timestamp":"2024-04-20T08:58:35.804Z"}
{"level":"info","message":"group chats have been filtered","timestamp":"2024-04-20T08:58:50.943Z"}
{"level":"info","message":"group chats have been filtered","timestamp":"2024-04-20T08:58:54.124Z"}
{"level":"info","message":"group chats have been filtered","timestamp":"2024-04-20T08:59:17.035Z"}
{"level":"info","message":"group chats have been filtered","timestamp":"2024-04-20T08:59:20.573Z"}
{"level":"info","message":"group chats have been filtered","timestamp":"2024-04-20T08:59:24.121Z"}
{"level":"info","message":"group chats have been filtered","timestamp":"2024-04-20T08:59:53.053Z"}
{"level":"info","message":"group chats have been filtered","timestamp":"2024-04-20T09:00:00.750Z"}
{"level":"info","message":"group chats have been filtered","timestamp":"2024-04-20T09:00:15.291Z"}
{"level":"info","message":"group chats have been filtered","timestamp":"2024-04-20T09:00:15.357Z"}
{"level":"info","message":"group chats have been filtered","timestamp":"2024-04-20T09:00:28.338Z"}
{"level":"info","message":"group chats have been filtered","timestamp":"2024-04-20T09:00:28.383Z"}
{"level":"info","message":"group chats have been filtered","timestamp":"2024-04-20T09:00:35.215Z"}
{"level":"info","message":"group chats have been filtered","timestamp":"2024-04-20T09:00:35.289Z"}
{"level":"info","message":"group chats have been filtered","timestamp":"2024-04-20T09:00:41.981Z"}
{"level":"info","message":"group chats have been filtered","timestamp":"2024-04-20T09:00:42.050Z"}
{"level":"info","message":"group chats have been filtered","timestamp":"2024-04-20T09:00:58.390Z"}
{"level":"info","message":"group chats have been filtered","timestamp":"2024-04-20T09:00:58.461Z"}
{"level":"info","message":"group chats have been filtered","timestamp":"2024-04-20T09:01:04.677Z"}
{"level":"info","message":"group chats have been filtered","timestamp":"2024-04-20T09:01:04.722Z"}
{"level":"info","message":"group chats have been filtered","timestamp":"2024-04-20T09:01:13.381Z"}
{"level":"info","message":"group chats have been filtered","timestamp":"2024-04-20T09:01:13.440Z"}
{"level":"info","message":"group chats have been filtered","timestamp":"2024-04-20T09:02:07.710Z"}
{"level":"info","message":"group chats have been filtered","timestamp":"2024-04-20T09:02:07.784Z"}
{"level":"info","message":"group chats have been filtered","timestamp":"2024-04-20T09:02:12.353Z"}
{"level":"info","message":"group chats have been filtered","timestamp":"2024-04-20T09:02:12.438Z"}
{"level":"info","message":"group chats have been filtered","timestamp":"2024-04-20T09:02:24.510Z"}
{"level":"info","message":"group chats have been filtered","timestamp":"2024-04-20T09:02:24.559Z"}
{"level":"info","message":"group chats have been filtered","timestamp":"2024-04-20T09:02:43.057Z"}
{"level":"info","message":"group chats have been filtered","timestamp":"2024-04-20T09:03:51.670Z"}
{"level":"info","message":"group chats have been filtered","timestamp":"2024-04-20T09:03:55.237Z"}
{"level":"info","message":"group chats have been filtered","timestamp":"2024-04-20T09:05:00.051Z"}
{"level":"info","message":"group chats have been filtered","timestamp":"2024-04-20T09:06:55.028Z"}
{"level":"info","message":"group chats have been filtered","timestamp":"2024-04-20T09:06:59.291Z"}
{"level":"info","message":"group chats have been filtered","timestamp":"2024-04-20T09:07:29.599Z"}
{"level":"info","message":"group chats have been filtered","timestamp":"2024-04-20T09:09:07.350Z"}
{"level":"info","message":"group chats have been filtered","timestamp":"2024-04-20T09:13:17.910Z"}
{"level":"info","message":"group chats have been filtered","timestamp":"2024-04-20T09:13:51.682Z"}
{"level":"info","message":"group chats have been filtered","timestamp":"2024-04-20T09:14:14.878Z"}
{"level":"info","message":"group chats have been filtered","timestamp":"2024-04-20T09:17:26.754Z"}
{"level":"info","message":"group chats have been filtered","timestamp":"2024-04-20T09:17:26.819Z"}
{"level":"info","message":"group chats have been filtered","timestamp":"2024-04-20T09:18:22.568Z"}
{"level":"info","message":"group chats have been filtered","timestamp":"2024-04-20T09:18:22.622Z"}
{"level":"info","message":"group chats have been filtered","timestamp":"2024-04-20T09:21:23.038Z"}
{"level":"info","message":"group chats have been filtered","timestamp":"2024-04-20T09:21:23.096Z"}
{"level":"info","message":"group chats have been filtered","timestamp":"2024-04-20T09:22:02.246Z"}
{"level":"info","message":"group chats have been filtered","timestamp":"2024-04-20T09:22:02.306Z"}
{"level":"info","message":"group chats have been filtered","timestamp":"2024-04-20T09:22:57.429Z"}
{"level":"info","message":"group chats have been filtered","timestamp":"2024-04-20T09:22:57.521Z"}
{"level":"info","message":"group chats have been filtered","timestamp":"2024-04-20T09:23:32.875Z"}
{"level":"info","message":"group chats have been filtered","timestamp":"2024-04-20T09:23:32.929Z"}
{"level":"info","message":"group chats have been filtered","timestamp":"2024-04-20T09:23:56.134Z"}
{"level":"info","message":"group chats have been filtered","timestamp":"2024-04-20T09:23:56.200Z"}
{"level":"info","message":"group chats have been filtered","timestamp":"2024-04-20T09:24:07.763Z"}
{"level":"info","message":"group chats have been filtered","timestamp":"2024-04-20T09:24:07.820Z"}
{"level":"info","message":"group chats have been filtered","timestamp":"2024-04-20T09:24:21.298Z"}
{"level":"info","message":"group chats have been filtered","timestamp":"2024-04-20T09:24:21.355Z"}
{"level":"info","message":"group chats have been filtered","timestamp":"2024-04-20T09:25:42.140Z"}
{"level":"info","message":"group chats have been filtered","timestamp":"2024-04-20T09:25:42.194Z"}
{"level":"info","message":"group chats have been filtered","timestamp":"2024-04-20T09:25:51.829Z"}
{"level":"info","message":"group chats have been filtered","timestamp":"2024-04-20T09:25:51.881Z"}
{"level":"info","message":"group chats have been filtered","timestamp":"2024-04-20T09:26:06.532Z"}
{"level":"info","message":"group chats have been filtered","timestamp":"2024-04-20T09:26:06.585Z"}
{"level":"info","message":"group chats have been filtered","timestamp":"2024-04-20T10:26:12.371Z"}
{"level":"info","message":"group chats have been filtered","timestamp":"2024-04-20T10:26:12.448Z"}
{"level":"info","message":"group chats have been filtered","timestamp":"2024-04-20T10:26:49.624Z"}
{"level":"info","message":"group chats have been filtered","timestamp":"2024-04-20T10:26:49.726Z"}
{"level":"info","message":"group chats have been filtered","timestamp":"2024-04-20T10:27:40.660Z"}
{"level":"info","message":"group chats have been filtered","timestamp":"2024-04-20T10:27:40.715Z"}
{"level":"info","message":"group chats have been filtered","timestamp":"2024-04-20T10:33:33.168Z"}
{"level":"info","message":"group chats have been filtered","timestamp":"2024-04-20T10:33:33.236Z"}
{"level":"info","message":"group chats have been filtered","timestamp":"2024-04-20T10:34:22.561Z"}
{"level":"info","message":"group chats have been filtered","timestamp":"2024-04-20T10:34:22.637Z"}
{"level":"info","message":"group chats have been filtered","timestamp":"2024-04-20T10:34:50.817Z"}
{"level":"info","message":"group chats have been filtered","timestamp":"2024-04-20T10:34:50.872Z"}
{"level":"info","message":"group chats have been filtered","timestamp":"2024-04-20T10:35:09.458Z"}
{"level":"info","message":"group chats have been filtered","timestamp":"2024-04-20T10:35:09.503Z"}
{"level":"info","message":"group chats have been filtered","timestamp":"2024-04-20T10:35:13.786Z"}
{"level":"info","message":"group chats have been filtered","timestamp":"2024-04-20T10:35:13.844Z"}
{"level":"info","message":"group chats have been filtered","timestamp":"2024-04-20T10:36:03.116Z"}
{"level":"info","message":"group chats have been filtered","timestamp":"2024-04-20T10:36:03.172Z"}
{"level":"info","message":"group chats have been filtered","timestamp":"2024-04-20T11:33:45.963Z"}
{"level":"info","message":"group chats have been filtered","timestamp":"2024-04-20T11:33:46.050Z"}
{"level":"info","message":"group chats have been filtered","timestamp":"2024-04-20T11:34:44.304Z"}
{"level":"info","message":"group chats have been filtered","timestamp":"2024-04-20T11:34:44.386Z"}
{"level":"info","message":"group chats have been filtered","timestamp":"2024-04-20T11:34:52.714Z"}
{"level":"info","message":"group chats have been filtered","timestamp":"2024-04-20T11:34:52.798Z"}
{"level":"info","message":"group chats have been filtered","timestamp":"2024-04-20T11:34:58.905Z"}
{"level":"info","message":"group chats have been filtered","timestamp":"2024-04-20T11:34:58.959Z"}
{"level":"info","message":"group chats have been filtered","timestamp":"2024-04-20T11:35:23.466Z"}
{"level":"info","message":"group chats have been filtered","timestamp":"2024-04-20T11:35:23.513Z"}
{"level":"info","message":"group chats have been filtered","timestamp":"2024-04-20T11:35:32.320Z"}
{"level":"info","message":"group chats have been filtered","timestamp":"2024-04-20T11:35:32.371Z"}
{"level":"info","message":"group chats have been filtered","timestamp":"2024-04-20T11:43:54.504Z"}
{"level":"info","message":"group chats have been filtered","timestamp":"2024-04-20T11:43:54.568Z"}
{"level":"info","message":"group chats have been filtered","timestamp":"2024-04-20T11:44:03.443Z"}
{"level":"info","message":"group chats have been filtered","timestamp":"2024-04-20T11:44:03.527Z"}
{"level":"info","message":"group chats have been filtered","timestamp":"2024-04-20T11:44:09.143Z"}
{"level":"info","message":"group chats have been filtered","timestamp":"2024-04-20T11:44:09.221Z"}
{"level":"info","message":"group chats have been filtered","timestamp":"2024-04-20T11:44:13.028Z"}
{"level":"info","message":"group chats have been filtered","timestamp":"2024-04-20T11:44:13.110Z"}
{"level":"info","message":"group chats have been filtered","timestamp":"2024-04-20T11:44:18.823Z"}
{"level":"info","message":"group chats have been filtered","timestamp":"2024-04-20T11:44:18.894Z"}
{"level":"info","message":"group chats have been filtered","timestamp":"2024-04-20T11:44:24.199Z"}
{"level":"info","message":"group chats have been filtered","timestamp":"2024-04-20T11:44:24.282Z"}
{"level":"info","message":"group chats have been filtered","timestamp":"2024-04-20T11:44:51.679Z"}
{"level":"info","message":"group chats have been filtered","timestamp":"2024-04-20T11:44:51.766Z"}
{"level":"info","message":"group chats have been filtered","timestamp":"2024-04-20T11:46:03.737Z"}
{"level":"info","message":"group chats have been filtered","timestamp":"2024-04-20T11:46:03.791Z"}
{"level":"info","message":"group chats have been filtered","timestamp":"2024-04-20T11:46:43.775Z"}
{"level":"info","message":"group chats have been filtered","timestamp":"2024-04-20T11:46:43.829Z"}
{"level":"info","message":"group chats have been filtered","timestamp":"2024-04-20T11:47:21.324Z"}
{"level":"info","message":"group chats have been filtered","timestamp":"2024-04-20T11:47:21.413Z"}
{"level":"info","message":"group chats have been filtered","timestamp":"2024-04-20T11:47:38.393Z"}
{"level":"info","message":"group chats have been filtered","timestamp":"2024-04-20T11:47:38.481Z"}
{"level":"info","message":"group chats have been filtered","timestamp":"2024-04-20T11:48:32.834Z"}
{"level":"info","message":"group chats have been filtered","timestamp":"2024-04-20T11:48:32.900Z"}
{"level":"info","message":"group chats have been filtered","timestamp":"2024-04-20T11:48:38.216Z"}
{"level":"info","message":"group chats have been filtered","timestamp":"2024-04-20T11:48:38.271Z"}
{"level":"info","message":"group chats have been filtered","timestamp":"2024-04-20T11:48:44.920Z"}
{"level":"info","message":"group chats have been filtered","timestamp":"2024-04-20T11:48:44.969Z"}
{"level":"info","message":"group chats have been filtered","timestamp":"2024-04-20T11:48:59.508Z"}
{"level":"info","message":"group chats have been filtered","timestamp":"2024-04-20T11:48:59.639Z"}
{"level":"info","message":"group chats have been filtered","timestamp":"2024-04-20T11:49:03.955Z"}
{"level":"info","message":"group chats have been filtered","timestamp":"2024-04-20T11:49:04.063Z"}
{"level":"info","message":"group chats have been filtered","timestamp":"2024-04-20T11:49:12.332Z"}
{"level":"info","message":"group chats have been filtered","timestamp":"2024-04-20T11:49:12.397Z"}
{"level":"info","message":"group chats have been filtered","timestamp":"2024-04-20T11:49:35.087Z"}
{"level":"info","message":"group chats have been filtered","timestamp":"2024-04-20T11:49:35.161Z"}
{"level":"info","message":"group chats have been filtered","timestamp":"2024-04-20T12:46:31.907Z"}
{"level":"info","message":"group chats have been filtered","timestamp":"2024-04-20T12:46:32.027Z"}
{"level":"info","message":"group chats have been filtered","timestamp":"2024-04-20T12:47:10.141Z"}
{"level":"info","message":"group chats have been filtered","timestamp":"2024-04-20T12:47:10.191Z"}
{"level":"info","message":"group chats have been filtered","timestamp":"2024-04-20T12:47:21.681Z"}
{"level":"info","message":"group chats have been filtered","timestamp":"2024-04-20T12:47:21.732Z"}
{"level":"info","message":"group chats have been filtered","timestamp":"2024-04-20T12:47:24.626Z"}
{"level":"info","message":"group chats have been filtered","timestamp":"2024-04-20T12:47:24.691Z"}
{"level":"info","message":"group chats have been filtered","timestamp":"2024-04-20T12:47:27.413Z"}
{"level":"info","message":"group chats have been filtered","timestamp":"2024-04-20T12:47:27.485Z"}
{"level":"info","message":"group chats have been filtered","timestamp":"2024-04-20T12:48:19.571Z"}
{"level":"info","message":"group chats have been filtered","timestamp":"2024-04-20T12:48:19.617Z"}
{"level":"info","message":"group chats have been filtered","timestamp":"2024-04-20T12:48:41.203Z"}
{"level":"info","message":"group chats have been filtered","timestamp":"2024-04-20T12:48:41.262Z"}
{"level":"info","message":"group chats have been filtered","timestamp":"2024-04-20T12:48:41.327Z"}
{"level":"info","message":"group chats have been filtered","timestamp":"2024-04-20T12:48:49.190Z"}
{"level":"info","message":"group chats have been filtered","timestamp":"2024-04-20T12:48:49.234Z"}
{"level":"info","message":"the normal chats have been filtered","timestamp":"2024-04-20T12:48:49.282Z"}
{"level":"info","message":"group chats have been filtered","timestamp":"2024-04-20T13:23:29.681Z"}
{"level":"info","message":"group chats have been filtered","timestamp":"2024-04-20T13:23:29.814Z"}
{"level":"info","message":"the normal chats have been filtered","timestamp":"2024-04-20T13:23:29.936Z"}
{"level":"info","message":"group chats have been filtered","timestamp":"2024-04-20T13:23:33.484Z"}
{"level":"info","message":"group chats have been filtered","timestamp":"2024-04-20T13:23:33.541Z"}
{"level":"info","message":"the normal chats have been filtered","timestamp":"2024-04-20T13:23:33.586Z"}
{"level":"info","message":"group chats have been filtered","timestamp":"2024-04-20T13:24:34.076Z"}
{"level":"info","message":"group chats have been filtered","timestamp":"2024-04-20T13:24:34.128Z"}
{"level":"info","message":"the normal chats have been filtered","timestamp":"2024-04-20T13:24:34.173Z"}
{"level":"info","message":"group chats have been filtered","timestamp":"2024-04-20T13:24:37.131Z"}
{"level":"info","message":"group chats have been filtered","timestamp":"2024-04-20T13:24:37.183Z"}
{"level":"info","message":"the normal chats have been filtered","timestamp":"2024-04-20T13:24:37.223Z"}
{"level":"info","message":"group chats have been filtered","timestamp":"2024-04-20T13:25:04.300Z"}
{"level":"info","message":"group chats have been filtered","timestamp":"2024-04-20T13:25:04.361Z"}
{"level":"info","message":"the normal chats have been filtered","timestamp":"2024-04-20T13:25:04.430Z"}
{"level":"info","message":"group chats have been filtered","timestamp":"2024-04-20T13:25:17.024Z"}
{"level":"info","message":"group chats have been filtered","timestamp":"2024-04-20T13:25:17.071Z"}
{"level":"info","message":"the normal chats have been filtered","timestamp":"2024-04-20T13:25:17.112Z"}
{"level":"info","message":"group chats have been filtered","timestamp":"2024-04-20T13:25:21.859Z"}
{"level":"info","message":"group chats have been filtered","timestamp":"2024-04-20T13:25:21.901Z"}
{"level":"info","message":"the normal chats have been filtered","timestamp":"2024-04-20T13:25:21.975Z"}
{"level":"info","message":"group chats have been filtered","timestamp":"2024-04-20T13:25:28.812Z"}
{"level":"info","message":"group chats have been filtered","timestamp":"2024-04-20T13:25:28.872Z"}
{"level":"info","message":"the normal chats have been filtered","timestamp":"2024-04-20T13:25:28.927Z"}
{"level":"info","message":"group chats have been filtered","timestamp":"2024-04-20T13:26:20.224Z"}
{"level":"info","message":"group chats have been filtered","timestamp":"2024-04-20T13:26:20.283Z"}
{"level":"info","message":"the normal chats have been filtered","timestamp":"2024-04-20T13:26:20.334Z"}
{"level":"info","message":"group chats have been filtered","timestamp":"2024-04-20T13:26:27.865Z"}
{"level":"info","message":"group chats have been filtered","timestamp":"2024-04-20T13:26:27.912Z"}
{"level":"info","message":"the normal chats have been filtered","timestamp":"2024-04-20T13:26:27.965Z"}
{"level":"info","message":"group chats have been filtered","timestamp":"2024-04-20T13:27:14.906Z"}
{"level":"info","message":"group chats have been filtered","timestamp":"2024-04-20T13:27:14.951Z"}
{"level":"info","message":"the normal chats have been filtered","timestamp":"2024-04-20T13:27:14.997Z"}
{"level":"info","message":"group chats have been filtered","timestamp":"2024-04-20T14:06:00.445Z"}
{"level":"info","message":"group chats have been filtered","timestamp":"2024-04-20T14:06:00.509Z"}
{"level":"info","message":"the normal chats have been filtered","timestamp":"2024-04-20T14:06:00.579Z"}
{"level":"info","message":"chat list successfully collected","timestamp":"2024-04-20T14:06:20.217Z"}
{"level":"info","message":"follow request successfully sent","timestamp":"2024-04-20T14:07:07.166Z"}
{"level":"info","message":"group chats have been filtered","timestamp":"2024-04-20T14:07:09.247Z"}
{"level":"info","message":"group chats have been filtered","timestamp":"2024-04-20T14:07:09.308Z"}
{"level":"info","message":"the normal chats have been filtered","timestamp":"2024-04-20T14:07:09.365Z"}
{"level":"info","message":"chat list successfully collected","timestamp":"2024-04-20T14:07:29.709Z"}
{"level":"info","message":"follow request successfully sent","timestamp":"2024-04-20T14:09:55.752Z"}
{"level":"info","message":"group chats have been filtered","timestamp":"2024-04-20T14:09:57.696Z"}
{"level":"info","message":"group chats have been filtered","timestamp":"2024-04-20T14:09:57.742Z"}
{"level":"info","message":"the normal chats have been filtered","timestamp":"2024-04-20T14:09:57.788Z"}
{"level":"info","message":"chat list successfully collected","timestamp":"2024-04-20T14:10:19.478Z"}
{"level":"info","message":"follow request successfully sent","timestamp":"2024-04-20T14:12:30.235Z"}
{"level":"info","message":"group chats have been filtered","timestamp":"2024-04-20T14:12:33.311Z"}
{"level":"info","message":"group chats have been filtered","timestamp":"2024-04-20T14:12:33.359Z"}
{"level":"info","message":"the normal chats have been filtered","timestamp":"2024-04-20T14:12:33.405Z"}
{"level":"info","message":"chat list successfully collected","timestamp":"2024-04-20T14:12:55.584Z"}
{"level":"info","message":"follow request successfully sent","timestamp":"2024-04-20T14:13:51.735Z"}
{"level":"info","message":"group chats have been filtered","timestamp":"2024-04-20T14:13:54.758Z"}
{"level":"info","message":"group chats have been filtered","timestamp":"2024-04-20T14:13:54.805Z"}
{"level":"info","message":"the normal chats have been filtered","timestamp":"2024-04-20T14:13:54.852Z"}
{"level":"info","message":"chat list successfully collected","timestamp":"2024-04-20T14:14:17.140Z"}
{"level":"info","message":"follow request successfully sent","timestamp":"2024-04-20T14:16:45.925Z"}
{"level":"info","message":"group chats have been filtered","timestamp":"2024-04-20T14:16:48.943Z"}
{"level":"info","message":"group chats have been filtered","timestamp":"2024-04-20T14:16:48.989Z"}
{"level":"info","message":"the normal chats have been filtered","timestamp":"2024-04-20T14:16:49.039Z"}
{"level":"info","message":"chat list successfully collected","timestamp":"2024-04-20T14:17:10.403Z"}
