{"level":"info","message":"chat list successfully collected","timestamp":"2024-04-22T08:24:46.319Z"}
{"level":"info","message":"chat list successfully collected","timestamp":"2024-04-22T08:26:08.495Z"}
{"level":"info","message":"chat list successfully collected","timestamp":"2024-04-22T08:30:45.214Z"}
{"level":"info","message":"chat list successfully collected","timestamp":"2024-04-22T08:31:56.259Z"}
{"level":"info","message":"chat list successfully collected","timestamp":"2024-04-22T08:32:03.506Z"}
{"level":"info","message":"chat list successfully collected","timestamp":"2024-04-22T08:35:21.254Z"}
{"level":"info","message":"chat list successfully collected","timestamp":"2024-04-22T08:40:17.918Z"}
{"level":"info","message":"chat list successfully collected","timestamp":"2024-04-22T08:41:02.319Z"}
{"level":"info","message":"chat list successfully collected","timestamp":"2024-04-22T08:53:15.293Z"}
{"level":"info","message":"chat list successfully collected","timestamp":"2024-04-22T08:54:20.405Z"}
{"level":"info","message":"chat list successfully collected","timestamp":"2024-04-22T09:12:31.180Z"}
{"level":"error","message":"Error: password do not match\n    at loginUser (/home/saadingo/FullStack/advanced-fullstack-projects/chat-ape/server/src/controllers/sessionController.ts:96:23)","timestamp":"2024-04-22T09:13:05.343Z"}
{"level":"info","message":"chat list successfully collected","timestamp":"2024-04-22T09:13:17.997Z"}
{"level":"info","message":"chat list successfully collected","timestamp":"2024-04-22T09:15:39.959Z"}
{"level":"info","message":"chat list successfully collected","timestamp":"2024-04-22T09:16:40.635Z"}
{"level":"info","message":"chat list successfully collected","timestamp":"2024-04-22T09:24:08.539Z"}
{"level":"info","message":"chat list successfully collected","timestamp":"2024-04-22T09:24:19.864Z"}
{"level":"error","message":"Error: ENOENT: no such file or directory, open '/home/saadingo/FullStack/advanced-fullstack-projects/chat-ape/server/uploads/group-images/image-1713777862338553125986.jpg'","timestamp":"2024-04-22T09:24:22.342Z"}
{"level":"error","message":"Error: ENOENT: no such file or directory, open '/home/saadingo/FullStack/advanced-fullstack-projects/chat-ape/server/uploads/chat-images/image-171377788875257870970.jpg'","timestamp":"2024-04-22T09:24:48.757Z"}
{"level":"info","message":"chat list successfully collected","timestamp":"2024-04-22T09:27:31.134Z"}
{"level":"error","message":"Error: ENOENT: no such file or directory, open '/home/saadingo/FullStack/advanced-fullstack-projects/chat-ape/server/uploads/chat-images/image-1713778057686111765449.jpg'","timestamp":"2024-04-22T09:27:37.692Z"}
{"level":"info","message":"chat list successfully collected","timestamp":"2024-04-22T09:31:08.362Z"}
{"level":"error","message":"Error: ENOENT: no such file or directory, open '/home/saadingo/FullStack/advanced-fullstack-projects/chat-ape/server/uploads/chat-images/image-171377827342957751414.jpg'","timestamp":"2024-04-22T09:31:13.435Z"}
{"level":"info","message":"chat list successfully collected","timestamp":"2024-04-22T09:34:15.699Z"}
{"level":"info","message":"chat list successfully collected","timestamp":"2024-04-22T09:34:22.174Z"}
{"level":"info","message":"chat list successfully collected","timestamp":"2024-04-22T09:34:32.263Z"}
{"level":"info","message":"chat list successfully collected","timestamp":"2024-04-22T09:35:11.971Z"}
{"level":"error","message":"Error: ENOENT: no such file or directory, open '/home/saadingo/FullStack/advanced-fullstack-projects/chat-ape/server/uploads/chat-images/image-1713778549652263265727.jpg'","timestamp":"2024-04-22T09:35:49.670Z"}
{"level":"info","message":"chat list successfully collected","timestamp":"2024-04-22T09:38:17.580Z"}
{"level":"error","message":"Error: ENOENT: no such file or directory, open '/home/saadingo/FullStack/advanced-fullstack-projects/chat-ape/server/uploads/chat-images/image-1713778702207382483361.jpg'","timestamp":"2024-04-22T09:38:22.219Z"}
{"level":"error","message":"Error: ENOENT: no such file or directory, open '/home/saadingo/FullStack/advanced-fullstack-projects/chat-ape/server/uploads/chat-images/image-1713778847209658107048.jpg'","timestamp":"2024-04-22T09:40:47.217Z"}
{"level":"info","message":"chat list successfully collected","timestamp":"2024-04-22T09:43:58.508Z"}
{"level":"info","message":"chat list successfully collected","timestamp":"2024-04-22T09:44:03.752Z"}
{"level":"info","message":"chat list successfully collected","timestamp":"2024-04-22T09:44:09.360Z"}
{"level":"info","message":"chat list successfully collected","timestamp":"2024-04-22T09:44:24.479Z"}
{"level":"info","message":"chat list successfully collected","timestamp":"2024-04-22T09:44:36.162Z"}
{"level":"info","message":"chat list successfully collected","timestamp":"2024-04-22T09:44:39.532Z"}
{"level":"info","message":"chat list successfully collected","timestamp":"2024-04-22T09:44:43.662Z"}
{"level":"info","message":"chat list successfully collected","timestamp":"2024-04-22T09:44:52.457Z"}
{"level":"info","message":"chat list successfully collected","timestamp":"2024-04-22T09:45:02.067Z"}
{"level":"info","message":"chat list successfully collected","timestamp":"2024-04-22T09:45:09.677Z"}
{"level":"info","message":"chat list successfully collected","timestamp":"2024-04-22T09:45:10.959Z"}
{"level":"info","message":"chat list successfully collected","timestamp":"2024-04-22T09:54:56.457Z"}
{"level":"info","message":"follow request successfully sent","timestamp":"2024-04-22T09:55:58.897Z"}
{"level":"info","message":"group chats have been filtered","timestamp":"2024-04-22T09:56:03.140Z"}
{"level":"info","message":"group chats have been filtered","timestamp":"2024-04-22T09:56:03.223Z"}
{"level":"info","message":"the normal chats have been filtered","timestamp":"2024-04-22T09:56:03.281Z"}
{"level":"info","message":"chat list successfully collected","timestamp":"2024-04-22T09:56:26.590Z"}
{"level":"info","message":"follow request successfully sent","timestamp":"2024-04-22T10:15:39.384Z"}
{"level":"info","message":"group chats have been filtered","timestamp":"2024-04-22T10:15:43.035Z"}
{"level":"info","message":"group chats have been filtered","timestamp":"2024-04-22T10:15:43.128Z"}
{"level":"info","message":"the normal chats have been filtered","timestamp":"2024-04-22T10:15:43.207Z"}
{"level":"info","message":"chat list successfully collected","timestamp":"2024-04-22T10:16:08.706Z"}
