{"level":"error","message":"this is the normal error"}
{"level":"info","message":"this is the normal info logger"}
{"level":"error","message":"this is the normal error"}
{"level":"info","message":"this is the normal info logger"}
{"level":"error","message":"this is the normal error"}
{"level":"info","message":"this is the normal info logger"}
{"level":"error","message":"this is the normal error"}
{"level":"info","message":"this is the normal info logger"}
{"level":"error","message":"this is the normal error"}
{"level":"info","message":"this is the normal info logger"}
{"level":"error","message":"this is the normal error"}
{"level":"info","message":"this is the normal info logger"}
{"level":"error","message":"this is the normal error"}
{"level":"info","message":"this is the normal info logger"}
{"level":"error","message":"this is the normal error"}
{"level":"info","message":"this is the normal info logger"}
{"level":"error","message":"this is the normal error"}
{"level":"info","message":"this is the normal info logger"}
{"level":"error","message":"this is the normal error"}
{"level":"info","message":"this is the normal info logger"}
{"level":"error","message":"this is the normal error"}
{"level":"info","message":"this is the normal info logger"}
{"level":"error","message":"this is the normal error"}
{"level":"info","message":"this is the normal info logger"}
{"level":"error","message":"this is the normal error"}
{"level":"info","message":"this is the normal info logger"}
{"level":"error","message":"this is the normal error"}
{"level":"info","message":"this is the normal info logger"}
{"level":"error","message":"this is the normal error"}
{"level":"info","message":"this is the normal info logger"}
{"level":"error","message":"this is the normal error"}
{"level":"info","message":"this is the normal info logger"}
undefined
undefined
undefined
undefined
undefined
undefined
undefined
undefined
{"level":"error","message":"this is the normal error","timestamp":"2024-04-03T21:19:34.357Z"}
{"level":"info","message":"this is the normal info logger","timestamp":"2024-04-03T21:19:34.413Z"}
{"level":"error","message":"this is the normal error","timestamp":"2024-04-03T21:19:34.417Z"}
{"level":"info","message":"this is the normal info logger","timestamp":"2024-04-03T21:19:34.492Z"}
{"level":"error","message":"this is the normal error","timestamp":"2024-04-03T21:19:34.483Z"}
{"level":"info","message":"this is the normal info logger","timestamp":"2024-04-03T21:19:34.510Z"}
{"level":"error","message":"this is the normal error","timestamp":"2024-04-03T21:19:34.518Z"}
{"level":"info","message":"this is the normal info logger","timestamp":"2024-04-03T21:19:34.554Z"}
{"level":"error","message":"this is the normal error","timestamp":"2024-04-03T21:19:46.944Z"}
{"level":"info","message":"this is the normal info logger","timestamp":"2024-04-03T21:19:47.033Z"}
{"level":"error","message":"this is the normal error","timestamp":"2024-04-03T21:19:47.025Z"}
{"level":"info","message":"this is the normal info logger","timestamp":"2024-04-03T21:19:47.067Z"}
{"level":"error","message":"this is the normal error","timestamp":"2024-04-03T21:19:47.076Z"}
{"level":"info","message":"this is the normal info logger","timestamp":"2024-04-03T21:19:47.096Z"}
{"level":"error","message":"this is the normal error","timestamp":"2024-04-03T21:19:47.385Z"}
{"level":"info","message":"this is the normal info logger","timestamp":"2024-04-03T21:19:47.403Z"}
{"level":"error","message":"this is the normal error","timestamp":"2024-04-03T21:24:59.652Z"}
{"level":"info","message":"this is the normal info logger","timestamp":"2024-04-03T21:24:59.678Z"}
{"level":"error","message":"this is the normal error","timestamp":"2024-04-03T21:24:59.688Z"}
{"level":"info","message":"this is the normal info logger","timestamp":"2024-04-03T21:24:59.704Z"}
{"level":"error","message":"this is the normal error","timestamp":"2024-04-03T21:24:59.743Z"}
{"level":"info","message":"this is the normal info logger","timestamp":"2024-04-03T21:24:59.756Z"}
{"level":"error","message":"this is the normal error","timestamp":"2024-04-03T21:24:59.847Z"}
{"level":"info","message":"this is the normal info logger","timestamp":"2024-04-03T21:24:59.889Z"}
{"level":"error","message":"this is the normal error","timestamp":"2024-04-03T21:25:12.061Z"}
{"level":"info","message":"this is the normal info logger","timestamp":"2024-04-03T21:25:12.170Z"}
{"level":"error","message":"this is the normal error","timestamp":"2024-04-03T21:25:12.368Z"}
{"level":"info","message":"this is the normal info logger","timestamp":"2024-04-03T21:25:12.462Z"}
{"level":"error","message":"this is the normal error","timestamp":"2024-04-03T21:25:12.463Z"}
{"level":"info","message":"this is the normal info logger","timestamp":"2024-04-03T21:25:12.568Z"}
{"level":"error","message":"this is the normal error","timestamp":"2024-04-03T21:25:12.433Z"}
{"level":"info","message":"this is the normal info logger","timestamp":"2024-04-03T21:25:12.635Z"}
{"level":"error","message":"this is the normal error","timestamp":"2024-04-03T21:25:37.394Z"}
{"level":"info","message":"this is the normal info logger","timestamp":"2024-04-03T21:25:37.416Z"}
{"level":"error","message":"this is the normal error","timestamp":"2024-04-03T21:25:37.455Z"}
{"level":"info","message":"this is the normal info logger","timestamp":"2024-04-03T21:25:37.466Z"}
{"level":"error","message":"this is the normal error","timestamp":"2024-04-03T21:25:37.534Z"}
{"level":"info","message":"this is the normal info logger","timestamp":"2024-04-03T21:25:37.546Z"}
{"level":"error","message":"this is the normal error","timestamp":"2024-04-03T21:25:37.739Z"}
{"level":"info","message":"this is the normal info logger","timestamp":"2024-04-03T21:25:37.747Z"}
{"level":"error","message":"this is the normal error","timestamp":"2024-04-03T21:27:06.020Z"}
{"level":"info","message":"this is the normal info logger","timestamp":"2024-04-03T21:27:06.042Z"}
{"level":"error","message":"this is the normal error","timestamp":"2024-04-03T21:27:06.136Z"}
{"level":"info","message":"this is the normal info logger","timestamp":"2024-04-03T21:27:06.148Z"}
{"level":"error","message":"this is the normal error","timestamp":"2024-04-03T21:27:06.296Z"}
{"level":"info","message":"this is the normal info logger","timestamp":"2024-04-03T21:27:06.325Z"}
{"level":"error","message":"this is the normal error","timestamp":"2024-04-03T21:27:06.464Z"}
{"level":"info","message":"this is the normal info logger","timestamp":"2024-04-03T21:27:06.471Z"}
{"level":"error","message":"this is the normal error","timestamp":"2024-04-03T21:28:06.277Z"}
{"level":"info","message":"this is the normal info logger","timestamp":"2024-04-03T21:28:06.332Z"}
{"level":"error","message":"this is the normal error","timestamp":"2024-04-03T21:28:06.361Z"}
{"level":"info","message":"this is the normal info logger","timestamp":"2024-04-03T21:28:06.395Z"}
{"level":"error","message":"this is the normal error","timestamp":"2024-04-03T21:28:06.468Z"}
{"level":"info","message":"this is the normal info logger","timestamp":"2024-04-03T21:28:06.561Z"}
{"level":"error","message":"this is the normal error","timestamp":"2024-04-03T21:28:06.766Z"}
{"level":"info","message":"this is the normal info logger","timestamp":"2024-04-03T21:28:06.801Z"}
{"level":"error","message":"this is the normal error","timestamp":"2024-04-03T21:28:40.827Z"}
{"level":"info","message":"this is the normal info logger","timestamp":"2024-04-03T21:28:40.874Z"}
{"level":"error","message":"this is the normal error","timestamp":"2024-04-03T21:28:40.869Z"}
{"level":"info","message":"this is the normal info logger","timestamp":"2024-04-03T21:28:40.934Z"}
{"level":"error","message":"this is the normal error","timestamp":"2024-04-03T21:29:00.380Z"}
{"level":"info","message":"this is the normal info logger","timestamp":"2024-04-03T21:29:00.425Z"}
{"level":"error","message":"this is the normal error","timestamp":"2024-04-03T21:29:00.431Z"}
{"level":"info","message":"this is the normal info logger","timestamp":"2024-04-03T21:29:00.482Z"}
{"level":"error","message":"this is the normal error","timestamp":"2024-04-03T21:29:00.425Z"}
{"level":"info","message":"this is the normal info logger","timestamp":"2024-04-03T21:29:00.561Z"}
{"level":"error","message":"this is the normal error","timestamp":"2024-04-03T21:29:00.864Z"}
{"level":"info","message":"this is the normal info logger","timestamp":"2024-04-03T21:29:00.869Z"}
{"level":"error","message":"this is the normal error","timestamp":"2024-04-03T21:29:36.304Z"}
{"level":"info","message":"this is the normal info logger","timestamp":"2024-04-03T21:29:36.357Z"}
{"level":"error","message":"this is the normal error","timestamp":"2024-04-03T21:29:36.383Z"}
{"level":"info","message":"this is the normal info logger","timestamp":"2024-04-03T21:29:36.494Z"}
{"level":"error","message":"this is the normal error","timestamp":"2024-04-03T21:29:36.796Z"}
{"level":"info","message":"this is the normal info logger","timestamp":"2024-04-03T21:29:36.820Z"}
{"level":"error","message":"this is the normal error","timestamp":"2024-04-03T21:29:36.913Z"}
{"level":"info","message":"this is the normal info logger","timestamp":"2024-04-03T21:29:36.991Z"}
{"level":"error","message":"this is the normal error","timestamp":"2024-04-03T21:29:42.694Z"}
{"level":"info","message":"this is the normal info logger","timestamp":"2024-04-03T21:29:42.782Z"}
{"level":"error","message":"this is the normal error","timestamp":"2024-04-03T21:29:42.718Z"}
{"level":"info","message":"this is the normal info logger","timestamp":"2024-04-03T21:29:42.840Z"}
{"level":"error","message":"this is the normal error","timestamp":"2024-04-03T21:29:42.847Z"}
{"level":"info","message":"this is the normal info logger","timestamp":"2024-04-03T21:29:42.892Z"}
{"level":"error","message":"this is the normal error","timestamp":"2024-04-03T21:29:43.169Z"}
{"level":"info","message":"this is the normal info logger","timestamp":"2024-04-03T21:29:43.200Z"}
{"level":"error","message":"this is the normal error","timestamp":"2024-04-03T21:31:20.185Z"}
{"level":"info","message":"this is the normal info logger","timestamp":"2024-04-03T21:31:20.274Z"}
{"level":"error","message":"this is the normal error","timestamp":"2024-04-03T21:31:20.284Z"}
{"level":"info","message":"this is the normal info logger","timestamp":"2024-04-03T21:31:20.391Z"}
{"level":"error","message":"this is the normal error","timestamp":"2024-04-03T21:31:20.433Z"}
{"level":"info","message":"this is the normal info logger","timestamp":"2024-04-03T21:31:20.485Z"}
{"level":"error","message":"this is the normal error","timestamp":"2024-04-03T21:31:20.671Z"}
{"level":"info","message":"this is the normal info logger","timestamp":"2024-04-03T21:31:20.739Z"}
{"level":"error","message":"this is the normal error","timestamp":"2024-04-03T21:31:54.138Z"}
{"level":"info","message":"this is the normal info logger","timestamp":"2024-04-03T21:31:54.245Z"}
{"level":"error","message":"this is the normal error","timestamp":"2024-04-03T21:31:54.285Z"}
{"level":"info","message":"this is the normal info logger","timestamp":"2024-04-03T21:31:54.302Z"}
{"level":"error","message":"this is the normal error","timestamp":"2024-04-03T21:31:54.396Z"}
{"level":"info","message":"this is the normal info logger","timestamp":"2024-04-03T21:31:54.411Z"}
{"level":"error","message":"this is the normal error","timestamp":"2024-04-03T21:31:54.432Z"}
{"level":"info","message":"this is the normal info logger","timestamp":"2024-04-03T21:31:54.513Z"}
{"level":"error","message":"this is the normal error","timestamp":"2024-04-03T21:34:58.595Z"}
{"level":"info","message":"this is the normal info logger","timestamp":"2024-04-03T21:34:58.628Z"}
{"level":"error","message":"this is the normal error","timestamp":"2024-04-03T21:34:58.640Z"}
{"level":"info","message":"this is the normal info logger","timestamp":"2024-04-03T21:34:58.687Z"}
{"level":"error","message":"this is the normal error","timestamp":"2024-04-03T21:34:58.813Z"}
{"level":"info","message":"this is the normal info logger","timestamp":"2024-04-03T21:34:58.823Z"}
{"level":"error","message":"this is the normal error","timestamp":"2024-04-03T21:34:58.828Z"}
{"level":"info","message":"this is the normal info logger","timestamp":"2024-04-03T21:34:58.849Z"}
{"level":"error","message":"this is the normal error","timestamp":"2024-04-03T21:36:00.950Z"}
{"level":"info","message":"this is the normal info logger","timestamp":"2024-04-03T21:36:00.992Z"}
{"level":"error","message":"this is the normal error","timestamp":"2024-04-03T21:36:01.062Z"}
{"level":"info","message":"this is the normal info logger","timestamp":"2024-04-03T21:36:01.085Z"}
{"level":"error","message":"this is the normal error","timestamp":"2024-04-03T21:36:01.035Z"}
{"level":"info","message":"this is the normal info logger","timestamp":"2024-04-03T21:36:01.101Z"}
{"level":"error","message":"this is the normal error","timestamp":"2024-04-03T21:36:01.444Z"}
{"level":"info","message":"this is the normal info logger","timestamp":"2024-04-03T21:36:01.453Z"}
{"date":"Thu Apr 04 2024 15:10:23 GMT+0500 (Pakistan Standard Time)","error":{},"level":"error","message":"unhandledRejection: this error is from the create user controller\nError: this error is from the create user controller\n    at exports.createUser (D:\\Programming\\fullStack\\advanced-fullstack-projects\\chat-ape\\server\\controllers\\sessionController.js:38:15)\n    at Layer.handle [as handle_request] (D:\\Programming\\fullStack\\advanced-fullstack-projects\\chat-ape\\server\\node_modules\\express\\lib\\router\\layer.js:95:5)\n    at next (D:\\Programming\\fullStack\\advanced-fullstack-projects\\chat-ape\\server\\node_modules\\express\\lib\\router\\route.js:144:13)\n    at middleware (D:\\Programming\\fullStack\\advanced-fullstack-projects\\chat-ape\\server\\node_modules\\express-validator\\src\\middlewares\\check.js:16:13)\n    at process.processTicksAndRejections (node:internal/process/task_queues:95:5)","os":{"loadavg":[0,0,0],"uptime":329568.593},"process":{"argv":["C:\\Program Files\\nodejs\\node.exe","D:\\Programming\\fullStack\\advanced-fullstack-projects\\chat-ape\\server\\app.js"],"cwd":"D:\\Programming\\fullStack\\advanced-fullstack-projects\\chat-ape\\server","execPath":"C:\\Program Files\\nodejs\\node.exe","gid":null,"memoryUsage":{"arrayBuffers":18345346,"external":20750004,"heapTotal":30109696,"heapUsed":28585512,"rss":65830912},"pid":5224,"uid":null,"version":"v20.11.1"},"rejection":true,"stack":"Error: this error is from the create user controller\n    at exports.createUser (D:\\Programming\\fullStack\\advanced-fullstack-projects\\chat-ape\\server\\controllers\\sessionController.js:38:15)\n    at Layer.handle [as handle_request] (D:\\Programming\\fullStack\\advanced-fullstack-projects\\chat-ape\\server\\node_modules\\express\\lib\\router\\layer.js:95:5)\n    at next (D:\\Programming\\fullStack\\advanced-fullstack-projects\\chat-ape\\server\\node_modules\\express\\lib\\router\\route.js:144:13)\n    at middleware (D:\\Programming\\fullStack\\advanced-fullstack-projects\\chat-ape\\server\\node_modules\\express-validator\\src\\middlewares\\check.js:16:13)\n    at process.processTicksAndRejections (node:internal/process/task_queues:95:5)","timestamp":"2024-04-04T10:10:23.797Z","trace":[{"column":15,"file":"D:\\Programming\\fullStack\\advanced-fullstack-projects\\chat-ape\\server\\controllers\\sessionController.js","function":"exports.createUser","line":38,"method":"createUser","native":false},{"column":5,"file":"D:\\Programming\\fullStack\\advanced-fullstack-projects\\chat-ape\\server\\node_modules\\express\\lib\\router\\layer.js","function":"Layer.handle [as handle_request]","line":95,"method":"handle [as handle_request]","native":false},{"column":13,"file":"D:\\Programming\\fullStack\\advanced-fullstack-projects\\chat-ape\\server\\node_modules\\express\\lib\\router\\route.js","function":"next","line":144,"method":null,"native":false},{"column":13,"file":"D:\\Programming\\fullStack\\advanced-fullstack-projects\\chat-ape\\server\\node_modules\\express-validator\\src\\middlewares\\check.js","function":"middleware","line":16,"method":null,"native":false},{"column":5,"file":"node:internal/process/task_queues","function":"process.processTicksAndRejections","line":95,"method":"processTicksAndRejections","native":false}]}
{"date":"Thu Apr 04 2024 15:10:33 GMT+0500 (Pakistan Standard Time)","error":{},"level":"error","message":"unhandledRejection: this error is from the create user controller\nError: this error is from the create user controller\n    at exports.createUser (D:\\Programming\\fullStack\\advanced-fullstack-projects\\chat-ape\\server\\controllers\\sessionController.js:38:15)\n    at Layer.handle [as handle_request] (D:\\Programming\\fullStack\\advanced-fullstack-projects\\chat-ape\\server\\node_modules\\express\\lib\\router\\layer.js:95:5)\n    at next (D:\\Programming\\fullStack\\advanced-fullstack-projects\\chat-ape\\server\\node_modules\\express\\lib\\router\\route.js:144:13)\n    at middleware (D:\\Programming\\fullStack\\advanced-fullstack-projects\\chat-ape\\server\\node_modules\\express-validator\\src\\middlewares\\check.js:16:13)\n    at process.processTicksAndRejections (node:internal/process/task_queues:95:5)","os":{"loadavg":[0,0,0],"uptime":329578.5},"process":{"argv":["C:\\Program Files\\nodejs\\node.exe","D:\\Programming\\fullStack\\advanced-fullstack-projects\\chat-ape\\server\\app.js"],"cwd":"D:\\Programming\\fullStack\\advanced-fullstack-projects\\chat-ape\\server","execPath":"C:\\Program Files\\nodejs\\node.exe","gid":null,"memoryUsage":{"arrayBuffers":18337154,"external":20741812,"heapTotal":30109696,"heapUsed":28622168,"rss":66297856},"pid":21932,"uid":null,"version":"v20.11.1"},"rejection":true,"stack":"Error: this error is from the create user controller\n    at exports.createUser (D:\\Programming\\fullStack\\advanced-fullstack-projects\\chat-ape\\server\\controllers\\sessionController.js:38:15)\n    at Layer.handle [as handle_request] (D:\\Programming\\fullStack\\advanced-fullstack-projects\\chat-ape\\server\\node_modules\\express\\lib\\router\\layer.js:95:5)\n    at next (D:\\Programming\\fullStack\\advanced-fullstack-projects\\chat-ape\\server\\node_modules\\express\\lib\\router\\route.js:144:13)\n    at middleware (D:\\Programming\\fullStack\\advanced-fullstack-projects\\chat-ape\\server\\node_modules\\express-validator\\src\\middlewares\\check.js:16:13)\n    at process.processTicksAndRejections (node:internal/process/task_queues:95:5)","timestamp":"2024-04-04T10:10:33.700Z","trace":[{"column":15,"file":"D:\\Programming\\fullStack\\advanced-fullstack-projects\\chat-ape\\server\\controllers\\sessionController.js","function":"exports.createUser","line":38,"method":"createUser","native":false},{"column":5,"file":"D:\\Programming\\fullStack\\advanced-fullstack-projects\\chat-ape\\server\\node_modules\\express\\lib\\router\\layer.js","function":"Layer.handle [as handle_request]","line":95,"method":"handle [as handle_request]","native":false},{"column":13,"file":"D:\\Programming\\fullStack\\advanced-fullstack-projects\\chat-ape\\server\\node_modules\\express\\lib\\router\\route.js","function":"next","line":144,"method":null,"native":false},{"column":13,"file":"D:\\Programming\\fullStack\\advanced-fullstack-projects\\chat-ape\\server\\node_modules\\express-validator\\src\\middlewares\\check.js","function":"middleware","line":16,"method":null,"native":false},{"column":5,"file":"node:internal/process/task_queues","function":"process.processTicksAndRejections","line":95,"method":"processTicksAndRejections","native":false}]}
{"date":"Thu Apr 04 2024 15:11:06 GMT+0500 (Pakistan Standard Time)","error":{},"level":"error","message":"unhandledRejection: this error is from the create user controller\nError: this error is from the create user controller\n    at exports.createUser (D:\\Programming\\fullStack\\advanced-fullstack-projects\\chat-ape\\server\\controllers\\sessionController.js:38:15)\n    at Layer.handle [as handle_request] (D:\\Programming\\fullStack\\advanced-fullstack-projects\\chat-ape\\server\\node_modules\\express\\lib\\router\\layer.js:95:5)\n    at next (D:\\Programming\\fullStack\\advanced-fullstack-projects\\chat-ape\\server\\node_modules\\express\\lib\\router\\route.js:144:13)\n    at middleware (D:\\Programming\\fullStack\\advanced-fullstack-projects\\chat-ape\\server\\node_modules\\express-validator\\src\\middlewares\\check.js:16:13)\n    at process.processTicksAndRejections (node:internal/process/task_queues:95:5)","os":{"loadavg":[0,0,0],"uptime":329611.125},"process":{"argv":["C:\\Program Files\\nodejs\\node.exe","D:\\Programming\\fullStack\\advanced-fullstack-projects\\chat-ape\\server\\app.js"],"cwd":"D:\\Programming\\fullStack\\advanced-fullstack-projects\\chat-ape\\server","execPath":"C:\\Program Files\\nodejs\\node.exe","gid":null,"memoryUsage":{"arrayBuffers":18364763,"external":20769421,"heapTotal":30109696,"heapUsed":29210472,"rss":66625536},"pid":14960,"uid":null,"version":"v20.11.1"},"rejection":true,"stack":"Error: this error is from the create user controller\n    at exports.createUser (D:\\Programming\\fullStack\\advanced-fullstack-projects\\chat-ape\\server\\controllers\\sessionController.js:38:15)\n    at Layer.handle [as handle_request] (D:\\Programming\\fullStack\\advanced-fullstack-projects\\chat-ape\\server\\node_modules\\express\\lib\\router\\layer.js:95:5)\n    at next (D:\\Programming\\fullStack\\advanced-fullstack-projects\\chat-ape\\server\\node_modules\\express\\lib\\router\\route.js:144:13)\n    at middleware (D:\\Programming\\fullStack\\advanced-fullstack-projects\\chat-ape\\server\\node_modules\\express-validator\\src\\middlewares\\check.js:16:13)\n    at process.processTicksAndRejections (node:internal/process/task_queues:95:5)","timestamp":"2024-04-04T10:11:06.331Z","trace":[{"column":15,"file":"D:\\Programming\\fullStack\\advanced-fullstack-projects\\chat-ape\\server\\controllers\\sessionController.js","function":"exports.createUser","line":38,"method":"createUser","native":false},{"column":5,"file":"D:\\Programming\\fullStack\\advanced-fullstack-projects\\chat-ape\\server\\node_modules\\express\\lib\\router\\layer.js","function":"Layer.handle [as handle_request]","line":95,"method":"handle [as handle_request]","native":false},{"column":13,"file":"D:\\Programming\\fullStack\\advanced-fullstack-projects\\chat-ape\\server\\node_modules\\express\\lib\\router\\route.js","function":"next","line":144,"method":null,"native":false},{"column":13,"file":"D:\\Programming\\fullStack\\advanced-fullstack-projects\\chat-ape\\server\\node_modules\\express-validator\\src\\middlewares\\check.js","function":"middleware","line":16,"method":null,"native":false},{"column":5,"file":"node:internal/process/task_queues","function":"process.processTicksAndRejections","line":95,"method":"processTicksAndRejections","native":false}]}
{"date":"Thu Apr 04 2024 15:11:07 GMT+0500 (Pakistan Standard Time)","error":{},"level":"error","message":"unhandledRejection: this error is from the create user controller\nError: this error is from the create user controller\n    at exports.createUser (D:\\Programming\\fullStack\\advanced-fullstack-projects\\chat-ape\\server\\controllers\\sessionController.js:38:15)\n    at Layer.handle [as handle_request] (D:\\Programming\\fullStack\\advanced-fullstack-projects\\chat-ape\\server\\node_modules\\express\\lib\\router\\layer.js:95:5)\n    at next (D:\\Programming\\fullStack\\advanced-fullstack-projects\\chat-ape\\server\\node_modules\\express\\lib\\router\\route.js:144:13)\n    at middleware (D:\\Programming\\fullStack\\advanced-fullstack-projects\\chat-ape\\server\\node_modules\\express-validator\\src\\middlewares\\check.js:16:13)\n    at process.processTicksAndRejections (node:internal/process/task_queues:95:5)","os":{"loadavg":[0,0,0],"uptime":329612.562},"process":{"argv":["C:\\Program Files\\nodejs\\node.exe","D:\\Programming\\fullStack\\advanced-fullstack-projects\\chat-ape\\server\\app.js"],"cwd":"D:\\Programming\\fullStack\\advanced-fullstack-projects\\chat-ape\\server","execPath":"C:\\Program Files\\nodejs\\node.exe","gid":null,"memoryUsage":{"arrayBuffers":18353538,"external":20758196,"heapTotal":29847552,"heapUsed":28567640,"rss":65966080},"pid":14240,"uid":null,"version":"v20.11.1"},"rejection":true,"stack":"Error: this error is from the create user controller\n    at exports.createUser (D:\\Programming\\fullStack\\advanced-fullstack-projects\\chat-ape\\server\\controllers\\sessionController.js:38:15)\n    at Layer.handle [as handle_request] (D:\\Programming\\fullStack\\advanced-fullstack-projects\\chat-ape\\server\\node_modules\\express\\lib\\router\\layer.js:95:5)\n    at next (D:\\Programming\\fullStack\\advanced-fullstack-projects\\chat-ape\\server\\node_modules\\express\\lib\\router\\route.js:144:13)\n    at middleware (D:\\Programming\\fullStack\\advanced-fullstack-projects\\chat-ape\\server\\node_modules\\express-validator\\src\\middlewares\\check.js:16:13)\n    at process.processTicksAndRejections (node:internal/process/task_queues:95:5)","timestamp":"2024-04-04T10:11:07.765Z","trace":[{"column":15,"file":"D:\\Programming\\fullStack\\advanced-fullstack-projects\\chat-ape\\server\\controllers\\sessionController.js","function":"exports.createUser","line":38,"method":"createUser","native":false},{"column":5,"file":"D:\\Programming\\fullStack\\advanced-fullstack-projects\\chat-ape\\server\\node_modules\\express\\lib\\router\\layer.js","function":"Layer.handle [as handle_request]","line":95,"method":"handle [as handle_request]","native":false},{"column":13,"file":"D:\\Programming\\fullStack\\advanced-fullstack-projects\\chat-ape\\server\\node_modules\\express\\lib\\router\\route.js","function":"next","line":144,"method":null,"native":false},{"column":13,"file":"D:\\Programming\\fullStack\\advanced-fullstack-projects\\chat-ape\\server\\node_modules\\express-validator\\src\\middlewares\\check.js","function":"middleware","line":16,"method":null,"native":false},{"column":5,"file":"node:internal/process/task_queues","function":"process.processTicksAndRejections","line":95,"method":"processTicksAndRejections","native":false}]}
{"level":"error","message":"failed to update normal chat update chat input failed","stack":"Error: update chat input failed\n    at exports.updateChatData (D:\\Programming\\fullStack\\advanced-fullstack-projects\\chat-ape\\server\\controllers\\userController.js:211:24)\n    at Layer.handle [as handle_request] (D:\\Programming\\fullStack\\advanced-fullstack-projects\\chat-ape\\server\\node_modules\\express\\lib\\router\\layer.js:95:5)\n    at next (D:\\Programming\\fullStack\\advanced-fullstack-projects\\chat-ape\\server\\node_modules\\express\\lib\\router\\route.js:144:13)\n    at middleware (D:\\Programming\\fullStack\\advanced-fullstack-projects\\chat-ape\\server\\node_modules\\express-validator\\src\\middlewares\\check.js:16:13)\n    at process.processTicksAndRejections (node:internal/process/task_queues:95:5)","timestamp":"2024-04-04T13:05:12.491Z"}
{"level":"error","message":"failed to update normal chat update chat input failed","stack":"Error: update chat input failed\n    at exports.updateChatData (D:\\Programming\\fullStack\\advanced-fullstack-projects\\chat-ape\\server\\controllers\\userController.js:211:24)\n    at Layer.handle [as handle_request] (D:\\Programming\\fullStack\\advanced-fullstack-projects\\chat-ape\\server\\node_modules\\express\\lib\\router\\layer.js:95:5)\n    at next (D:\\Programming\\fullStack\\advanced-fullstack-projects\\chat-ape\\server\\node_modules\\express\\lib\\router\\route.js:144:13)\n    at middleware (D:\\Programming\\fullStack\\advanced-fullstack-projects\\chat-ape\\server\\node_modules\\express-validator\\src\\middlewares\\check.js:16:13)\n    at process.processTicksAndRejections (node:internal/process/task_queues:95:5)","timestamp":"2024-04-04T13:05:19.951Z"}
{"level":"error","message":"failed to update normal chat update chat input failed","stack":"Error: update chat input failed\n    at exports.updateChatData (D:\\Programming\\fullStack\\advanced-fullstack-projects\\chat-ape\\server\\controllers\\userController.js:211:24)\n    at Layer.handle [as handle_request] (D:\\Programming\\fullStack\\advanced-fullstack-projects\\chat-ape\\server\\node_modules\\express\\lib\\router\\layer.js:95:5)\n    at next (D:\\Programming\\fullStack\\advanced-fullstack-projects\\chat-ape\\server\\node_modules\\express\\lib\\router\\route.js:144:13)\n    at middleware (D:\\Programming\\fullStack\\advanced-fullstack-projects\\chat-ape\\server\\node_modules\\express-validator\\src\\middlewares\\check.js:16:13)\n    at process.processTicksAndRejections (node:internal/process/task_queues:95:5)","timestamp":"2024-04-04T13:07:00.469Z"}
{"level":"error","message":"failed to update normal chat update chat input failed","stack":"Error: update chat input failed\n    at exports.updateChatData (D:\\Programming\\fullStack\\advanced-fullstack-projects\\chat-ape\\server\\controllers\\userController.js:211:24)\n    at Layer.handle [as handle_request] (D:\\Programming\\fullStack\\advanced-fullstack-projects\\chat-ape\\server\\node_modules\\express\\lib\\router\\layer.js:95:5)\n    at next (D:\\Programming\\fullStack\\advanced-fullstack-projects\\chat-ape\\server\\node_modules\\express\\lib\\router\\route.js:144:13)\n    at middleware (D:\\Programming\\fullStack\\advanced-fullstack-projects\\chat-ape\\server\\node_modules\\express-validator\\src\\middlewares\\check.js:16:13)\n    at process.processTicksAndRejections (node:internal/process/task_queues:95:5)","timestamp":"2024-04-04T13:08:52.228Z"}
{"level":"error","message":"failed to update normal chat update chat input failed","stack":"Error: update chat input failed\n    at exports.updateChatData (D:\\Programming\\fullStack\\advanced-fullstack-projects\\chat-ape\\server\\controllers\\userController.js:211:24)\n    at Layer.handle [as handle_request] (D:\\Programming\\fullStack\\advanced-fullstack-projects\\chat-ape\\server\\node_modules\\express\\lib\\router\\layer.js:95:5)\n    at next (D:\\Programming\\fullStack\\advanced-fullstack-projects\\chat-ape\\server\\node_modules\\express\\lib\\router\\route.js:144:13)\n    at middleware (D:\\Programming\\fullStack\\advanced-fullstack-projects\\chat-ape\\server\\node_modules\\express-validator\\src\\middlewares\\check.js:16:13)\n    at process.processTicksAndRejections (node:internal/process/task_queues:95:5)","timestamp":"2024-04-04T15:17:03.388Z"}
{"level":"error","message":"failed to update normal chat update chat input failed","stack":"Error: update chat input failed\n    at exports.updateChatData (D:\\Programming\\fullStack\\advanced-fullstack-projects\\chat-ape\\server\\controllers\\userController.js:211:24)\n    at Layer.handle [as handle_request] (D:\\Programming\\fullStack\\advanced-fullstack-projects\\chat-ape\\server\\node_modules\\express\\lib\\router\\layer.js:95:5)\n    at next (D:\\Programming\\fullStack\\advanced-fullstack-projects\\chat-ape\\server\\node_modules\\express\\lib\\router\\route.js:144:13)\n    at middleware (D:\\Programming\\fullStack\\advanced-fullstack-projects\\chat-ape\\server\\node_modules\\express-validator\\src\\middlewares\\check.js:16:13)\n    at process.processTicksAndRejections (node:internal/process/task_queues:95:5)","timestamp":"2024-04-04T15:18:39.586Z"}
{"level":"error","message":"failed to update normal chat randomUUID is not defined","stack":"ReferenceError: randomUUID is not defined\n    at exports.updateChatData (D:\\Programming\\fullStack\\advanced-fullstack-projects\\chat-ape\\server\\controllers\\userController.js:195:40)\n    at Layer.handle [as handle_request] (D:\\Programming\\fullStack\\advanced-fullstack-projects\\chat-ape\\server\\node_modules\\express\\lib\\router\\layer.js:95:5)\n    at next (D:\\Programming\\fullStack\\advanced-fullstack-projects\\chat-ape\\server\\node_modules\\express\\lib\\router\\route.js:144:13)\n    at middleware (D:\\Programming\\fullStack\\advanced-fullstack-projects\\chat-ape\\server\\node_modules\\express-validator\\src\\middlewares\\check.js:16:13)\n    at process.processTicksAndRejections (node:internal/process/task_queues:95:5)","timestamp":"2024-04-04T15:20:19.135Z"}
{"level":"error","message":"failed to update normal chat randomUUID is not defined","stack":"ReferenceError: randomUUID is not defined\n    at exports.updateChatData (D:\\Programming\\fullStack\\advanced-fullstack-projects\\chat-ape\\server\\controllers\\userController.js:195:40)\n    at Layer.handle [as handle_request] (D:\\Programming\\fullStack\\advanced-fullstack-projects\\chat-ape\\server\\node_modules\\express\\lib\\router\\layer.js:95:5)\n    at next (D:\\Programming\\fullStack\\advanced-fullstack-projects\\chat-ape\\server\\node_modules\\express\\lib\\router\\route.js:144:13)\n    at middleware (D:\\Programming\\fullStack\\advanced-fullstack-projects\\chat-ape\\server\\node_modules\\express-validator\\src\\middlewares\\check.js:16:13)\n    at process.processTicksAndRejections (node:internal/process/task_queues:95:5)","timestamp":"2024-04-04T15:20:56.381Z"}
{"level":"error","message":"failed to update normal chat randomUUID is not defined","stack":"ReferenceError: randomUUID is not defined\n    at exports.updateChatData (D:\\Programming\\fullStack\\advanced-fullstack-projects\\chat-ape\\server\\controllers\\userController.js:195:40)\n    at Layer.handle [as handle_request] (D:\\Programming\\fullStack\\advanced-fullstack-projects\\chat-ape\\server\\node_modules\\express\\lib\\router\\layer.js:95:5)\n    at next (D:\\Programming\\fullStack\\advanced-fullstack-projects\\chat-ape\\server\\node_modules\\express\\lib\\router\\route.js:144:13)\n    at middleware (D:\\Programming\\fullStack\\advanced-fullstack-projects\\chat-ape\\server\\node_modules\\express-validator\\src\\middlewares\\check.js:16:13)\n    at process.processTicksAndRejections (node:internal/process/task_queues:95:5)","timestamp":"2024-04-04T15:22:46.514Z"}
{"level":"error","message":"failed to update normal chat randomUUID is not defined","stack":"ReferenceError: randomUUID is not defined\n    at exports.updateChatData (D:\\Programming\\fullStack\\advanced-fullstack-projects\\chat-ape\\server\\controllers\\userController.js:196:40)\n    at Layer.handle [as handle_request] (D:\\Programming\\fullStack\\advanced-fullstack-projects\\chat-ape\\server\\node_modules\\express\\lib\\router\\layer.js:95:5)\n    at next (D:\\Programming\\fullStack\\advanced-fullstack-projects\\chat-ape\\server\\node_modules\\express\\lib\\router\\route.js:144:13)\n    at middleware (D:\\Programming\\fullStack\\advanced-fullstack-projects\\chat-ape\\server\\node_modules\\express-validator\\src\\middlewares\\check.js:16:13)\n    at process.processTicksAndRejections (node:internal/process/task_queues:95:5)","timestamp":"2024-04-04T15:27:13.876Z"}
{"level":"error","message":"failed to update normal chat randomUUID is not defined","stack":"ReferenceError: randomUUID is not defined\n    at exports.updateChatData (D:\\Programming\\fullStack\\advanced-fullstack-projects\\chat-ape\\server\\controllers\\userController.js:196:40)\n    at Layer.handle [as handle_request] (D:\\Programming\\fullStack\\advanced-fullstack-projects\\chat-ape\\server\\node_modules\\express\\lib\\router\\layer.js:95:5)\n    at next (D:\\Programming\\fullStack\\advanced-fullstack-projects\\chat-ape\\server\\node_modules\\express\\lib\\router\\route.js:144:13)\n    at middleware (D:\\Programming\\fullStack\\advanced-fullstack-projects\\chat-ape\\server\\node_modules\\express-validator\\src\\middlewares\\check.js:16:13)\n    at process.processTicksAndRejections (node:internal/process/task_queues:95:5)","timestamp":"2024-04-04T15:27:29.056Z"}
{"level":"error","message":"failed to update normal chat randomUUID is not defined","stack":"ReferenceError: randomUUID is not defined\n    at exports.updateChatData (D:\\Programming\\fullStack\\advanced-fullstack-projects\\chat-ape\\server\\controllers\\userController.js:196:40)\n    at Layer.handle [as handle_request] (D:\\Programming\\fullStack\\advanced-fullstack-projects\\chat-ape\\server\\node_modules\\express\\lib\\router\\layer.js:95:5)\n    at next (D:\\Programming\\fullStack\\advanced-fullstack-projects\\chat-ape\\server\\node_modules\\express\\lib\\router\\route.js:144:13)\n    at middleware (D:\\Programming\\fullStack\\advanced-fullstack-projects\\chat-ape\\server\\node_modules\\express-validator\\src\\middlewares\\check.js:16:13)\n    at process.processTicksAndRejections (node:internal/process/task_queues:95:5)","timestamp":"2024-04-04T15:29:03.940Z"}
{"level":"error","message":"failed to update normal chat randomUUID is not defined","stack":"ReferenceError: randomUUID is not defined\n    at exports.updateChatData (D:\\Programming\\fullStack\\advanced-fullstack-projects\\chat-ape\\server\\controllers\\userController.js:196:40)\n    at Layer.handle [as handle_request] (D:\\Programming\\fullStack\\advanced-fullstack-projects\\chat-ape\\server\\node_modules\\express\\lib\\router\\layer.js:95:5)\n    at next (D:\\Programming\\fullStack\\advanced-fullstack-projects\\chat-ape\\server\\node_modules\\express\\lib\\router\\route.js:144:13)\n    at middleware (D:\\Programming\\fullStack\\advanced-fullstack-projects\\chat-ape\\server\\node_modules\\express-validator\\src\\middlewares\\check.js:16:13)\n    at process.processTicksAndRejections (node:internal/process/task_queues:95:5)","timestamp":"2024-04-04T15:30:18.874Z"}
{"date":"Thu Apr 04 2024 20:32:22 GMT+0500 (Pakistan Standard Time)","error":{},"level":"error","message":"unhandledRejection: updateChatMessageTransaction is not a function\nTypeError: updateChatMessageTransaction is not a function\n    at exports.saveChatImagePath (D:\\Programming\\fullStack\\advanced-fullstack-projects\\chat-ape\\server\\controllers\\userController.js:357:26)\n    at Layer.handle [as handle_request] (D:\\Programming\\fullStack\\advanced-fullstack-projects\\chat-ape\\server\\node_modules\\express\\lib\\router\\layer.js:95:5)\n    at next (D:\\Programming\\fullStack\\advanced-fullstack-projects\\chat-ape\\server\\node_modules\\express\\lib\\router\\route.js:144:13)\n    at done (D:\\Programming\\fullStack\\advanced-fullstack-projects\\chat-ape\\server\\node_modules\\multer\\lib\\make-middleware.js:45:7)\n    at indicateDone (D:\\Programming\\fullStack\\advanced-fullstack-projects\\chat-ape\\server\\node_modules\\multer\\lib\\make-middleware.js:49:68)\n    at D:\\Programming\\fullStack\\advanced-fullstack-projects\\chat-ape\\server\\node_modules\\multer\\lib\\make-middleware.js:155:11\n    at WriteStream.<anonymous> (D:\\Programming\\fullStack\\advanced-fullstack-projects\\chat-ape\\server\\node_modules\\multer\\storage\\disk.js:43:9)\n    at WriteStream.emit (node:events:530:35)\n    at finish (node:internal/streams/writable:945:10)\n    at node:internal/streams/writable:926:13","os":{"loadavg":[0,0,0],"uptime":348887.703},"process":{"argv":["C:\\Program Files\\nodejs\\node.exe","D:\\Programming\\fullStack\\advanced-fullstack-projects\\chat-ape\\server\\app.js"],"cwd":"D:\\Programming\\fullStack\\advanced-fullstack-projects\\chat-ape\\server","execPath":"C:\\Program Files\\nodejs\\node.exe","gid":null,"memoryUsage":{"arrayBuffers":18386681,"external":20793387,"heapTotal":31420416,"heapUsed":29244120,"rss":70762496},"pid":22204,"uid":null,"version":"v20.11.1"},"rejection":true,"stack":"TypeError: updateChatMessageTransaction is not a function\n    at exports.saveChatImagePath (D:\\Programming\\fullStack\\advanced-fullstack-projects\\chat-ape\\server\\controllers\\userController.js:357:26)\n    at Layer.handle [as handle_request] (D:\\Programming\\fullStack\\advanced-fullstack-projects\\chat-ape\\server\\node_modules\\express\\lib\\router\\layer.js:95:5)\n    at next (D:\\Programming\\fullStack\\advanced-fullstack-projects\\chat-ape\\server\\node_modules\\express\\lib\\router\\route.js:144:13)\n    at done (D:\\Programming\\fullStack\\advanced-fullstack-projects\\chat-ape\\server\\node_modules\\multer\\lib\\make-middleware.js:45:7)\n    at indicateDone (D:\\Programming\\fullStack\\advanced-fullstack-projects\\chat-ape\\server\\node_modules\\multer\\lib\\make-middleware.js:49:68)\n    at D:\\Programming\\fullStack\\advanced-fullstack-projects\\chat-ape\\server\\node_modules\\multer\\lib\\make-middleware.js:155:11\n    at WriteStream.<anonymous> (D:\\Programming\\fullStack\\advanced-fullstack-projects\\chat-ape\\server\\node_modules\\multer\\storage\\disk.js:43:9)\n    at WriteStream.emit (node:events:530:35)\n    at finish (node:internal/streams/writable:945:10)\n    at node:internal/streams/writable:926:13","timestamp":"2024-04-04T15:32:22.907Z","trace":[{"column":26,"file":"D:\\Programming\\fullStack\\advanced-fullstack-projects\\chat-ape\\server\\controllers\\userController.js","function":"exports.saveChatImagePath","line":357,"method":"saveChatImagePath","native":false},{"column":5,"file":"D:\\Programming\\fullStack\\advanced-fullstack-projects\\chat-ape\\server\\node_modules\\express\\lib\\router\\layer.js","function":"Layer.handle [as handle_request]","line":95,"method":"handle [as handle_request]","native":false},{"column":13,"file":"D:\\Programming\\fullStack\\advanced-fullstack-projects\\chat-ape\\server\\node_modules\\express\\lib\\router\\route.js","function":"next","line":144,"method":null,"native":false},{"column":7,"file":"D:\\Programming\\fullStack\\advanced-fullstack-projects\\chat-ape\\server\\node_modules\\multer\\lib\\make-middleware.js","function":"done","line":45,"method":null,"native":false},{"column":68,"file":"D:\\Programming\\fullStack\\advanced-fullstack-projects\\chat-ape\\server\\node_modules\\multer\\lib\\make-middleware.js","function":"indicateDone","line":49,"method":null,"native":false},{"column":11,"file":"D:\\Programming\\fullStack\\advanced-fullstack-projects\\chat-ape\\server\\node_modules\\multer\\lib\\make-middleware.js","function":null,"line":155,"method":null,"native":false},{"column":9,"file":"D:\\Programming\\fullStack\\advanced-fullstack-projects\\chat-ape\\server\\node_modules\\multer\\storage\\disk.js","function":null,"line":43,"method":null,"native":false},{"column":35,"file":"node:events","function":"WriteStream.emit","line":530,"method":"emit","native":false},{"column":10,"file":"node:internal/streams/writable","function":"finish","line":945,"method":null,"native":false},{"column":13,"file":"node:internal/streams/writable","function":null,"line":926,"method":null,"native":false}]}
{"date":"Thu Apr 04 2024 20:32:22 GMT+0500 (Pakistan Standard Time)","error":{},"level":"error","message":"unhandledRejection: updateChatMessageTransaction is not a function\nTypeError: updateChatMessageTransaction is not a function\n    at exports.saveChatImagePath (D:\\Programming\\fullStack\\advanced-fullstack-projects\\chat-ape\\server\\controllers\\userController.js:357:26)\n    at Layer.handle [as handle_request] (D:\\Programming\\fullStack\\advanced-fullstack-projects\\chat-ape\\server\\node_modules\\express\\lib\\router\\layer.js:95:5)\n    at next (D:\\Programming\\fullStack\\advanced-fullstack-projects\\chat-ape\\server\\node_modules\\express\\lib\\router\\route.js:144:13)\n    at done (D:\\Programming\\fullStack\\advanced-fullstack-projects\\chat-ape\\server\\node_modules\\multer\\lib\\make-middleware.js:45:7)\n    at indicateDone (D:\\Programming\\fullStack\\advanced-fullstack-projects\\chat-ape\\server\\node_modules\\multer\\lib\\make-middleware.js:49:68)\n    at D:\\Programming\\fullStack\\advanced-fullstack-projects\\chat-ape\\server\\node_modules\\multer\\lib\\make-middleware.js:155:11\n    at WriteStream.<anonymous> (D:\\Programming\\fullStack\\advanced-fullstack-projects\\chat-ape\\server\\node_modules\\multer\\storage\\disk.js:43:9)\n    at WriteStream.emit (node:events:530:35)\n    at finish (node:internal/streams/writable:945:10)\n    at node:internal/streams/writable:926:13","os":{"loadavg":[0,0,0],"uptime":348887.765},"process":{"argv":["C:\\Program Files\\nodejs\\node.exe","D:\\Programming\\fullStack\\advanced-fullstack-projects\\chat-ape\\server\\app.js"],"cwd":"D:\\Programming\\fullStack\\advanced-fullstack-projects\\chat-ape\\server","execPath":"C:\\Program Files\\nodejs\\node.exe","gid":null,"memoryUsage":{"arrayBuffers":18439764,"external":20855664,"heapTotal":32468992,"heapUsed":30010832,"rss":71516160},"pid":11552,"uid":null,"version":"v20.11.1"},"rejection":true,"stack":"TypeError: updateChatMessageTransaction is not a function\n    at exports.saveChatImagePath (D:\\Programming\\fullStack\\advanced-fullstack-projects\\chat-ape\\server\\controllers\\userController.js:357:26)\n    at Layer.handle [as handle_request] (D:\\Programming\\fullStack\\advanced-fullstack-projects\\chat-ape\\server\\node_modules\\express\\lib\\router\\layer.js:95:5)\n    at next (D:\\Programming\\fullStack\\advanced-fullstack-projects\\chat-ape\\server\\node_modules\\express\\lib\\router\\route.js:144:13)\n    at done (D:\\Programming\\fullStack\\advanced-fullstack-projects\\chat-ape\\server\\node_modules\\multer\\lib\\make-middleware.js:45:7)\n    at indicateDone (D:\\Programming\\fullStack\\advanced-fullstack-projects\\chat-ape\\server\\node_modules\\multer\\lib\\make-middleware.js:49:68)\n    at D:\\Programming\\fullStack\\advanced-fullstack-projects\\chat-ape\\server\\node_modules\\multer\\lib\\make-middleware.js:155:11\n    at WriteStream.<anonymous> (D:\\Programming\\fullStack\\advanced-fullstack-projects\\chat-ape\\server\\node_modules\\multer\\storage\\disk.js:43:9)\n    at WriteStream.emit (node:events:530:35)\n    at finish (node:internal/streams/writable:945:10)\n    at node:internal/streams/writable:926:13","timestamp":"2024-04-04T15:32:22.956Z","trace":[{"column":26,"file":"D:\\Programming\\fullStack\\advanced-fullstack-projects\\chat-ape\\server\\controllers\\userController.js","function":"exports.saveChatImagePath","line":357,"method":"saveChatImagePath","native":false},{"column":5,"file":"D:\\Programming\\fullStack\\advanced-fullstack-projects\\chat-ape\\server\\node_modules\\express\\lib\\router\\layer.js","function":"Layer.handle [as handle_request]","line":95,"method":"handle [as handle_request]","native":false},{"column":13,"file":"D:\\Programming\\fullStack\\advanced-fullstack-projects\\chat-ape\\server\\node_modules\\express\\lib\\router\\route.js","function":"next","line":144,"method":null,"native":false},{"column":7,"file":"D:\\Programming\\fullStack\\advanced-fullstack-projects\\chat-ape\\server\\node_modules\\multer\\lib\\make-middleware.js","function":"done","line":45,"method":null,"native":false},{"column":68,"file":"D:\\Programming\\fullStack\\advanced-fullstack-projects\\chat-ape\\server\\node_modules\\multer\\lib\\make-middleware.js","function":"indicateDone","line":49,"method":null,"native":false},{"column":11,"file":"D:\\Programming\\fullStack\\advanced-fullstack-projects\\chat-ape\\server\\node_modules\\multer\\lib\\make-middleware.js","function":null,"line":155,"method":null,"native":false},{"column":9,"file":"D:\\Programming\\fullStack\\advanced-fullstack-projects\\chat-ape\\server\\node_modules\\multer\\storage\\disk.js","function":null,"line":43,"method":null,"native":false},{"column":35,"file":"node:events","function":"WriteStream.emit","line":530,"method":"emit","native":false},{"column":10,"file":"node:internal/streams/writable","function":"finish","line":945,"method":null,"native":false},{"column":13,"file":"node:internal/streams/writable","function":null,"line":926,"method":null,"native":false}]}
